Log file: ./leap.log
>> #
>> # ----- leaprc for loading the ff14SB force field
>> # ----- NOTE: this is designed for PDB format 3!
>> #
>> #	load atom type hybridizations
>> #
>> addAtomTypes {
>> 	{ "H"   "H" "sp3" }
>> 	{ "HO"  "H" "sp3" }
>> 	{ "HS"  "H" "sp3" }
>> 	{ "H1"  "H" "sp3" }
>> 	{ "H2"  "H" "sp3" }
>> 	{ "H3"  "H" "sp3" }
>> 	{ "H4"  "H" "sp3" }
>> 	{ "H5"  "H" "sp3" }
>> 	{ "HW"  "H" "sp3" }
>> 	{ "HC"  "H" "sp3" }
>> 	{ "HA"  "H" "sp3" }
>> 	{ "HP"  "H" "sp3" }
>> 	{ "HZ"  "H" "sp3" }
>> 	{ "OH"  "O" "sp3" }
>> 	{ "OS"  "O" "sp3" }
>> 	{ "O"   "O" "sp2" }
>> 	{ "O2"  "O" "sp2" }
>> 	{ "OP"  "O" "sp2" }
>> 	{ "OW"  "O" "sp3" }
>> 	{ "CT"  "C" "sp3" }
>> 	{ "CX"  "C" "sp3" }
>> 	{ "C8"  "C" "sp3" }
>> 	{ "2C"  "C" "sp3" }
>> 	{ "3C"  "C" "sp3" }
>> 	{ "CH"  "C" "sp3" }
>> 	{ "CS"  "C" "sp2" }
>> 	{ "C"   "C" "sp2" }
>> 	{ "CO"   "C" "sp2" }
>> 	{ "C*"  "C" "sp2" }
>> 	{ "CA"  "C" "sp2" }
>> 	{ "CB"  "C" "sp2" }
>> 	{ "CC"  "C" "sp2" }
>> 	{ "CN"  "C" "sp2" }
>> 	{ "CM"  "C" "sp2" }
>> 	{ "CK"  "C" "sp2" }
>> 	{ "CQ"  "C" "sp2" }
>> 	{ "CD"  "C" "sp2" }
>> 	{ "C5"  "C" "sp2" }
>> 	{ "C4"  "C" "sp2" }
>> 	{ "CP"  "C" "sp2" }
>> 	{ "CI"  "C" "sp3" }
>> 	{ "CJ"  "C" "sp2" }
>> 	{ "CW"  "C" "sp2" }
>> 	{ "CV"  "C" "sp2" }
>> 	{ "CR"  "C" "sp2" }
>> 	{ "CA"  "C" "sp2" }
>> 	{ "CY"  "C" "sp2" }
>> 	{ "C0"  "Ca" "sp3" }
>> 	{ "MG"  "Mg" "sp3" }
>> 	{ "N"   "N" "sp2" }
>> 	{ "NA"  "N" "sp2" }
>> 	{ "N2"  "N" "sp2" }
>> 	{ "N*"  "N" "sp2" }
>> 	{ "NP"  "N" "sp2" }
>> 	{ "NQ"  "N" "sp2" }
>> 	{ "NB"  "N" "sp2" }
>> 	{ "NC"  "N" "sp2" }
>> 	{ "NT"  "N" "sp3" }
>> 	{ "NY"  "N" "sp2" }
>> 	{ "N3"  "N" "sp3" }
>> 	{ "S"   "S" "sp3" }
>> 	{ "SH"  "S" "sp3" }
>> 	{ "P"   "P" "sp3" }
>> 	{ "LP"  ""  "sp3" }
>> 	{ "EP"  ""  "sp3" }
>> 	{ "F"   "F" "sp3" }
>> 	{ "Cl"  "Cl" "sp3" }
>> 	{ "Br"  "Br" "sp3" }
>> 	{ "I"   "I"  "sp3" }
>> }
>> #
>> #	Load the main parameter set.
>> #
>> parm10 = loadamberparams parm10.dat
Loading parameters: /home/rotation/rliu/software/amber_master_cphmd_cu118/dat/leap/parm/parm10.dat
Reading title:
PARM99 + frcmod.ff99SB + frcmod.parmbsc0 + OL3 for RNA
>> frcmod14SB = loadamberparams frcmod.ff14SB
Loading parameters: /home/rotation/rliu/software/amber_master_cphmd_cu118/dat/leap/parm/frcmod.ff14SB
Reading force field modification type file (frcmod)
Reading title:
ff14SB protein backbone and sidechain parameters
>> #
>> #	Load main chain and terminating amino acid libraries
>> #
>> loadOff amino12.lib
Loading library: /home/rotation/rliu/software/amber_master_cphmd_cu118/dat/leap/lib/amino12.lib
Loading: ALA
Loading: ARG
Loading: ASH
Loading: ASN
Loading: ASP
Loading: CYM
Loading: CYS
Loading: CYX
Loading: GLH
Loading: GLN
Loading: GLU
Loading: GLY
Loading: HID
Loading: HIE
Loading: HIP
Loading: HYP
Loading: ILE
Loading: LEU
Loading: LYN
Loading: LYS
Loading: MET
Loading: PHE
Loading: PRO
Loading: SER
Loading: THR
Loading: TRP
Loading: TYR
Loading: VAL
>> loadOff aminoct12.lib
Loading library: /home/rotation/rliu/software/amber_master_cphmd_cu118/dat/leap/lib/aminoct12.lib
Loading: CALA
Loading: CARG
Loading: CASN
Loading: CASP
Loading: CCYS
Loading: CCYX
Loading: CGLN
Loading: CGLU
Loading: CGLY
Loading: CHID
Loading: CHIE
Loading: CHIP
Loading: CHYP
Loading: CILE
Loading: CLEU
Loading: CLYS
Loading: CMET
Loading: CPHE
Loading: CPRO
Loading: CSER
Loading: CTHR
Loading: CTRP
Loading: CTYR
Loading: CVAL
Loading: NHE
Loading: NME
>> loadOff aminont12.lib
Loading library: /home/rotation/rliu/software/amber_master_cphmd_cu118/dat/leap/lib/aminont12.lib
Loading: ACE
Loading: NALA
Loading: NARG
Loading: NASN
Loading: NASP
Loading: NCYS
Loading: NCYX
Loading: NGLN
Loading: NGLU
Loading: NGLY
Loading: NHID
Loading: NHIE
Loading: NHIP
Loading: NILE
Loading: NLEU
Loading: NLYS
Loading: NMET
Loading: NPHE
Loading: NPRO
Loading: NSER
Loading: NTHR
Loading: NTRP
Loading: NTYR
Loading: NVAL
>> 
>> #
>> #	Define the PDB name map for the amino acids
>> #
>> addPdbResMap {
>>   { 0 "HYP" "HYP" } { 1 "HYP" "CHYP" }
>>   { 0 "ALA" "NALA" } { 1 "ALA" "CALA" }
>>   { 0 "ARG" "NARG" } { 1 "ARG" "CARG" }
>>   { 0 "ASN" "NASN" } { 1 "ASN" "CASN" }
>>   { 0 "ASP" "NASP" } { 1 "ASP" "CASP" }
>>   { 0 "CYS" "NCYS" } { 1 "CYS" "CCYS" }
>>   { 0 "CYX" "NCYX" } { 1 "CYX" "CCYX" }
>>   { 0 "GLN" "NGLN" } { 1 "GLN" "CGLN" }
>>   { 0 "GLU" "NGLU" } { 1 "GLU" "CGLU" }
>>   { 0 "GLY" "NGLY" } { 1 "GLY" "CGLY" }
>>   { 0 "HID" "NHID" } { 1 "HID" "CHID" }
>>   { 0 "HIE" "NHIE" } { 1 "HIE" "CHIE" }
>>   { 0 "HIP" "NHIP" } { 1 "HIP" "CHIP" }
>>   { 0 "ILE" "NILE" } { 1 "ILE" "CILE" }
>>   { 0 "LEU" "NLEU" } { 1 "LEU" "CLEU" }
>>   { 0 "LYS" "NLYS" } { 1 "LYS" "CLYS" }
>>   { 0 "MET" "NMET" } { 1 "MET" "CMET" }
>>   { 0 "PHE" "NPHE" } { 1 "PHE" "CPHE" }
>>   { 0 "PRO" "NPRO" } { 1 "PRO" "CPRO" }
>>   { 0 "SER" "NSER" } { 1 "SER" "CSER" }
>>   { 0 "THR" "NTHR" } { 1 "THR" "CTHR" }
>>   { 0 "TRP" "NTRP" } { 1 "TRP" "CTRP" }
>>   { 0 "TYR" "NTYR" } { 1 "TYR" "CTYR" }
>>   { 0 "VAL" "NVAL" } { 1 "VAL" "CVAL" }
>>   { 0 "HIS" "NHIS" } { 1 "HIS" "CHIS" }
>> }
>> 
>> #
>> # assume that most often proteins use HIE
>> #
>> NHIS = NHIE
>> HIS = HIE
>> CHIS = CHIE
> 
> source leaprc.water.tip3p
----- Source: /home/rotation/rliu/software/amber_master_cphmd_cu118/dat/leap/cmd/leaprc.water.tip3p
----- Source of /home/rotation/rliu/software/amber_master_cphmd_cu118/dat/leap/cmd/leaprc.water.tip3p done
>> #
>> #       Load water and ions for TIP3P + Li/Merz monovalent ions 
>> #       + Joung-Chetham monovalent ions
>> #       + Li/Merz highly charged ions (+2 to +4, 12-6 normal usage set)
>> #
>> #       Note: the Li/Merz monovalent set is loaded only to get Tl+,
>> #          Cu+, Ag+ NH4+, H3O+.  Since we load Joung-Cheatham second,
>> #          the alkali halide parameters come from the Joung-Cheatham set
>> #
>> addAtomTypes {
>> 	{ "HW"  "H" "sp3" }
>> 	{ "OW"  "O" "sp3" }
>> 	{ "F-"   "F" "sp3" }
>> 	{ "Cl-"  "Cl" "sp3" }
>> 	{ "Br-"  "Br" "sp3" }
>> 	{ "I-"   "I"  "sp3" }
>> 	{ "Li+"  "Li"  "sp3" }
>> 	{ "Na+"  "Na"  "sp3" }
>> 	{ "K+"  "K"  "sp3" }
>> 	{ "Rb+"  "Rb"  "sp3" }
>> 	{ "Cs+"  "Cs"  "sp3" }
>> 	{ "Mg+"  "Mg"  "sp3" }
>>     { "Tl+"  "Tl"  "sp3" }
>>     { "Cu+"  "Cu"  "sp3" }
>>     { "Ag+"  "Ag"  "sp3" }
>>     { "NH4+"  "N"  "sp3" }
>>     { "H3O+"  "O"  "sp3" }
>>     { "Be2+" "Be"  "sp3" }
>>     { "Cu2+" "Cu"  "sp3" }
>>     { "Ni2+" "Ni"  "sp3" }
>>     { "Pt2+" "Pt"  "sp3" }
>>     { "Zn2+" "Zn"  "sp3" }
>>     { "Co2+" "Co"  "sp3" }
>>     { "Pd2+" "Pd"  "sp3" }
>>     { "Ag2+" "Ag"  "sp3" }
>>     { "Cr2+" "Cr"  "sp3" }
>>     { "Fe2+" "Fe"  "sp3" }
>>     { "Mg2+" "Mg"  "sp3" }
>>     { "V2+"  "V"   "sp3" }
>>     { "Mn2+" "Mn"  "sp3" }
>>     { "Hg2+" "Hg"  "sp3" }
>>     { "Cd2+" "Cd"  "sp3" }
>>     { "Yb2+" "Yb"  "sp3" }
>>     { "Ca2+" "Ca"  "sp3" }
>>     { "Sn2+" "Sn"  "sp3" }
>>     { "Pb2+" "Pb"  "sp3" }
>>     { "Eu2+" "Eu"  "sp3" }
>>     { "Sr2+" "Sr"  "sp3" }
>>     { "Sm2+" "Sm"  "sp3" }
>>     { "Ba2+" "Ba"  "sp3" }
>>     { "Ra2+" "Ra"  "sp3" }
>>     { "Al3+" "Al"  "sp3" }
>>     { "Fe3+" "Fe"  "sp3" }
>>     { "Cr3+" "Cr"  "sp3" }
>>     { "In3+" "In"  "sp3" }
>>     { "Tl3+" "Tl"  "sp3" }
>>     { "Y3+"  "Y"   "sp3" }
>>     { "La3+" "La"  "sp3" }
>>     { "Ce3+" "Ce"  "sp3" }
>>     { "Pr3+" "Pr"  "sp3" }
>>     { "Nd3+" "Nd"  "sp3" }
>>     { "Sm3+" "Sm"  "sp3" }
>>     { "Eu3+" "Eu"  "sp3" }
>>     { "Gd3+" "Gd"  "sp3" }
>>     { "Tb3+" "Tb"  "sp3" }
>>     { "Dy3+" "Dy"  "sp3" }
>>     { "Er3+" "Er"  "sp3" }
>>     { "Tm3+" "Tm"  "sp3" }
>>     { "Lu3+" "Lu"  "sp3" }
>>     { "Hf4+" "Hf"  "sp3" }
>>     { "Zr4+" "Zr"  "sp3" }
>>     { "Ce4+" "Ce"  "sp3" }
>>     { "U4+"  "U"   "sp3" }
>>     { "Pu4+" "Pu"  "sp3" }
>>     { "Th4+" "Th"  "sp3" }
>> }
>> loadOff atomic_ions.lib
Loading library: /home/rotation/rliu/software/amber_master_cphmd_cu118/dat/leap/lib/atomic_ions.lib
Loading: AG
Loading: AL
Loading: Ag
Loading: BA
Loading: BR
Loading: Be
Loading: CA
Loading: CD
Loading: CE
Loading: CL
Loading: CO
Loading: CR
Loading: CS
Loading: CU
Loading: CU1
Loading: Ce
Loading: Cl-
Loading: Cr
Loading: Dy
Loading: EU
Loading: EU3
Loading: Er
Loading: F
Loading: FE
Loading: FE2
Loading: GD3
Loading: H3O+
Loading: HE+
Loading: HG
Loading: HZ+
Loading: Hf
Loading: IN
Loading: IOD
Loading: K
Loading: K+
Loading: LA
Loading: LI
Loading: LU
Loading: MG
Loading: MN
Loading: NA
Loading: NH4
Loading: NI
Loading: Na+
Loading: Nd
Loading: PB
Loading: PD
Loading: PR
Loading: PT
Loading: Pu
Loading: RB
Loading: Ra
Loading: SM
Loading: SR
Loading: Sm
Loading: Sn
Loading: TB
Loading: TL
Loading: Th
Loading: Tl
Loading: Tm
Loading: U4+
Loading: V2+
Loading: Y
Loading: YB2
Loading: ZN
Loading: Zr
>> loadOff solvents.lib
Loading library: /home/rotation/rliu/software/amber_master_cphmd_cu118/dat/leap/lib/solvents.lib
Loading: CHCL3BOX
Loading: DC4
Loading: FB3
Loading: FB3BOX
Loading: FB4
Loading: FB4BOX
Loading: MEOHBOX
Loading: NMABOX
Loading: O3P
Loading: OP3
Loading: OPC
Loading: OPC3BOX
Loading: OPC3POLBOX
Loading: OPCBOX
Loading: PL3
Loading: POL3BOX
Loading: QSPCFWBOX
Loading: SPC
Loading: SPCBOX
Loading: SPCFWBOX
Loading: SPF
Loading: SPG
Loading: T4E
Loading: TIP3PBOX
Loading: TIP3PFBOX
Loading: TIP4PBOX
Loading: TIP4PEWBOX
Loading: TIP5PBOX
Loading: TP3
Loading: TP4
Loading: TP5
Loading: TPF
>> HOH = TP3
>> WAT = TP3
>> loadAmberParams frcmod.tip3p
Loading parameters: /home/rotation/rliu/software/amber_master_cphmd_cu118/dat/leap/parm/frcmod.tip3p
Reading force field modification type file (frcmod)
Reading title:
This is the additional/replacement parameter set for TIP3P water
>> loadAmberParams frcmod.ions1lm_126_tip3p
Loading parameters: /home/rotation/rliu/software/amber_master_cphmd_cu118/dat/leap/parm/frcmod.ions1lm_126_tip3p
Reading force field modification type file (frcmod)
Reading title:
Li/Merz ion parameters of monovalent ions for TIP3P water model (12-6 normal usage set)
>> loadAmberParams frcmod.ionsjc_tip3p
Loading parameters: /home/rotation/rliu/software/amber_master_cphmd_cu118/dat/leap/parm/frcmod.ionsjc_tip3p
Reading force field modification type file (frcmod)
Reading title:
Monovalent ion parameters for Ewald and TIP3P water from Joung & Cheatham JPCB (2008)
>> loadAmberParams frcmod.ions234lm_126_tip3p
Loading parameters: /home/rotation/rliu/software/amber_master_cphmd_cu118/dat/leap/parm/frcmod.ions234lm_126_tip3p
Reading force field modification type file (frcmod)
Reading title:
Li/Merz ion parameters of divalent to tetravalent ions for TIP3P water model (12-6 normal usage set)
>> 
> 
> set default PBradii mbondi
Using modified Bondi radii
> loadamberparams frcmod.phmd
Loading parameters: ./frcmod.phmd
Reading force field modification type file (frcmod)
Reading title:
!Force field modifications for continuous phmd simulations (Feb 2018)
> loadamberparams frcmod.ff99cufix                   # Says ff99, but their site says it should work for ff99 and ff14
Loading parameters: /home/rotation/rliu/software/amber_master_cphmd_cu118/dat/leap/parm/frcmod.ff99cufix
Reading force field modification type file (frcmod)
Reading title:
CUFIX that works with any ff99 #awk '{print $1,$2, $4*1.12246204831/2*10, $5/4.184, $4*1.12246204831/2*10, $5/4.184}' /home/jejoong/SVN/gmxlib/amber99sb-ildn-phi-bsc0.ff/nbfix.itp

Warning: Incomplete LJEDIT line (skipping):
# Na+    Cl-      1.941      0.0557858    1.941     0.0557858    

Warning: Incomplete LJEDIT line (skipping):
# cation-Br/I

Warning: Incomplete LJEDIT line (skipping):
# cation-O2

Warning: Incomplete LJEDIT line (skipping):
# cation-ON2 for DNA/RNA

Warning: Incomplete LJEDIT line (skipping):
; amine-acetate 

Warning: Incomplete LJEDIT line (skipping):
; amine-phosphate 

Warning: Incomplete LJEDIT line (skipping):
; carbon-carbon 0 0
(UNKNOWN ATOM TYPE: ON2)
> loadoff phmd.lib
Loading library: ./phmd.lib
Loading: AS2
Loading: GL2
> model = loadpdb 2lzt_ready.pdb                      # Load PDB
Loading PDB file: ./2lzt_ready.pdb

Warning: Name change in pdb file residue 1 ;
this residue is split into ACE and LYS.

Warning: Name change in pdb file residue 129 ;
this residue is split into LEU and NHE.

Note: 2 residues had naming warnings.
Thus, there are split residues;
residue sequence numbers will not correspond to those in the pdb.
Matching PDB residue names to LEaP variables.
Starting new chain with TP3
Starting new chain with TP3
Starting new chain with TP3
Starting new chain with TP3
Starting new chain with TP3
Starting new chain with TP3
Starting new chain with TP3
Starting new chain with TP3
Starting new chain with TP3
Starting new chain with TP3
Starting new chain with TP3
Starting new chain with TP3
Starting new chain with TP3
Starting new chain with TP3
Starting new chain with TP3
Starting new chain with TP3
Starting new chain with TP3
Starting new chain with TP3
Starting new chain with TP3
Starting new chain with TP3
Starting new chain with TP3
Starting new chain with TP3
Starting new chain with TP3
Starting new chain with TP3
Starting new chain with TP3
Starting new chain with TP3
Starting new chain with TP3
Starting new chain with TP3
Starting new chain with TP3
Starting new chain with TP3
Starting new chain with TP3
Starting new chain with TP3
Starting new chain with TP3
Starting new chain with TP3
Starting new chain with TP3
Starting new chain with TP3
Starting new chain with TP3
Starting new chain with TP3
Starting new chain with TP3
Starting new chain with TP3
Starting new chain with TP3
Starting new chain with TP3
Starting new chain with TP3
Starting new chain with TP3
Starting new chain with TP3
Starting new chain with TP3
Starting new chain with TP3
Starting new chain with TP3
Starting new chain with TP3
Starting new chain with TP3
Starting new chain with TP3
Starting new chain with TP3
Starting new chain with TP3
Starting new chain with TP3
Starting new chain with TP3
Starting new chain with TP3
Starting new chain with TP3
Starting new chain with TP3
Starting new chain with TP3
Starting new chain with TP3
Starting new chain with TP3
Starting new chain with TP3
Starting new chain with TP3
Starting new chain with TP3
Starting new chain with TP3
Starting new chain with TP3
Starting new chain with TP3
Starting new chain with TP3
Starting new chain with TP3
Starting new chain with TP3
Starting new chain with TP3
Starting new chain with TP3
Starting new chain with TP3
Starting new chain with TP3
Starting new chain with TP3
Starting new chain with TP3
Starting new chain with TP3
Starting new chain with TP3
Starting new chain with TP3
Starting new chain with TP3
Starting new chain with TP3
Starting new chain with TP3
Starting new chain with TP3
Starting new chain with TP3
Starting new chain with TP3
Starting new chain with TP3
Starting new chain with TP3
Starting new chain with TP3
Starting new chain with TP3
Starting new chain with TP3
Starting new chain with TP3
Starting new chain with TP3
Starting new chain with TP3
Starting new chain with TP3
Starting new chain with TP3
Starting new chain with TP3
Starting new chain with TP3
Starting new chain with TP3
Starting new chain with TP3
Starting new chain with TP3
Starting new chain with TP3
Starting new chain with TP3
Starting new chain with TP3
Starting new chain with TP3
Starting new chain with TP3
Starting new chain with TP3
Starting new chain with TP3
Starting new chain with TP3
Starting new chain with TP3
Starting new chain with TP3
Starting new chain with TP3
Starting new chain with TP3
Starting new chain with TP3
Starting new chain with TP3
Starting new chain with TP3
Starting new chain with TP3
Starting new chain with TP3
Starting new chain with TP3
Starting new chain with TP3
Starting new chain with TP3
Starting new chain with TP3
Starting new chain with TP3
Starting new chain with TP3
Starting new chain with TP3
Starting new chain with TP3
Starting new chain with TP3
Starting new chain with TP3
Starting new chain with TP3
Starting new chain with TP3
Starting new chain with TP3
Starting new chain with TP3
Starting new chain with TP3
Starting new chain with TP3
Starting new chain with TP3
Starting new chain with TP3
Starting new chain with TP3
Starting new chain with TP3
Starting new chain with TP3
Starting new chain with TP3
Starting new chain with TP3
Starting new chain with TP3
Starting new chain with TP3
Starting new chain with TP3
Starting new chain with TP3
Starting new chain with TP3
Starting new chain with TP3
Starting new chain with TP3
Starting new chain with TP3
Starting new chain with TP3
Starting new chain with TP3
Starting new chain with TP3
Starting new chain with TP3
Starting new chain with TP3
Starting new chain with TP3
Starting new chain with TP3
Starting new chain with TP3
Starting new chain with TP3
Starting new chain with TP3
Starting new chain with TP3
Starting new chain with TP3
Starting new chain with TP3
Starting new chain with TP3
Starting new chain with TP3
Starting new chain with TP3
Starting new chain with TP3
Starting new chain with TP3
Starting new chain with TP3
Starting new chain with TP3
Starting new chain with TP3
Starting new chain with TP3
Starting new chain with TP3
Starting new chain with TP3
Starting new chain with TP3
Starting new chain with TP3
Starting new chain with TP3
Starting new chain with TP3
Starting new chain with TP3
Starting new chain with TP3
Starting new chain with TP3
Starting new chain with TP3
Starting new chain with TP3
Starting new chain with TP3
Starting new chain with TP3
Starting new chain with TP3
Starting new chain with TP3
Starting new chain with TP3
Starting new chain with TP3
Starting new chain with TP3
Starting new chain with TP3
Starting new chain with TP3
Starting new chain with TP3
Starting new chain with TP3
Starting new chain with TP3
Starting new chain with TP3
Starting new chain with TP3
Starting new chain with TP3
Starting new chain with TP3
Starting new chain with TP3
  total atoms in file: 2582
  Leap added 8 missing atoms according to residue templates:
       8 H / lone pairs
> solvateoct model TIP3PBOX 15 0.75
Scaling up box by a factor of 1.298367 to meet diagonal cut criterion
  Solute vdw bounding box:              38.364 48.729 58.028
  Total bounding box for atom centers:  96.979 96.979 96.979
      (box expansion for 'iso' is  38.7%)
  Solvent unit box:                     18.774 18.774 18.774
The number of boxes:  x= 6  y= 6  z= 6
  Volume: 470294.872 A^3 (oct)
  Total mass 260480.162 amu,  Density 0.920 g/cc
  Added 13461 residues.
> addions model Na+ 32
Adding 32 counter ions to "model" using 1A grid
Total solute charge:  18.00  Max atom radius:   2.00
Grid extends from solute vdw + 4.39  to  10.39
Box:
   enclosing:  -33.34 -31.14 -21.22   22.14 32.66 32.22
   sized:			      30.66 32.86 42.78
   edge:        64.00
Resolution:      1.00 Angstrom.
Tree depth: 6
Volume = 16.08% of box, grid points 42144
Solvent present: replacing closest with ion
	 when steric overlaps occur
Calculating grid charges
(Replacing solvent molecule)
Placed Na+ in model at (-1.53, -28.97, 16.35).
(Replacing solvent molecule)
Placed Na+ in model at (-27.76, -5.27, -13.83).
(Replacing solvent molecule)
Placed Na+ in model at (-19.99, -26.55, -6.92).
(Replacing solvent molecule)
Placed Na+ in model at (2.98, 15.38, 29.29).
(Replacing solvent molecule)
Placed Na+ in model at (7.57, -11.59, -14.65).
(Replacing solvent molecule)
Placed Na+ in model at (19.41, 25.58, -6.35).
(Replacing solvent molecule)
Placed Na+ in model at (-17.24, 25.88, 11.22).
(Replacing solvent molecule)
Placed Na+ in model at (-30.73, -13.25, 15.87).
(Replacing solvent molecule)
Placed Na+ in model at (-21.01, -27.53, 8.13).
(Replacing solvent molecule)
Placed Na+ in model at (16.04, 23.07, 14.51).
(Replacing solvent molecule)
Placed Na+ in model at (-27.60, 5.19, 17.57).
(Replacing solvent molecule)
Placed Na+ in model at (13.50, -6.04, 19.60).
(Replacing solvent molecule)
Placed Na+ in model at (-5.65, -27.83, -9.80).
(Replacing solvent molecule)
Placed Na+ in model at (16.36, -5.82, -3.08).
(Replacing solvent molecule)
Placed Na+ in model at (-10.71, 4.36, 32.24).
(Replacing solvent molecule)
Placed Na+ in model at (1.06, 32.59, -2.77).
(Replacing solvent molecule)
Placed Na+ in model at (-15.01, -10.17, -18.92).
(Replacing solvent molecule)
Placed Na+ in model at (4.02, -24.39, 2.75).
(Replacing solvent molecule)
Placed Na+ in model at (-31.72, 5.91, -1.25).
(Replacing solvent molecule)
Placed Na+ in model at (15.02, 19.20, -14.74).
(Replacing solvent molecule)
Placed Na+ in model at (-6.55, -22.40, 22.72).
(Replacing solvent molecule)
Placed Na+ in model at (-31.18, -12.90, 0.88).
(Replacing solvent molecule)
Placed Na+ in model at (-4.59, 21.77, -17.59).
(Replacing solvent molecule)
Placed Na+ in model at (1.23, 26.72, 18.27).
(Replacing solvent molecule)
Placed Na+ in model at (-2.14, -3.17, 28.98).
(Replacing solvent molecule)
Placed Na+ in model at (1.74, -0.82, -20.69).
(Replacing solvent molecule)
Placed Na+ in model at (-24.78, 16.88, 14.44).
(Replacing solvent molecule)
Placed Na+ in model at (17.51, 12.83, 20.91).
(Replacing solvent molecule)
Placed Na+ in model at (-16.47, 8.59, -16.22).
(Replacing solvent molecule)
Placed Na+ in model at (5.47, -21.21, 14.41).
(Replacing solvent molecule)
Placed Na+ in model at (-24.07, -16.79, -10.71).
(Replacing solvent molecule)
Placed Na+ in model at (12.07, 29.32, -3.08).

Done adding ions.
> addions model Cl- 40
Adding 40 counter ions to "model" using 1A grid
Total solute charge:  50.00  Max atom radius:   2.00
Grid extends from solute vdw + 8.67  to  14.67
Box:
   enclosing:  -46.39 -43.64 -35.36   34.07 47.25 46.90
   sized:			      81.61 84.36 92.64
   edge:        128.00
Resolution:      1.00 Angstrom.
Tree depth: 7
Volume =  5.15% of box, grid points 108010
Solvent present: replacing closest with ion
	 when steric overlaps occur
Calculating grid charges
(Replacing solvent molecule)
Placed Cl- in model at (6.80, 14.48, -14.28).
(Replacing solvent molecule)
Placed Cl- in model at (0.57, -12.64, 19.49).
(Replacing solvent molecule)
Placed Cl- in model at (-23.95, 10.25, -6.35).
(Replacing solvent molecule)
Placed Cl- in model at (4.52, 26.42, 6.84).
(Replacing solvent molecule)
Placed Cl- in model at (-11.50, -1.61, -18.55).
(Replacing solvent molecule)
Placed Cl- in model at (16.05, 8.59, 10.33).
(Replacing solvent molecule)
Placed Cl- in model at (-19.33, 10.46, 22.66).
(Replacing solvent molecule)
Placed Cl- in model at (-15.30, -18.65, -13.75).
(Replacing solvent molecule)
Placed Cl- in model at (9.89, 18.68, 21.70).
(Replacing solvent molecule)
Placed Cl- in model at (-11.79, -11.97, 21.70).
(Replacing solvent molecule)
Placed Cl- in model at (8.39, -15.21, 1.30).
(Replacing solvent molecule)
Placed Cl- in model at (-6.32, 11.10, -19.71).
(Replacing solvent molecule)
Placed Cl- in model at (-25.47, -23.61, 1.32).
(Replacing solvent molecule)
Placed Cl- in model at (1.10, 26.56, -11.08).
(Replacing solvent molecule)
Placed Cl- in model at (-31.46, 9.59, 10.50).
(Replacing solvent molecule)
Placed Cl- in model at (-5.64, -30.58, 1.24).
(Replacing solvent molecule)
Placed Cl- in model at (-6.22, 21.15, 21.38).
(Replacing solvent molecule)
Placed Cl- in model at (-34.10, -4.30, -3.90).
(Replacing solvent molecule)
Placed Cl- in model at (16.33, 24.28, 6.14).
(Replacing solvent molecule)
Placed Cl- in model at (-0.80, -16.63, -12.32).
(Replacing solvent molecule)
Placed Cl- in model at (7.39, 1.71, 25.57).
(Replacing solvent molecule)
Placed Cl- in model at (9.54, -1.68, -13.31).
(Replacing solvent molecule)
Placed Cl- in model at (-22.47, -19.22, 16.41).
(Replacing solvent molecule)
Placed Cl- in model at (-9.10, 26.19, 3.58).
(Replacing solvent molecule)
Placed Cl- in model at (-17.64, -1.10, 25.52).
(Replacing solvent molecule)
Placed Cl- in model at (20.23, 13.86, -5.47).
(Replacing solvent molecule)
Placed Cl- in model at (7.57, -11.59, 11.90).
(Replacing solvent molecule)
Placed Cl- in model at (-30.59, -3.58, 11.31).
(Replacing solvent molecule)
Placed Cl- in model at (-14.08, 17.06, -14.47).
(Replacing solvent molecule)
Placed Cl- in model at (6.77, -29.06, 10.83).
(Replacing solvent molecule)
Placed Cl- in model at (13.05, 29.53, -12.78).
(Replacing solvent molecule)
Placed Cl- in model at (7.57, 34.40, -14.65).
(Replacing solvent molecule)
Placed Cl- in model at (-1.45, 6.20, 34.36).
(Replacing solvent molecule)
Placed Cl- in model at (-23.95, -12.74, -19.63).
(Replacing solvent molecule)
Placed Cl- in model at (-22.88, 19.84, 5.75).
(Replacing solvent molecule)
Placed Cl- in model at (-14.05, -28.65, 14.81).
(Replacing solvent molecule)
Placed Cl- in model at (17.21, 4.34, -0.48).
(Replacing solvent molecule)
Placed Cl- in model at (-33.99, -13.75, -9.46).
(Replacing solvent molecule)
Placed Cl- in model at (26.20, 11.10, -19.71).
(Replacing solvent molecule)
Placed Cl- in model at (3.20, -24.43, 22.98).

Done adding ions.
> charge model
Total unperturbed charge:  10.000000
Total perturbed charge:    10.000000
> savepdb model 2lzt_cphmd.pdb
Writing pdb file: 2lzt_cphmd.pdb
   printing CRYST1 record to PDB file with box info
> saveamberparm model 2lzt_cphmd.prmtop 2lzt_cphmd.rst7
Checking Unit.

Warning: The unperturbed charge of the unit (10.000000) is not zero.

Note: Ignoring the warning from Unit Checking.

Building topology.
Building atom parameters.
Building bond parameters.
Building angle parameters.
Building proper torsion parameters.
Building improper torsion parameters.
 total 442 improper torsions applied
Building H-Bond parameters.
Incorporating Non-Bonded adjustments.
Not Marking per-residue atom chain types.
Marking per-residue atom chain types.
  (Residues lacking connect0/connect1 - 
   these don't have chain types marked:

	res	total affected

	WAT	13588
  )
 (no restraints)
> quit
	Quit

Exiting LEaP: Errors = 0; Warnings = 10; Notes = 2.
