log started: Wed May 22 11:43:55 2024

Log file: ./leap.log
>> #
>> # ----- leaprc for loading the ff19SB force field
>> # ----- NOTE: this is designed for PDB format 3!
>> #
>> #	load atom type hybridizations
>> #
>> addAtomTypes {
>> 	{ "H"   "H" "sp3" }
>> 	{ "HO"  "H" "sp3" }
>> 	{ "HS"  "H" "sp3" }
>> 	{ "H1"  "H" "sp3" }
>> 	{ "H2"  "H" "sp3" }
>> 	{ "H3"  "H" "sp3" }
>> 	{ "H4"  "H" "sp3" }
>> 	{ "H5"  "H" "sp3" }
>> 	{ "HW"  "H" "sp3" }
>> 	{ "HC"  "H" "sp3" }
>> 	{ "HA"  "H" "sp3" }
>> 	{ "HP"  "H" "sp3" }
>> 	{ "HZ"  "H" "sp3" }
>> 	{ "OH"  "O" "sp3" }
>> 	{ "OS"  "O" "sp3" }
>> 	{ "O"   "O" "sp2" }
>> 	{ "O2"  "O" "sp2" }
>> 	{ "OP"  "O" "sp2" }
>> 	{ "OW"  "O" "sp3" }
>> 	{ "CT"  "C" "sp3" }
>> 	{ "CX"  "C" "sp3" }
>> 	{ "XC"  "C" "sp3" }
>> 	{ "C8"  "C" "sp3" }
>> 	{ "2C"  "C" "sp3" }
>> 	{ "3C"  "C" "sp3" }
>> 	{ "CH"  "C" "sp3" }
>> 	{ "CS"  "C" "sp2" }
>> 	{ "C"   "C" "sp2" }
>> 	{ "CO"   "C" "sp2" }
>> 	{ "C*"  "C" "sp2" }
>> 	{ "CA"  "C" "sp2" }
>> 	{ "CB"  "C" "sp2" }
>> 	{ "CC"  "C" "sp2" }
>> 	{ "CN"  "C" "sp2" }
>> 	{ "CM"  "C" "sp2" }
>> 	{ "CK"  "C" "sp2" }
>> 	{ "CQ"  "C" "sp2" }
>> 	{ "CD"  "C" "sp2" }
>> 	{ "C5"  "C" "sp2" }
>> 	{ "C4"  "C" "sp2" }
>> 	{ "CP"  "C" "sp2" }
>> 	{ "CI"  "C" "sp3" }
>> 	{ "CJ"  "C" "sp2" }
>> 	{ "CW"  "C" "sp2" }
>> 	{ "CV"  "C" "sp2" }
>> 	{ "CR"  "C" "sp2" }
>> 	{ "CA"  "C" "sp2" }
>> 	{ "CY"  "C" "sp2" }
>> 	{ "C0"  "Ca" "sp3" }
>> 	{ "MG"  "Mg" "sp3" }
>> 	{ "N"   "N" "sp2" }
>> 	{ "NA"  "N" "sp2" }
>> 	{ "N2"  "N" "sp2" }
>> 	{ "N*"  "N" "sp2" }
>> 	{ "NP"  "N" "sp2" }
>> 	{ "NQ"  "N" "sp2" }
>> 	{ "NB"  "N" "sp2" }
>> 	{ "NC"  "N" "sp2" }
>> 	{ "NT"  "N" "sp3" }
>> 	{ "NY"  "N" "sp2" }
>> 	{ "N3"  "N" "sp3" }
>> 	{ "S"   "S" "sp3" }
>> 	{ "SH"  "S" "sp3" }
>> 	{ "P"   "P" "sp3" }
>> 	{ "LP"  ""  "sp3" }
>> 	{ "EP"  ""  "sp3" }
>> 	{ "F"   "F" "sp3" }
>> 	{ "Cl"  "Cl" "sp3" }
>> 	{ "Br"  "Br" "sp3" }
>> 	{ "I"   "I"  "sp3" }
>> }
>> #
>> #	Load the main parameter set.
>> #
>> set default cmap on
>> parm19 = loadamberparams parm19.dat
Loading parameters: /home/craigp/anaconda3/envs/AmberTools23/dat/leap/parm/parm19.dat
Reading title:
PARM99 + frcmod.ff99SB + frcmod.parmbsc0 + OL3 for RNA + ff19SB
(UNKNOWN ATOM TYPE: Zn)
(UNKNOWN ATOM TYPE: EP)
>> frcmod19SB = loadamberparams frcmod.ff19SB
Loading parameters: /home/craigp/anaconda3/envs/AmberTools23/dat/leap/parm/frcmod.ff19SB
Reading force field modification type file (frcmod)
Reading title:
ff19SB AA-specific backbone CMAPs for protein 07/25/2019
>> #
>> #	Load main chain and terminating amino acid libraries
>> #
>> loadOff amino19.lib
Loading library: /home/craigp/anaconda3/envs/AmberTools23/dat/leap/lib/amino19.lib
Loading: ALA
Loading: ARG
Loading: ASH
Loading: ASN
Loading: ASP
Loading: CYM
Loading: CYS
Loading: CYX
Loading: GLH
Loading: GLN
Loading: GLU
Loading: GLY
Loading: HID
Loading: HIE
Loading: HIP
Loading: HYP
Loading: ILE
Loading: LEU
Loading: LYN
Loading: LYS
Loading: MET
Loading: PHE
Loading: PRO
Loading: SER
Loading: THR
Loading: TRP
Loading: TYR
Loading: VAL
>> loadOff aminoct12.lib
Loading library: /home/craigp/anaconda3/envs/AmberTools23/dat/leap/lib/aminoct12.lib
Loading: CALA
Loading: CARG
Loading: CASN
Loading: CASP
Loading: CCYS
Loading: CCYX
Loading: CGLN
Loading: CGLU
Loading: CGLY
Loading: CHID
Loading: CHIE
Loading: CHIP
Loading: CHYP
Loading: CILE
Loading: CLEU
Loading: CLYS
Loading: CMET
Loading: CPHE
Loading: CPRO
Loading: CSER
Loading: CTHR
Loading: CTRP
Loading: CTYR
Loading: CVAL
Loading: NHE
Loading: NME
>> loadOff aminont12.lib
Loading library: /home/craigp/anaconda3/envs/AmberTools23/dat/leap/lib/aminont12.lib
Loading: ACE
Loading: NALA
Loading: NARG
Loading: NASN
Loading: NASP
Loading: NCYS
Loading: NCYX
Loading: NGLN
Loading: NGLU
Loading: NGLY
Loading: NHID
Loading: NHIE
Loading: NHIP
Loading: NILE
Loading: NLEU
Loading: NLYS
Loading: NMET
Loading: NPHE
Loading: NPRO
Loading: NSER
Loading: NTHR
Loading: NTRP
Loading: NTYR
Loading: NVAL
>> 
>> #
>> #	Define the PDB name map for the amino acids
>> #
>> addPdbResMap {
>>   { 0 "HYP" "NHYP" } { 1 "HYP" "CHYP" }
>>   { 0 "ALA" "NALA" } { 1 "ALA" "CALA" }
>>   { 0 "ARG" "NARG" } { 1 "ARG" "CARG" }
>>   { 0 "ASN" "NASN" } { 1 "ASN" "CASN" }
>>   { 0 "ASP" "NASP" } { 1 "ASP" "CASP" }
>>   { 0 "CYS" "NCYS" } { 1 "CYS" "CCYS" }
>>   { 0 "CYX" "NCYX" } { 1 "CYX" "CCYX" }
>>   { 0 "GLN" "NGLN" } { 1 "GLN" "CGLN" }
>>   { 0 "GLU" "NGLU" } { 1 "GLU" "CGLU" }
>>   { 0 "GLY" "NGLY" } { 1 "GLY" "CGLY" }
>>   { 0 "HID" "NHID" } { 1 "HID" "CHID" }
>>   { 0 "HIE" "NHIE" } { 1 "HIE" "CHIE" }
>>   { 0 "HIP" "NHIP" } { 1 "HIP" "CHIP" }
>>   { 0 "ILE" "NILE" } { 1 "ILE" "CILE" }
>>   { 0 "LEU" "NLEU" } { 1 "LEU" "CLEU" }
>>   { 0 "LYS" "NLYS" } { 1 "LYS" "CLYS" }
>>   { 0 "MET" "NMET" } { 1 "MET" "CMET" }
>>   { 0 "PHE" "NPHE" } { 1 "PHE" "CPHE" }
>>   { 0 "PRO" "NPRO" } { 1 "PRO" "CPRO" }
>>   { 0 "SER" "NSER" } { 1 "SER" "CSER" }
>>   { 0 "THR" "NTHR" } { 1 "THR" "CTHR" }
>>   { 0 "TRP" "NTRP" } { 1 "TRP" "CTRP" }
>>   { 0 "TYR" "NTYR" } { 1 "TYR" "CTYR" }
>>   { 0 "VAL" "NVAL" } { 1 "VAL" "CVAL" }
>>   { 0 "HIS" "NHIS" } { 1 "HIS" "CHIS" }
>> }
>> 
>> #
>> # assume that most often proteins use HIE
>> #
>> NHIS = NHIE
>> HIS = HIE
>> CHIS = CHIE
> 
> source leaprc.gaff
----- Source: /home/craigp/anaconda3/envs/AmberTools23/dat/leap/cmd/leaprc.gaff
----- Source of /home/craigp/anaconda3/envs/AmberTools23/dat/leap/cmd/leaprc.gaff done
>> logFile leap.log
log started: Wed May 22 11:43:55 2024

Log file: ./leap.log
>> #
>> # ----- leaprc for loading the general Amber Force field.
>> #       This file is mostly for use with Antechamber
>> #
>> #	load atom type hybridizations
>> #
>> addAtomTypes {
>> 	{ "h1"  "H" "sp3" }
>> 	{ "h2"  "H" "sp3" }
>> 	{ "h3"  "H" "sp3" }
>> 	{ "h4"  "H" "sp3" }
>> 	{ "h5"  "H" "sp3" }
>> 	{ "ha"  "H" "sp3" }
>> 	{ "hc"  "H" "sp3" }
>> 	{ "hn"  "H" "sp3" }
>> 	{ "ho"  "H" "sp3" }
>> 	{ "hp"  "H" "sp3" }
>> 	{ "hs"  "H" "sp3" }
>> 	{ "hw"  "H" "sp3" }
>> 	{ "hx"  "H" "sp3" }
>> 	{ "o"  "O" "sp2" }
>> 	{ "o2"  "O" "sp2" }
>> 	{ "oh"  "O" "sp3" }
>> 	{ "op"  "O" "sp3" }
>> 	{ "oq"  "O" "sp3" }
>> 	{ "os"  "O" "sp3" }
>> 	{ "ow"  "O" "sp3" }
>> 	{ "c"  "C" "sp2" }
>> 	{ "c1"  "C" "sp2" }
>> 	{ "c2"  "C" "sp2" }
>> 	{ "c3"  "C" "sp3" }
>> 	{ "ca"  "C" "sp2" }
>> 	{ "cc"  "C" "sp2" }
>> 	{ "cd"  "C" "sp2" }
>> 	{ "ce"  "C" "sp2" }
>> 	{ "cf"  "C" "sp2" }
>> 	{ "cg"  "C" "sp2" }
>> 	{ "ch"  "C" "sp2" }
>> 	{ "cp"  "C" "sp2" }
>> 	{ "cq"  "C" "sp2" }
>> 	{ "cu"  "C" "sp2" }
>> 	{ "cv"  "C" "sp2" }
>> 	{ "cx"  "C" "sp2" }
>> 	{ "cy"  "C" "sp2" }
>> 	{ "cz"  "C" "sp2" }
>> 	{ "n"   "N" "sp2" }
>> 	{ "n1"  "N" "sp2" }
>> 	{ "n2"  "N" "sp2" }
>> 	{ "n3"  "N" "sp3" }
>> 	{ "n4"  "N" "sp3" }
>> 	{ "na"  "N" "sp2" }
>> 	{ "nb"  "N" "sp2" }
>> 	{ "nc"  "N" "sp2" }
>> 	{ "nd"  "N" "sp2" }
>> 	{ "ne"  "N" "sp2" }
>> 	{ "nf"  "N" "sp2" }
>> 	{ "nh"  "N" "sp2" }
>> 	{ "ni"  "N" "sp2" }
>> 	{ "nj"  "N" "sp2" }
>> 	{ "nk"  "N" "sp3" }
>> 	{ "nl"  "N" "sp3" }
>> 	{ "nm"  "N" "sp2" }
>> 	{ "nn"  "N" "sp2" }
>> 	{ "no"  "N" "sp2" }
>> 	{ "np"  "N" "sp3" }
>> 	{ "nq"  "N" "sp3" }
>> 	{ "s"   "S" "sp2" }
>> 	{ "s2"   "S" "sp2" }
>> 	{ "s3"   "S" "sp3" }
>> 	{ "s4"   "S" "sp3" }
>> 	{ "s6"   "S" "sp3" }
>> 	{ "sh"   "S" "sp3" }
>> 	{ "sp"   "S" "sp3" }
>> 	{ "sq"   "S" "sp3" }
>> 	{ "ss"   "S" "sp3" }
>> 	{ "sx"   "S" "sp3" }
>> 	{ "sy"   "S" "sp3" }
>> 	{ "p2"   "P" "sp2" }
>> 	{ "p3"   "P" "sp3" }
>> 	{ "p4"   "P" "sp3" }
>> 	{ "p5"   "P" "sp3" }
>> 	{ "pb"   "P" "sp3" }
>> 	{ "pc"   "P" "sp3" }
>> 	{ "pd"   "P" "sp3" }
>> 	{ "pe"   "P" "sp3" }
>> 	{ "pf"   "P" "sp3" }
>> 	{ "px"   "P" "sp3" }
>> 	{ "py"   "P" "sp3" }
>> 	{ "f"   "F" "sp3" }
>> 	{ "cl"  "Cl" "sp3" }
>> 	{ "br"  "Br" "sp3" }
>> 	{ "i"   "I"  "sp3" }
>> }
>> #
>> #	Load the general force field parameter set.
>> #
>> gaff = loadamberparams gaff.dat
Loading parameters: /home/craigp/anaconda3/envs/AmberTools23/dat/leap/parm/gaff.dat
Reading title:
AMBER General Force Field for organic molecules (Version 1.81, May 2017)
> 
> source leaprc.water.opc
----- Source: /home/craigp/anaconda3/envs/AmberTools23/dat/leap/cmd/leaprc.water.opc
----- Source of /home/craigp/anaconda3/envs/AmberTools23/dat/leap/cmd/leaprc.water.opc done
>> #
>> #  Load OPC water model and ions for OPC + Li/Merz ion parameters
>> #  (-1 to +4, 12-6 normal usage set)
>> # 
>> addAtomTypes {
>> 	{ "F-"   "F" "sp3" }
>> 	{ "Cl-"  "Cl" "sp3" }
>> 	{ "Br-"  "Br" "sp3" }
>> 	{ "I-"   "I"  "sp3" }
>> 	{ "Li+"  "Li"  "sp3" }
>> 	{ "Na+"  "Na"  "sp3" }
>> 	{ "K+"  "K"  "sp3" }
>> 	{ "Rb+"  "Rb"  "sp3" }
>> 	{ "Cs+"  "Cs"  "sp3" }
>> 	{ "Mg+"  "Mg"  "sp3" }
>>     { "Tl+"  "Tl"  "sp3" }
>>     { "Cu+"  "Cu"  "sp3" }
>>     { "Ag+"  "Ag"  "sp3" }
>>     { "Be2+" "Be"  "sp3" }
>>     { "Cu2+" "Cu"  "sp3" }
>>     { "Ni2+" "Ni"  "sp3" }
>>     { "Pt2+" "Pt"  "sp3" }
>>     { "Zn2+" "Zn"  "sp3" }
>>     { "Co2+" "Co"  "sp3" }
>>     { "Pd2+" "Pd"  "sp3" }
>>     { "Ag2+" "Ag"  "sp3" }
>>     { "Cr2+" "Cr"  "sp3" }
>>     { "Fe2+" "Fe"  "sp3" }
>>     { "Mg2+" "Mg"  "sp3" }
>>     { "V2+"  "V"   "sp3" }
>>     { "Mn2+" "Mn"  "sp3" }
>>     { "Hg2+" "Hg"  "sp3" }
>>     { "Cd2+" "Cd"  "sp3" }
>>     { "Yb2+" "Yb"  "sp3" }
>>     { "Ca2+" "Ca"  "sp3" }
>>     { "Sn2+" "Sn"  "sp3" }
>>     { "Pb2+" "Pb"  "sp3" }
>>     { "Eu2+" "Eu"  "sp3" }
>>     { "Sr2+" "Sr"  "sp3" }
>>     { "Sm2+" "Sm"  "sp3" }
>>     { "Ba2+" "Ba"  "sp3" }
>>     { "Ra2+" "Ra"  "sp3" }
>>     { "Al3+" "Al"  "sp3" }
>>     { "Fe3+" "Fe"  "sp3" }
>>     { "Cr3+" "Cr"  "sp3" }
>>     { "In3+" "In"  "sp3" }
>>     { "Tl3+" "Tl"  "sp3" }
>>     { "Y3+"  "Y"   "sp3" }
>>     { "La3+" "La"  "sp3" }
>>     { "Ce3+" "Ce"  "sp3" }
>>     { "Pr3+" "Pr"  "sp3" }
>>     { "Nd3+" "Nd"  "sp3" }
>>     { "Sm3+" "Sm"  "sp3" }
>>     { "Eu3+" "Eu"  "sp3" }
>>     { "Gd3+" "Gd"  "sp3" }
>>     { "Tb3+" "Tb"  "sp3" }
>>     { "Dy3+" "Dy"  "sp3" }
>>     { "Er3+" "Er"  "sp3" }
>>     { "Tm3+" "Tm"  "sp3" }
>>     { "Lu3+" "Lu"  "sp3" }
>>     { "Hf4+" "Hf"  "sp3" }
>>     { "Zr4+" "Zr"  "sp3" }
>>     { "Ce4+" "Ce"  "sp3" }
>>     { "U4+"  "U"   "sp3" }
>>     { "Pu4+" "Pu"  "sp3" }
>>     { "Th4+" "Th"  "sp3" }
>>     { "OW"   "O"   "sp3" }
>>     { "HW"   "H"   "sp3" }
>>     { "EP"   ""    "sp3" }
>> }
>> loadOff atomic_ions.lib
Loading library: /home/craigp/anaconda3/envs/AmberTools23/dat/leap/lib/atomic_ions.lib
Loading: AG
Loading: AL
Loading: Ag
Loading: BA
Loading: BR
Loading: Be
Loading: CA
Loading: CD
Loading: CE
Loading: CL
Loading: CO
Loading: CR
Loading: CS
Loading: CU
Loading: CU1
Loading: Ce
Loading: Cl-
Loading: Cr
Loading: Dy
Loading: EU
Loading: EU3
Loading: Er
Loading: F
Loading: FE
Loading: FE2
Loading: GD3
Loading: H3O+
Loading: HE+
Loading: HG
Loading: HZ+
Loading: Hf
Loading: IN
Loading: IOD
Loading: K
Loading: K+
Loading: LA
Loading: LI
Loading: LU
Loading: MG
Loading: MN
Loading: NA
Loading: NH4
Loading: NI
Loading: Na+
Loading: Nd
Loading: PB
Loading: PD
Loading: PR
Loading: PT
Loading: Pu
Loading: RB
Loading: Ra
Loading: SM
Loading: SR
Loading: Sm
Loading: Sn
Loading: TB
Loading: TL
Loading: Th
Loading: Tl
Loading: Tm
Loading: U4+
Loading: V2+
Loading: Y
Loading: YB2
Loading: ZN
Loading: Zr
>> loadOff solvents.lib
Loading library: /home/craigp/anaconda3/envs/AmberTools23/dat/leap/lib/solvents.lib
Loading: CHCL3BOX
Loading: DC4
Loading: FB3
Loading: FB3BOX
Loading: FB4
Loading: FB4BOX
Loading: MEOHBOX
Loading: NMABOX
Loading: O3P
Loading: OP3
Loading: OPC
Loading: OPC3BOX
Loading: OPC3POLBOX
Loading: OPCBOX
Loading: PL3
Loading: POL3BOX
Loading: QSPCFWBOX
Loading: SPC
Loading: SPCBOX
Loading: SPCFWBOX
Loading: SPF
Loading: SPG
Loading: T4E
Loading: TIP3PBOX
Loading: TIP3PFBOX
Loading: TIP4PBOX
Loading: TIP4PEWBOX
Loading: TIP5PBOX
Loading: TP3
Loading: TP4
Loading: TP5
Loading: TPF
>> HOH = OPC
>> WAT = OPC
>> loadAmberParams frcmod.opc
Loading parameters: /home/craigp/anaconda3/envs/AmberTools23/dat/leap/parm/frcmod.opc
Reading force field modification type file (frcmod)
Reading title:
Parameters for OPC water (JPCL, 2014, 5 (21), pp 3863-3871)
(UNKNOWN ATOM TYPE: EP)
>> loadAmberParams frcmod.ionslm_126_opc
Loading parameters: /home/craigp/anaconda3/envs/AmberTools23/dat/leap/parm/frcmod.ionslm_126_opc
Reading force field modification type file (frcmod)
Reading title:
Li/Merz ion parameters of atomic ions for the OPC water model (12-6 set)
>> 
> 
> set default PBradii mbondi
Using modified Bondi radii
> loadamberparams frcmod.phmd
Loading parameters: ./frcmod.phmd
Reading force field modification type file (frcmod)
Reading title:
!Force field modifications for continuous phmd simulations (Feb 2018)
> load off phmd.lib

Error: Error from the parser: 
       syntax error.
       Check for typos, misspellings, etc.
       Try help on the command name and desc on the command arguments.

> loadoff phmd.lib
Loading library: ./phmd.lib
Loading: AS2
Loading: GL2
> solvateoct model OPCBOX 15 0.75

Error: solvateOct: Argument #1 is of type String must be of type: [unit]
    Here are some suggestions for correcting this error:
    Verify the type of an argument with the desc command.
    Check for alternate argument names with the list command.
usage:  solvateOct <solute> <solvent> <buffer> [aniso] [closeness]
> model = loadpdb A_amber.pdb
Loading PDB file: ./A_amber.pdb

Warning: Name change in pdb file residue 1 ;
this residue is split into ACE and ASN.

Warning: Name change in pdb file residue 365 ;
this residue is split into LYS and NHE.

Note: 2 residues had naming warnings.
Thus, there are split residues;
residue sequence numbers will not correspond to those in the pdb.
Matching PDB residue names to LEaP variables.
  total atoms in file: 5970
> solvateoct model OPCBOX 15 0.75
Scaling up box by a factor of 1.271164 to meet diagonal cut criterion
  Solute vdw bounding box:              79.066 46.787 56.465
  Total bounding box for atom centers:  117.201 117.201 117.201
      (box expansion for 'iso' is  71.0%)
  Solvent unit box:                     18.865 18.478 19.006
The number of boxes:  x= 7  y= 7  z= 7
  Volume: 825722.787 A^3 (oct)
  Total mass 463795.656 amu,  Density 0.933 g/cc
  Added 23426 residues.
> addions model Na+ 63
Adding 63 counter ions to "model" using 1A grid
Total solute charge:  68.00  Max atom radius:   1.98
Grid extends from solute vdw + 5.87  to  11.85
Box:
   enclosing:  -37.08 -40.27 -38.34   44.89 43.96 44.28
   sized:			      90.92 87.73 89.66
   edge:        128.00
Resolution:      1.00 Angstrom.
Tree depth: 7
Volume =  4.25% of box, grid points 89200
Solvent present: replacing closest with ion
	 when steric overlaps occur
Calculating grid charges
(Replacing solvent molecule)
Placed Na+ in model at (-32.17, 30.48, -17.95).
(Replacing solvent molecule)
Placed Na+ in model at (37.97, 10.10, 38.97).
(Replacing solvent molecule)
Placed Na+ in model at (-18.68, 43.03, -25.97).
(Replacing solvent molecule)
Placed Na+ in model at (-28.02, 20.38, -33.90).
(Replacing solvent molecule)
Placed Na+ in model at (-30.87, -24.81, 23.97).
(Replacing solvent molecule)
Placed Na+ in model at (28.62, -5.54, 41.47).
(Replacing solvent molecule)
Placed Na+ in model at (-7.70, 42.36, 2.85).
(Replacing solvent molecule)
Placed Na+ in model at (44.41, 11.50, 19.38).
(Replacing solvent molecule)
Placed Na+ in model at (12.62, 33.75, -26.01).
(Replacing solvent molecule)
Placed Na+ in model at (-8.11, -37.86, -0.73).
(Replacing solvent molecule)
Placed Na+ in model at (41.82, 11.53, 2.47).
(Replacing solvent molecule)
Placed Na+ in model at (-20.05, -6.79, 31.77).
(Replacing solvent molecule)
Placed Na+ in model at (-11.30, 37.09, -34.27).
(Replacing solvent molecule)
Placed Na+ in model at (6.51, 33.89, 18.82).
(Replacing solvent molecule)
Placed Na+ in model at (-22.94, -26.46, -16.46).
(Replacing solvent molecule)
Placed Na+ in model at (23.69, 10.39, 41.22).
(Replacing solvent molecule)
Placed Na+ in model at (4.32, -31.33, -19.23).
(Replacing solvent molecule)
Placed Na+ in model at (40.37, -4.88, 32.21).
(Replacing solvent molecule)
Placed Na+ in model at (22.75, 10.89, -27.71).
(Replacing solvent molecule)
Placed Na+ in model at (-33.67, -7.70, 19.61).
(Replacing solvent molecule)
Placed Na+ in model at (-21.28, 38.31, -9.15).
(Replacing solvent molecule)
Placed Na+ in model at (23.37, -31.21, -2.56).
(Replacing solvent molecule)
Placed Na+ in model at (23.88, 26.21, 26.70).
(Replacing solvent molecule)
Placed Na+ in model at (-6.65, -38.70, 16.05).
(Replacing solvent molecule)
Placed Na+ in model at (6.59, 40.47, -0.97).
(Replacing solvent molecule)
Placed Na+ in model at (-11.54, -1.41, -33.74).
(Replacing solvent molecule)
Placed Na+ in model at (13.81, -14.67, 38.60).
(Replacing solvent molecule)
Placed Na+ in model at (-35.96, -0.47, -12.47).
(Replacing solvent molecule)
Placed Na+ in model at (37.44, -17.80, -0.55).
(Replacing solvent molecule)
Placed Na+ in model at (-18.37, 23.56, -37.92).
(Replacing solvent molecule)
Placed Na+ in model at (-21.63, -21.32, 28.03).
(Replacing solvent molecule)
Placed Na+ in model at (-20.13, 22.02, 13.17).
(Replacing solvent molecule)
Placed Na+ in model at (-7.11, -24.55, -24.79).
(Replacing solvent molecule)
Placed Na+ in model at (9.59, 17.26, 35.58).
(Replacing solvent molecule)
Placed Na+ in model at (-4.60, 41.75, -20.92).
(Replacing solvent molecule)
Placed Na+ in model at (23.44, -5.83, -26.30).
(Replacing solvent molecule)
Placed Na+ in model at (-31.30, 17.17, -23.57).
(Replacing solvent molecule)
Placed Na+ in model at (38.64, 18.18, 29.30).
(Replacing solvent molecule)
Placed Na+ in model at (34.02, 22.29, 4.01).
(Replacing solvent molecule)
Placed Na+ in model at (-1.24, 14.17, -38.12).
(Replacing solvent molecule)
Placed Na+ in model at (-33.11, -17.33, 5.48).
(Replacing solvent molecule)
Placed Na+ in model at (42.17, -4.37, 18.54).
(Replacing solvent molecule)
Placed Na+ in model at (4.89, -39.55, 4.43).
(Replacing solvent molecule)
Placed Na+ in model at (-18.42, 34.98, 3.49).
(Replacing solvent molecule)
Placed Na+ in model at (18.00, -23.07, 27.75).
(Replacing solvent molecule)
Placed Na+ in model at (-22.02, 3.96, 24.90).
(Replacing solvent molecule)
Placed Na+ in model at (7.44, 27.41, -33.03).
(Replacing solvent molecule)
Placed Na+ in model at (-26.51, -29.68, 16.27).
(Replacing solvent molecule)
Placed Na+ in model at (3.42, -3.61, -33.04).
(Replacing solvent molecule)
Placed Na+ in model at (5.57, -2.73, 38.40).
(Replacing solvent molecule)
Placed Na+ in model at (25.11, 21.26, -14.03).
(Replacing solvent molecule)
Placed Na+ in model at (-24.73, 35.48, -26.72).
(Replacing solvent molecule)
Placed Na+ in model at (37.04, 1.50, -1.57).
(Replacing solvent molecule)
Placed Na+ in model at (-33.22, -14.32, -8.51).
(Replacing solvent molecule)
Placed Na+ in model at (-29.16, 28.69, -7.80).
(Replacing solvent molecule)
Placed Na+ in model at (-3.09, -37.99, -14.42).
(Replacing solvent molecule)
Placed Na+ in model at (-2.01, 29.49, 21.44).
(Replacing solvent molecule)
Placed Na+ in model at (33.04, 23.18, 17.81).
(Replacing solvent molecule)
Placed Na+ in model at (27.47, -22.80, 14.82).
(Replacing solvent molecule)
Placed Na+ in model at (-21.26, 5.70, -32.43).
(Replacing solvent molecule)
Placed Na+ in model at (-6.10, -18.40, 32.52).
(Replacing solvent molecule)
Placed Na+ in model at (27.24, -20.47, -13.62).
(Replacing solvent molecule)
Placed Na+ in model at (-27.32, 9.71, 12.02).

Done adding ions.
> addions model Cl- 62
Adding 62 counter ions to "model" using 1A grid
Total solute charge:  131.00  Max atom radius:   1.98
Grid extends from solute vdw + 9.39  to  15.37
Box:
   enclosing:  -51.33 -54.92 -53.49   59.78 58.40 56.84
   sized:			      76.67 73.08 74.51
   edge:        128.00
Resolution:      1.00 Angstrom.
Tree depth: 7
Volume =  9.53% of box, grid points 199776
Solvent present: replacing closest with ion
	 when steric overlaps occur
Calculating grid charges
(Replacing solvent molecule)
Placed Cl- in model at (-9.84, 5.75, 19.75).
(Replacing solvent molecule)
Placed Cl- in model at (16.93, 20.14, 1.06).
(Replacing solvent molecule)
Placed Cl- in model at (17.52, -15.91, -17.86).
(Replacing solvent molecule)
Placed Cl- in model at (2.02, 18.66, 21.24).
(Replacing solvent molecule)
Placed Cl- in model at (-27.89, 4.13, -17.01).
(Replacing solvent molecule)
Placed Cl- in model at (35.97, -7.24, 8.11).
(Replacing solvent molecule)
Placed Cl- in model at (12.95, -29.11, 4.02).
(Replacing solvent molecule)
Placed Cl- in model at (-0.20, -9.43, 32.41).
(Replacing solvent molecule)
Placed Cl- in model at (14.04, 21.42, -20.59).
(Replacing solvent molecule)
Placed Cl- in model at (-26.81, -22.10, -0.85).
(Replacing solvent molecule)
Placed Cl- in model at (27.74, 1.79, -9.87).
(Replacing solvent molecule)
Placed Cl- in model at (-14.27, -27.21, 18.23).
(Replacing solvent molecule)
Placed Cl- in model at (-4.63, -8.13, -29.31).
(Replacing solvent molecule)
Placed Cl- in model at (-24.97, 13.89, -1.03).
(Replacing solvent molecule)
Placed Cl- in model at (30.58, -13.77, 22.05).
(Replacing solvent molecule)
Placed Cl- in model at (8.87, -25.47, 21.55).
(Replacing solvent molecule)
Placed Cl- in model at (-12.37, 10.92, -34.82).
(Replacing solvent molecule)
Placed Cl- in model at (-33.71, -2.20, 0.18).
(Replacing solvent molecule)
Placed Cl- in model at (20.25, 15.92, 33.58).
(Replacing solvent molecule)
Placed Cl- in model at (4.11, -35.58, -5.19).
(Replacing solvent molecule)
Placed Cl- in model at (28.06, 15.83, -4.06).
(Replacing solvent molecule)
Placed Cl- in model at (-9.21, 24.83, 16.18).
(Replacing solvent molecule)
Placed Cl- in model at (9.48, 15.44, -32.01).
(Replacing solvent molecule)
Placed Cl- in model at (-20.48, -14.76, -20.04).
(Replacing solvent molecule)
Placed Cl- in model at (29.02, -11.27, -7.90).
(Replacing solvent molecule)
Placed Cl- in model at (-10.45, 40.84, -9.99).
(Replacing solvent molecule)
Placed Cl- in model at (17.07, -3.24, 40.81).
(Replacing solvent molecule)
Placed Cl- in model at (-30.79, -1.59, 10.63).
(Replacing solvent molecule)
Placed Cl- in model at (23.32, 25.11, 16.45).
(Replacing solvent molecule)
Placed Cl- in model at (6.30, -13.05, -24.68).
(Replacing solvent molecule)
Placed Cl- in model at (-7.40, 22.64, -36.88).
(Replacing solvent molecule)
Placed Cl- in model at (1.25, -20.46, 25.11).
(Replacing solvent molecule)
Placed Cl- in model at (-11.19, -28.70, -11.44).
(Replacing solvent molecule)
Placed Cl- in model at (39.52, 2.81, 10.52).
(Replacing solvent molecule)
Placed Cl- in model at (2.04, 35.22, -26.51).
(Replacing solvent molecule)
Placed Cl- in model at (11.79, -23.84, -12.69).
(Replacing solvent molecule)
Placed Cl- in model at (-21.47, 25.12, 1.35).
(Replacing solvent molecule)
Placed Cl- in model at (-17.69, 11.32, 19.49).
(Replacing solvent molecule)
Placed Cl- in model at (12.56, -0.29, -29.24).
(Replacing solvent molecule)
Placed Cl- in model at (42.63, 6.42, 28.30).
(Replacing solvent molecule)
Placed Cl- in model at (11.49, 31.74, -5.32).
(Replacing solvent molecule)
Placed Cl- in model at (-30.74, 18.28, -13.31).
(Replacing solvent molecule)
Placed Cl- in model at (2.34, 6.94, 36.63).
(Replacing solvent molecule)
Placed Cl- in model at (17.18, -27.93, 15.10).
(Replacing solvent molecule)
Placed Cl- in model at (-25.06, -25.75, 5.16).
(Replacing solvent molecule)
Placed Cl- in model at (39.04, 17.53, 12.64).
(Replacing solvent molecule)
Placed Cl- in model at (11.48, 22.89, 22.07).
(Replacing solvent molecule)
Placed Cl- in model at (24.05, -12.74, 33.38).
(Replacing solvent molecule)
Placed Cl- in model at (-22.97, -3.08, -24.12).
(Replacing solvent molecule)
Placed Cl- in model at (-29.66, -12.78, 28.74).
(Replacing solvent molecule)
Placed Cl- in model at (31.10, -26.44, 4.41).
(Replacing solvent molecule)
Placed Cl- in model at (2.65, 37.16, 9.64).
(Replacing solvent molecule)
Placed Cl- in model at (27.90, 11.90, -18.04).
(Replacing solvent molecule)
Placed Cl- in model at (-35.74, 13.67, 7.31).
(Replacing solvent molecule)
Placed Cl- in model at (4.00, -32.41, 14.95).
(Replacing solvent molecule)
Placed Cl- in model at (-21.77, 32.23, -38.33).
(Replacing solvent molecule)
Placed Cl- in model at (-0.60, 36.97, -12.54).
(Replacing solvent molecule)
Placed Cl- in model at (-2.14, -1.31, 29.77).
(Replacing solvent molecule)
Placed Cl- in model at (-26.68, 39.86, -17.35).
(Replacing solvent molecule)
Placed Cl- in model at (-15.84, -34.78, 8.43).
(Replacing solvent molecule)
Placed Cl- in model at (29.07, 20.30, 33.64).
(Replacing solvent molecule)
Placed Cl- in model at (36.22, -11.55, -12.17).

Done adding ions.
> charge model
Total unperturbed charge:  69.000000
Total perturbed charge:    69.000000
> savepdb model 1i0e_cphmd.pdb
Writing pdb file: 1i0e_cphmd.pdb
   printing CRYST1 record to PDB file with box info
> saveamberparm model 1i0e_cphmd.prmtop 1i0e_cphmd.rst7
Checking Unit.

Warning: The unperturbed charge of the unit (69.000000) is not zero.

Note: Ignoring the warnings from Unit Checking.

Building topology.
Building atom parameters.
Building bond parameters.
Building angle parameters.
Building proper torsion parameters.
Building improper torsion parameters.
 total 1173 improper torsions applied
Building H-Bond parameters.
Incorporating Non-Bonded adjustments.
Not Marking per-residue atom chain types.
Marking per-residue atom chain types.
 (no restraints)
> quit
	Quit

Exiting LEaP: Errors = 2; Warnings = 3; Notes = 2.
