
          -------------------------------------------------------
          Amber 16 PMEMD                              2016
          -------------------------------------------------------

| PMEMD implementation of SANDER, Release 16

| Run on 11/04/2021 at 14:40:54

|   Executable path: /home/rliu/anaconda3/envs/cphmd-prep/bin/pmemd.cuda
| Working directory: /data/home/rliu/projects/RAS/6wgn
|          Hostname: Unknown
  [-O]verwriting output

File Assignments:
|   MDIN: 6wgn_chainA_equil4.mdin                                               
|  MDOUT: 6wgn_chainA_equil4.out                                                
| INPCRD: 6wgn_chainA_equil3.rst7                                               
|   PARM: 6wgn_chainA.parm7                                                     
| RESTRT: 6wgn_chainA_equil4.rst7                                               
|   REFC: 6wgn_chainA_equil3.rst7                                               
|  MDVEL: mdvel                                                                 
|   MDEN: mden                                                                  
|  MDCRD: 6wgn_chainA_equil4.nc                                                 
| MDINFO: mdinfo                                                                
|  MDFRC: mdfrc                                                                 


 Here is the input file:

Stage 4 equilibration of 6wgn_chainA                                           
            &cntrl                                                             
            imin = 0, nstlim = 2000, dt = 0.002,                               
            irest = 1, ntx = 5,ig = -1,                                        
            temp0 = 300,                                                       
            ntc = 2, ntf = 2, tol = 0.00001,                                   
            ntwx = 100000, ntwe = 100000, ntwr = 100000, ntpr = 100000,        
            cut = 999.0, iwrap = 0, igb = 8,                                   
            ntt = 3, gamma_ln = 1.0, ntb = 0,                               ! n
            iphmd = 1, solvph = 7.0, saltcon = 0.15,                           
            ntr = 1, restraintmask = ':1-171&!@H=',                            
            restraint_wt = 0.0,                                                
            ioutfm = 1, ntxo = 2,                                           ! F
            /                                                                  


Note: ig = -1. Setting random seed to     5135 based on wallclock time in 
      microseconds.
| irandom = 1, using AMBER's internal random number generator (default).
 
|--------------------- INFORMATION ----------------------
| GPU (CUDA) Version of PMEMD in use: NVIDIA GPU IN USE.
|                    Version 16.0.0
| 
|                      02/25/2016
| 
| Implementation by:
|                    Ross C. Walker     (SDSC)
|                    Scott Le Grand     (nVIDIA)
| 
| Precision model in use:
|      [SPFP] - Single Precision Forces, 64-bit Fixed Point
|               Accumulation. (Default)
| 
|--------------------------------------------------------
 
|----------------- CITATION INFORMATION -----------------
|
|    When publishing work that utilized the CUDA version
|    of AMBER, please cite the following in addition to
|    the regular AMBER citations:
|
|  - Andreas W. Goetz; Mark J. Williamson; Dong Xu;
|    Duncan Poole; Scott Le Grand; Ross C. Walker
|    "Routine microsecond molecular dynamics simulations
|    with AMBER - Part I: Generalized Born", J. Chem.
|    Theory Comput., 2012, 8 (5), pp1542-1555.
|
|  - Scott Le Grand; Andreas W. Goetz; Ross C. Walker
|    "SPFP: Speed without compromise - a mixed precision
|    model for GPU accelerated molecular dynamics
|    simulations.", Comp. Phys. Comm., 2013, 184
|    pp374-380, DOI: 10.1016/j.cpc.2012.09.022
|
|--------------------------------------------------------
 
|------------------- GPU DEVICE INFO --------------------
|
|            CUDA_VISIBLE_DEVICES: 0,1
|   CUDA Capable Devices Detected:      2
|           CUDA Device ID in use:      1
|                CUDA Device Name: NVIDIA GeForce RTX 2080 Ti
|     CUDA Device Global Mem Size:  11019 MB
| CUDA Device Num Multiprocessors:     68
|           CUDA Device Core Freq:   1.54 GHz
|
|--------------------------------------------------------
 
| Conditional Compilation Defines Used:
| PUBFFT
| BINTRAJ
| CUDA
| EMIL

| New format PARM file being parsed.
| Version =    1.000 Date = 11/04/21 Time = 14:40:19

| Note: 1-4 EEL scale factors are being read from the topology file.

| Note: 1-4 VDW scale factors are being read from the topology file.
| INFO:    Reading atomic numbers from topology file.
| Duplicated    0 dihedrals

| Duplicated    0 dihedrals

--------------------------------------------------------------------------------
   1.  RESOURCE   USE: 
--------------------------------------------------------------------------------

 NATOM  =    2766 NTYPES =      14 NBONH =    1406 MBONA  =    1381
 NTHETH =    3122 MTHETA =    1863 NPHIH =    6584 MPHIA  =    5963
 NHPARM =       0 NPARM  =       0 NNB   =   15182 NRES   =     171
 NBONA  =    1381 NTHETA =    1863 NPHIA =    5963 NUMBND =      54
 NUMANG =     126 NPTRA  =     169 NATYP =      27 NPHB   =       0
 IFBOX  =       0 NMXRS  =      24 IFCAP =       0 NEXTRA =       0
 NCOPY  =       0

 Implicit solvent radii are ArgH and AspGluO modified Bondi2 radii (mbondi3)                                
 Replacing prmtop screening parameters with GBn2 (igb=8) values
 PHMD> simulation pH =    7.00
 PHMD> titr grps     =   78
 PHMD> lambda,barrier=    1  0.99  2.50
 PHMD> lambda,barrier=    2  0.12  2.50
 PHMD> lambda,barrier=    3  0.01  2.50
 PHMD> lambda,barrier=    4  1.00  2.50
 PHMD> lambda,barrier=    5  0.09  2.50
 PHMD> lambda,barrier=    6  0.64  2.50
 PHMD> lambda,barrier=    7  0.93  2.50
 PHMD> lambda,barrier=    8  0.03  2.50
 PHMD> lambda,barrier=    9  0.99  2.50
 PHMD> lambda,barrier=   10  1.00  2.50
 PHMD> lambda,barrier=   11  0.96  2.50
 PHMD> lambda,barrier=   12  0.99  2.50
 PHMD> lambda,barrier=   13  0.98  2.50
 PHMD> lambda,barrier=   14  0.96  2.50
 PHMD> lambda,barrier=   15  0.63  2.50
 PHMD> lambda,barrier=   16  0.07  2.50
 PHMD> lambda,barrier=   17  0.94  2.50
 PHMD> lambda,barrier=   18  0.00  2.50
 PHMD> lambda,barrier=   19  0.02  2.50
 PHMD> lambda,barrier=   20  1.00  2.50
 PHMD> lambda,barrier=   21  0.98  2.50
 PHMD> lambda,barrier=   22  1.00  2.50
 PHMD> lambda,barrier=   23  0.00  2.50
 PHMD> lambda,barrier=   24  0.98  2.50
 PHMD> lambda,barrier=   25  0.02  2.50
 PHMD> lambda,barrier=   26  0.00  2.50
 PHMD> lambda,barrier=   27  0.01  2.50
 PHMD> lambda,barrier=   28  0.02  2.50
 PHMD> lambda,barrier=   29  0.00  2.50
 PHMD> lambda,barrier=   30  0.99  2.50
 PHMD> lambda,barrier=   31  0.00  2.50
 PHMD> lambda,barrier=   32  1.00  2.50
 PHMD> lambda,barrier=   33  0.96  2.50
 PHMD> lambda,barrier=   34  0.98  2.50
 PHMD> lambda,barrier=   35  1.00  2.50
 PHMD> lambda,barrier=   36  0.02  2.50
 PHMD> lambda,barrier=   37  0.99  2.50
 PHMD> lambda,barrier=   38  0.97  2.50
 PHMD> lambda,barrier=   39  0.96  2.50
 PHMD> lambda,barrier=   40  0.01  2.50
 PHMD> lambda,barrier=   41  0.99  2.50
 PHMD> lambda,barrier=   42  0.99  2.50
 PHMD> lambda,barrier=   43  0.00  2.50
 PHMD> lambda,barrier=   44  0.99  2.50
 PHMD> lambda,barrier=   45  0.97  2.50
 PHMD> lambda,barrier=   46  0.09  2.50
 PHMD> lambda,barrier=   47  0.01  2.50
 PHMD> lambda,barrier=   48  0.17  2.50
 PHMD> lambda,barrier=   49  0.99  2.50
 PHMD> lambda,barrier=   50  0.98  2.50
 PHMD> lambda,barrier=   51  0.95  2.50
 PHMD> lambda,barrier=   52  0.88  2.50
 PHMD> lambda,barrier=   53  0.96  2.50
 PHMD> lambda,barrier=   54  0.06  2.50
 PHMD> lambda,barrier=   55  0.08  2.50
 PHMD> lambda,barrier=   56  0.96  2.50
 PHMD> lambda,barrier=   57  0.75  2.50
 PHMD> lambda,barrier=   58  0.99  2.50
 PHMD> lambda,barrier=   59  0.99  2.50
 PHMD> lambda,barrier=   60  0.07  2.50
 PHMD> lambda,barrier=   61  0.98  2.50
 PHMD> lambda,barrier=   62  0.00  2.50
 PHMD> lambda,barrier=   63  0.93  2.50
 PHMD> lambda,barrier=   64  0.99  2.50
 PHMD> lambda,barrier=   65  0.01  2.50
 PHMD> lambda,barrier=   66  0.99  2.50
 PHMD> lambda,barrier=   67  0.99  2.50
 PHMD> lambda,barrier=   68  1.00  2.50
 PHMD> lambda,barrier=   69  0.05  2.50
 PHMD> lambda,barrier=   70  1.00  2.50
 PHMD> lambda,barrier=   71  1.00  2.50
 PHMD> lambda,barrier=   72  0.00  2.50
 PHMD> lambda,barrier=   73  0.79  2.50
 PHMD> lambda,barrier=   74  0.01  2.50
 PHMD> lambda,barrier=   75  0.17  2.50
 PHMD> lambda,barrier=   76  0.99  2.50
 PHMD> lambda,barrier=   77  0.98  2.50
 PHMD> lambda,barrier=   78  0.01  2.50
--------------------------------------------------------------------------------
   2.  CONTROL  DATA  FOR  THE  RUN
--------------------------------------------------------------------------------

default_name                                                                    

General flags:
     imin    =       0, nmropt  =       0

Nature and format of input:
     ntx     =       5, irest   =       1, ntrx    =       1

Nature and format of output:
     ntxo    =       2, ntpr    =  100000, ntrx    =       1, ntwr    =  100000
     iwrap   =       0, ntwx    =  100000, ntwv    =       0, ntwe    =  100000
     ioutfm  =       1, ntwprt  =       0, idecomp =       0, rbornstat=      0

Potential function:
     ntf     =       2, ntb     =       0, igb     =       8, nsnb    =      25
     ipol    =       0, gbsa    =       0, iesp    =       0
     dielc   =   1.00000, cut     = 999.00000, intdiel =   1.00000
     saltcon =   0.15000, offset  =   0.19514, surften =   0.00500
     rdt     =   0.00000, rgbmax  =  25.00000  extdiel =  78.50000
     alpb  =        0
     gbalphaH  =   0.78844, gbbetaH   =   0.79870,  gbgammaH  =    0.43733
     gbalphaC  =   0.73376, gbbetaC   =   0.50638,  gbgammaC  =    0.20584
     gbalphaN  =   0.50336, gbbetaN   =   0.31683,  gbgammaN  =    0.19292
     gbalphaOS =   0.86781, gbbetaOS  =   0.87664,  gbgammaOS =    0.38788
     gbalphaP  =   1.00000, gbbetaP   =   0.80000,  gbgammaP  =    4.85000
     gb_alpha_hnu  =   0.53705, gb_beta_hnu   =   0.36286,  gb_gamma_hnu  =    0.11670
     gb_alpha_cnu  =   0.33167, gb_beta_cnu   =   0.19684,  gb_gamma_cnu  =    0.09342
     gb_alpha_nnu  =   0.68631, gb_beta_nnu   =   0.46319,  gb_gamma_nnu  =    0.13872
     gb_alpha_onu  =   0.60634, gb_beta_onu   =   0.46301,  gb_gamma_onu  =    0.14226
     gb_alpha_pnu  =   0.41836, gb_beta_pnu   =   0.29005,  gb_gamma_pnu  =    0.10642

Frozen or restrained atoms:
     ibelly  =       0, ntr     =       1
     restraint_wt =   0.00000

Molecular dynamics:
     nstlim  =      2000, nscm    =         0, nrespa  =         1
     t       =   0.00000, dt      =   0.00200, vlimit  =  -1.00000

Langevin dynamics temperature regulation:
     ig      =    5135
     temp0   = 300.00000, tempi   =   0.00000, gamma_ln=   1.00000

SHAKE:
     ntc     =       2, jfastw  =       0
     tol     =   0.00001

| Intermolecular bonds treatment:
|     no_intermolecular_bonds =       1

| Energy averages sample interval:
|     ene_avg_sampling =  100000

    LOADING THE CONSTRAINED ATOMS AS GROUPS


   5.  REFERENCE ATOM COORDINATES

  default_name                                                                    
     Mask :1-171&!@H=; matches  1360 atoms

--------------------------------------------------------------------------------
   3.  ATOMIC COORDINATES AND VELOCITIES
--------------------------------------------------------------------------------

default_name                                                                    
 begin time read from input coords =    12.000 ps

 
 Number of triangulated 3-point waters found:        0
| Dynamic Memory, Types Used:
| Reals               94711
| Integers           308214

| GPU memory information (estimate):
| KB of GPU memory in use:         0
| KB of CPU memory in use:         0

--------------------------------------------------------------------------------
   4.  RESULTS
--------------------------------------------------------------------------------

--------------------------------------------------------------------------------
   5.  TIMINGS
--------------------------------------------------------------------------------

|  NonSetup CPU Time in Major Routines:
|
|     Routine           Sec        %
|     ------------------------------
|     Nonbond           0.09    6.62
|     Bond              0.00    0.00
|     Angle             0.00    0.00
|     Dihedral          0.00    0.00
|     Shake             0.01    0.56
|     RunMD             1.29   92.82
|     Other             0.00    0.00
|     ------------------------------
|     Total             1.39

|  Generalized Born CPU Time:
|
|     Routine                 Sec        %
|     ------------------------------------
|     Radii Calc              0.00    0.00
|     Diagonal Calc           0.00    0.00
|     Off Diagonal Calc       0.00    0.00
|     GBSA LCPO Calc          0.00    0.00
|     ---------------------------------
|     Total                   0.00    0.00

|  Final Performance Info:
|     -----------------------------------------------------
|     Average timings for last    2000 steps:
|     Elapsed(s) =       1.40 Per Step(ms) =       0.70
|         ns/day =     246.78   seconds/ns =     350.11
|
|     Average timings for all steps:
|     Elapsed(s) =       1.40 Per Step(ms) =       0.70
|         ns/day =     246.78   seconds/ns =     350.11
|     -----------------------------------------------------

|  Setup CPU time:            0.14 seconds
|  NonSetup CPU time:         1.39 seconds
|  Total CPU time:            1.54 seconds     0.00 hours

|  Setup wall time:           0    seconds
|  NonSetup wall time:        2    seconds
|  Total wall time:           2    seconds     0.00 hours
