log started: Tue Jun 11 14:21:56 2024

Log file: ./leap.log
>> #
>> # ----- leaprc for loading the ff19SB force field
>> # ----- NOTE: this is designed for PDB format 3!
>> #
>> #	load atom type hybridizations
>> #
>> addAtomTypes {
>> 	{ "H"   "H" "sp3" }
>> 	{ "HO"  "H" "sp3" }
>> 	{ "HS"  "H" "sp3" }
>> 	{ "H1"  "H" "sp3" }
>> 	{ "H2"  "H" "sp3" }
>> 	{ "H3"  "H" "sp3" }
>> 	{ "H4"  "H" "sp3" }
>> 	{ "H5"  "H" "sp3" }
>> 	{ "HW"  "H" "sp3" }
>> 	{ "HC"  "H" "sp3" }
>> 	{ "HA"  "H" "sp3" }
>> 	{ "HP"  "H" "sp3" }
>> 	{ "HZ"  "H" "sp3" }
>> 	{ "OH"  "O" "sp3" }
>> 	{ "OS"  "O" "sp3" }
>> 	{ "O"   "O" "sp2" }
>> 	{ "O2"  "O" "sp2" }
>> 	{ "OP"  "O" "sp2" }
>> 	{ "OW"  "O" "sp3" }
>> 	{ "CT"  "C" "sp3" }
>> 	{ "CX"  "C" "sp3" }
>> 	{ "XC"  "C" "sp3" }
>> 	{ "C8"  "C" "sp3" }
>> 	{ "2C"  "C" "sp3" }
>> 	{ "3C"  "C" "sp3" }
>> 	{ "CH"  "C" "sp3" }
>> 	{ "CS"  "C" "sp2" }
>> 	{ "C"   "C" "sp2" }
>> 	{ "CO"   "C" "sp2" }
>> 	{ "C*"  "C" "sp2" }
>> 	{ "CA"  "C" "sp2" }
>> 	{ "CB"  "C" "sp2" }
>> 	{ "CC"  "C" "sp2" }
>> 	{ "CN"  "C" "sp2" }
>> 	{ "CM"  "C" "sp2" }
>> 	{ "CK"  "C" "sp2" }
>> 	{ "CQ"  "C" "sp2" }
>> 	{ "CD"  "C" "sp2" }
>> 	{ "C5"  "C" "sp2" }
>> 	{ "C4"  "C" "sp2" }
>> 	{ "CP"  "C" "sp2" }
>> 	{ "CI"  "C" "sp3" }
>> 	{ "CJ"  "C" "sp2" }
>> 	{ "CW"  "C" "sp2" }
>> 	{ "CV"  "C" "sp2" }
>> 	{ "CR"  "C" "sp2" }
>> 	{ "CA"  "C" "sp2" }
>> 	{ "CY"  "C" "sp2" }
>> 	{ "C0"  "Ca" "sp3" }
>> 	{ "MG"  "Mg" "sp3" }
>> 	{ "N"   "N" "sp2" }
>> 	{ "NA"  "N" "sp2" }
>> 	{ "N2"  "N" "sp2" }
>> 	{ "N*"  "N" "sp2" }
>> 	{ "NP"  "N" "sp2" }
>> 	{ "NQ"  "N" "sp2" }
>> 	{ "NB"  "N" "sp2" }
>> 	{ "NC"  "N" "sp2" }
>> 	{ "NT"  "N" "sp3" }
>> 	{ "NY"  "N" "sp2" }
>> 	{ "N3"  "N" "sp3" }
>> 	{ "S"   "S" "sp3" }
>> 	{ "SH"  "S" "sp3" }
>> 	{ "P"   "P" "sp3" }
>> 	{ "LP"  ""  "sp3" }
>> 	{ "EP"  ""  "sp3" }
>> 	{ "F"   "F" "sp3" }
>> 	{ "Cl"  "Cl" "sp3" }
>> 	{ "Br"  "Br" "sp3" }
>> 	{ "I"   "I"  "sp3" }
>> }
>> #
>> #	Load the main parameter set.
>> #
>> set default cmap on
>> parm19 = loadamberparams parm19.dat
Loading parameters: /home/craigp/anaconda3/envs/AmberTools23/dat/leap/parm/parm19.dat
Reading title:
PARM99 + frcmod.ff99SB + frcmod.parmbsc0 + OL3 for RNA + ff19SB
(UNKNOWN ATOM TYPE: Zn)
(UNKNOWN ATOM TYPE: EP)
>> frcmod19SB = loadamberparams frcmod.ff19SB
Loading parameters: /home/craigp/anaconda3/envs/AmberTools23/dat/leap/parm/frcmod.ff19SB
Reading force field modification type file (frcmod)
Reading title:
ff19SB AA-specific backbone CMAPs for protein 07/25/2019
>> #
>> #	Load main chain and terminating amino acid libraries
>> #
>> loadOff amino19.lib
Loading library: /home/craigp/anaconda3/envs/AmberTools23/dat/leap/lib/amino19.lib
Loading: ALA
Loading: ARG
Loading: ASH
Loading: ASN
Loading: ASP
Loading: CYM
Loading: CYS
Loading: CYX
Loading: GLH
Loading: GLN
Loading: GLU
Loading: GLY
Loading: HID
Loading: HIE
Loading: HIP
Loading: HYP
Loading: ILE
Loading: LEU
Loading: LYN
Loading: LYS
Loading: MET
Loading: PHE
Loading: PRO
Loading: SER
Loading: THR
Loading: TRP
Loading: TYR
Loading: VAL
>> loadOff aminoct12.lib
Loading library: /home/craigp/anaconda3/envs/AmberTools23/dat/leap/lib/aminoct12.lib
Loading: CALA
Loading: CARG
Loading: CASN
Loading: CASP
Loading: CCYS
Loading: CCYX
Loading: CGLN
Loading: CGLU
Loading: CGLY
Loading: CHID
Loading: CHIE
Loading: CHIP
Loading: CHYP
Loading: CILE
Loading: CLEU
Loading: CLYS
Loading: CMET
Loading: CPHE
Loading: CPRO
Loading: CSER
Loading: CTHR
Loading: CTRP
Loading: CTYR
Loading: CVAL
Loading: NHE
Loading: NME
>> loadOff aminont12.lib
Loading library: /home/craigp/anaconda3/envs/AmberTools23/dat/leap/lib/aminont12.lib
Loading: ACE
Loading: NALA
Loading: NARG
Loading: NASN
Loading: NASP
Loading: NCYS
Loading: NCYX
Loading: NGLN
Loading: NGLU
Loading: NGLY
Loading: NHID
Loading: NHIE
Loading: NHIP
Loading: NILE
Loading: NLEU
Loading: NLYS
Loading: NMET
Loading: NPHE
Loading: NPRO
Loading: NSER
Loading: NTHR
Loading: NTRP
Loading: NTYR
Loading: NVAL
>> 
>> #
>> #	Define the PDB name map for the amino acids
>> #
>> addPdbResMap {
>>   { 0 "HYP" "NHYP" } { 1 "HYP" "CHYP" }
>>   { 0 "ALA" "NALA" } { 1 "ALA" "CALA" }
>>   { 0 "ARG" "NARG" } { 1 "ARG" "CARG" }
>>   { 0 "ASN" "NASN" } { 1 "ASN" "CASN" }
>>   { 0 "ASP" "NASP" } { 1 "ASP" "CASP" }
>>   { 0 "CYS" "NCYS" } { 1 "CYS" "CCYS" }
>>   { 0 "CYX" "NCYX" } { 1 "CYX" "CCYX" }
>>   { 0 "GLN" "NGLN" } { 1 "GLN" "CGLN" }
>>   { 0 "GLU" "NGLU" } { 1 "GLU" "CGLU" }
>>   { 0 "GLY" "NGLY" } { 1 "GLY" "CGLY" }
>>   { 0 "HID" "NHID" } { 1 "HID" "CHID" }
>>   { 0 "HIE" "NHIE" } { 1 "HIE" "CHIE" }
>>   { 0 "HIP" "NHIP" } { 1 "HIP" "CHIP" }
>>   { 0 "ILE" "NILE" } { 1 "ILE" "CILE" }
>>   { 0 "LEU" "NLEU" } { 1 "LEU" "CLEU" }
>>   { 0 "LYS" "NLYS" } { 1 "LYS" "CLYS" }
>>   { 0 "MET" "NMET" } { 1 "MET" "CMET" }
>>   { 0 "PHE" "NPHE" } { 1 "PHE" "CPHE" }
>>   { 0 "PRO" "NPRO" } { 1 "PRO" "CPRO" }
>>   { 0 "SER" "NSER" } { 1 "SER" "CSER" }
>>   { 0 "THR" "NTHR" } { 1 "THR" "CTHR" }
>>   { 0 "TRP" "NTRP" } { 1 "TRP" "CTRP" }
>>   { 0 "TYR" "NTYR" } { 1 "TYR" "CTYR" }
>>   { 0 "VAL" "NVAL" } { 1 "VAL" "CVAL" }
>>   { 0 "HIS" "NHIS" } { 1 "HIS" "CHIS" }
>> }
>> 
>> #
>> # assume that most often proteins use HIE
>> #
>> NHIS = NHIE
>> HIS = HIE
>> CHIS = CHIE
> 
> source leaprc.gaff
----- Source: /home/craigp/anaconda3/envs/AmberTools23/dat/leap/cmd/leaprc.gaff
----- Source of /home/craigp/anaconda3/envs/AmberTools23/dat/leap/cmd/leaprc.gaff done
>> logFile leap.log
log started: Tue Jun 11 14:21:56 2024

Log file: ./leap.log
>> #
>> # ----- leaprc for loading the general Amber Force field.
>> #       This file is mostly for use with Antechamber
>> #
>> #	load atom type hybridizations
>> #
>> addAtomTypes {
>> 	{ "h1"  "H" "sp3" }
>> 	{ "h2"  "H" "sp3" }
>> 	{ "h3"  "H" "sp3" }
>> 	{ "h4"  "H" "sp3" }
>> 	{ "h5"  "H" "sp3" }
>> 	{ "ha"  "H" "sp3" }
>> 	{ "hc"  "H" "sp3" }
>> 	{ "hn"  "H" "sp3" }
>> 	{ "ho"  "H" "sp3" }
>> 	{ "hp"  "H" "sp3" }
>> 	{ "hs"  "H" "sp3" }
>> 	{ "hw"  "H" "sp3" }
>> 	{ "hx"  "H" "sp3" }
>> 	{ "o"  "O" "sp2" }
>> 	{ "o2"  "O" "sp2" }
>> 	{ "oh"  "O" "sp3" }
>> 	{ "op"  "O" "sp3" }
>> 	{ "oq"  "O" "sp3" }
>> 	{ "os"  "O" "sp3" }
>> 	{ "ow"  "O" "sp3" }
>> 	{ "c"  "C" "sp2" }
>> 	{ "c1"  "C" "sp2" }
>> 	{ "c2"  "C" "sp2" }
>> 	{ "c3"  "C" "sp3" }
>> 	{ "ca"  "C" "sp2" }
>> 	{ "cc"  "C" "sp2" }
>> 	{ "cd"  "C" "sp2" }
>> 	{ "ce"  "C" "sp2" }
>> 	{ "cf"  "C" "sp2" }
>> 	{ "cg"  "C" "sp2" }
>> 	{ "ch"  "C" "sp2" }
>> 	{ "cp"  "C" "sp2" }
>> 	{ "cq"  "C" "sp2" }
>> 	{ "cu"  "C" "sp2" }
>> 	{ "cv"  "C" "sp2" }
>> 	{ "cx"  "C" "sp2" }
>> 	{ "cy"  "C" "sp2" }
>> 	{ "cz"  "C" "sp2" }
>> 	{ "n"   "N" "sp2" }
>> 	{ "n1"  "N" "sp2" }
>> 	{ "n2"  "N" "sp2" }
>> 	{ "n3"  "N" "sp3" }
>> 	{ "n4"  "N" "sp3" }
>> 	{ "na"  "N" "sp2" }
>> 	{ "nb"  "N" "sp2" }
>> 	{ "nc"  "N" "sp2" }
>> 	{ "nd"  "N" "sp2" }
>> 	{ "ne"  "N" "sp2" }
>> 	{ "nf"  "N" "sp2" }
>> 	{ "nh"  "N" "sp2" }
>> 	{ "ni"  "N" "sp2" }
>> 	{ "nj"  "N" "sp2" }
>> 	{ "nk"  "N" "sp3" }
>> 	{ "nl"  "N" "sp3" }
>> 	{ "nm"  "N" "sp2" }
>> 	{ "nn"  "N" "sp2" }
>> 	{ "no"  "N" "sp2" }
>> 	{ "np"  "N" "sp3" }
>> 	{ "nq"  "N" "sp3" }
>> 	{ "s"   "S" "sp2" }
>> 	{ "s2"   "S" "sp2" }
>> 	{ "s3"   "S" "sp3" }
>> 	{ "s4"   "S" "sp3" }
>> 	{ "s6"   "S" "sp3" }
>> 	{ "sh"   "S" "sp3" }
>> 	{ "sp"   "S" "sp3" }
>> 	{ "sq"   "S" "sp3" }
>> 	{ "ss"   "S" "sp3" }
>> 	{ "sx"   "S" "sp3" }
>> 	{ "sy"   "S" "sp3" }
>> 	{ "p2"   "P" "sp2" }
>> 	{ "p3"   "P" "sp3" }
>> 	{ "p4"   "P" "sp3" }
>> 	{ "p5"   "P" "sp3" }
>> 	{ "pb"   "P" "sp3" }
>> 	{ "pc"   "P" "sp3" }
>> 	{ "pd"   "P" "sp3" }
>> 	{ "pe"   "P" "sp3" }
>> 	{ "pf"   "P" "sp3" }
>> 	{ "px"   "P" "sp3" }
>> 	{ "py"   "P" "sp3" }
>> 	{ "f"   "F" "sp3" }
>> 	{ "cl"  "Cl" "sp3" }
>> 	{ "br"  "Br" "sp3" }
>> 	{ "i"   "I"  "sp3" }
>> }
>> #
>> #	Load the general force field parameter set.
>> #
>> gaff = loadamberparams gaff.dat
Loading parameters: /home/craigp/anaconda3/envs/AmberTools23/dat/leap/parm/gaff.dat
Reading title:
AMBER General Force Field for organic molecules (Version 1.81, May 2017)
> 
> source leaprc.water.opc
----- Source: /home/craigp/anaconda3/envs/AmberTools23/dat/leap/cmd/leaprc.water.opc
----- Source of /home/craigp/anaconda3/envs/AmberTools23/dat/leap/cmd/leaprc.water.opc done
>> #
>> #  Load OPC water model and ions for OPC + Li/Merz ion parameters
>> #  (-1 to +4, 12-6 normal usage set)
>> # 
>> addAtomTypes {
>> 	{ "F-"   "F" "sp3" }
>> 	{ "Cl-"  "Cl" "sp3" }
>> 	{ "Br-"  "Br" "sp3" }
>> 	{ "I-"   "I"  "sp3" }
>> 	{ "Li+"  "Li"  "sp3" }
>> 	{ "Na+"  "Na"  "sp3" }
>> 	{ "K+"  "K"  "sp3" }
>> 	{ "Rb+"  "Rb"  "sp3" }
>> 	{ "Cs+"  "Cs"  "sp3" }
>> 	{ "Mg+"  "Mg"  "sp3" }
>>     { "Tl+"  "Tl"  "sp3" }
>>     { "Cu+"  "Cu"  "sp3" }
>>     { "Ag+"  "Ag"  "sp3" }
>>     { "Be2+" "Be"  "sp3" }
>>     { "Cu2+" "Cu"  "sp3" }
>>     { "Ni2+" "Ni"  "sp3" }
>>     { "Pt2+" "Pt"  "sp3" }
>>     { "Zn2+" "Zn"  "sp3" }
>>     { "Co2+" "Co"  "sp3" }
>>     { "Pd2+" "Pd"  "sp3" }
>>     { "Ag2+" "Ag"  "sp3" }
>>     { "Cr2+" "Cr"  "sp3" }
>>     { "Fe2+" "Fe"  "sp3" }
>>     { "Mg2+" "Mg"  "sp3" }
>>     { "V2+"  "V"   "sp3" }
>>     { "Mn2+" "Mn"  "sp3" }
>>     { "Hg2+" "Hg"  "sp3" }
>>     { "Cd2+" "Cd"  "sp3" }
>>     { "Yb2+" "Yb"  "sp3" }
>>     { "Ca2+" "Ca"  "sp3" }
>>     { "Sn2+" "Sn"  "sp3" }
>>     { "Pb2+" "Pb"  "sp3" }
>>     { "Eu2+" "Eu"  "sp3" }
>>     { "Sr2+" "Sr"  "sp3" }
>>     { "Sm2+" "Sm"  "sp3" }
>>     { "Ba2+" "Ba"  "sp3" }
>>     { "Ra2+" "Ra"  "sp3" }
>>     { "Al3+" "Al"  "sp3" }
>>     { "Fe3+" "Fe"  "sp3" }
>>     { "Cr3+" "Cr"  "sp3" }
>>     { "In3+" "In"  "sp3" }
>>     { "Tl3+" "Tl"  "sp3" }
>>     { "Y3+"  "Y"   "sp3" }
>>     { "La3+" "La"  "sp3" }
>>     { "Ce3+" "Ce"  "sp3" }
>>     { "Pr3+" "Pr"  "sp3" }
>>     { "Nd3+" "Nd"  "sp3" }
>>     { "Sm3+" "Sm"  "sp3" }
>>     { "Eu3+" "Eu"  "sp3" }
>>     { "Gd3+" "Gd"  "sp3" }
>>     { "Tb3+" "Tb"  "sp3" }
>>     { "Dy3+" "Dy"  "sp3" }
>>     { "Er3+" "Er"  "sp3" }
>>     { "Tm3+" "Tm"  "sp3" }
>>     { "Lu3+" "Lu"  "sp3" }
>>     { "Hf4+" "Hf"  "sp3" }
>>     { "Zr4+" "Zr"  "sp3" }
>>     { "Ce4+" "Ce"  "sp3" }
>>     { "U4+"  "U"   "sp3" }
>>     { "Pu4+" "Pu"  "sp3" }
>>     { "Th4+" "Th"  "sp3" }
>>     { "OW"   "O"   "sp3" }
>>     { "HW"   "H"   "sp3" }
>>     { "EP"   ""    "sp3" }
>> }
>> loadOff atomic_ions.lib
Loading library: /home/craigp/anaconda3/envs/AmberTools23/dat/leap/lib/atomic_ions.lib
Loading: AG
Loading: AL
Loading: Ag
Loading: BA
Loading: BR
Loading: Be
Loading: CA
Loading: CD
Loading: CE
Loading: CL
Loading: CO
Loading: CR
Loading: CS
Loading: CU
Loading: CU1
Loading: Ce
Loading: Cl-
Loading: Cr
Loading: Dy
Loading: EU
Loading: EU3
Loading: Er
Loading: F
Loading: FE
Loading: FE2
Loading: GD3
Loading: H3O+
Loading: HE+
Loading: HG
Loading: HZ+
Loading: Hf
Loading: IN
Loading: IOD
Loading: K
Loading: K+
Loading: LA
Loading: LI
Loading: LU
Loading: MG
Loading: MN
Loading: NA
Loading: NH4
Loading: NI
Loading: Na+
Loading: Nd
Loading: PB
Loading: PD
Loading: PR
Loading: PT
Loading: Pu
Loading: RB
Loading: Ra
Loading: SM
Loading: SR
Loading: Sm
Loading: Sn
Loading: TB
Loading: TL
Loading: Th
Loading: Tl
Loading: Tm
Loading: U4+
Loading: V2+
Loading: Y
Loading: YB2
Loading: ZN
Loading: Zr
>> loadOff solvents.lib
Loading library: /home/craigp/anaconda3/envs/AmberTools23/dat/leap/lib/solvents.lib
Loading: CHCL3BOX
Loading: DC4
Loading: FB3
Loading: FB3BOX
Loading: FB4
Loading: FB4BOX
Loading: MEOHBOX
Loading: NMABOX
Loading: O3P
Loading: OP3
Loading: OPC
Loading: OPC3BOX
Loading: OPC3POLBOX
Loading: OPCBOX
Loading: PL3
Loading: POL3BOX
Loading: QSPCFWBOX
Loading: SPC
Loading: SPCBOX
Loading: SPCFWBOX
Loading: SPF
Loading: SPG
Loading: T4E
Loading: TIP3PBOX
Loading: TIP3PFBOX
Loading: TIP4PBOX
Loading: TIP4PEWBOX
Loading: TIP5PBOX
Loading: TP3
Loading: TP4
Loading: TP5
Loading: TPF
>> HOH = OPC
>> WAT = OPC
>> loadAmberParams frcmod.opc
Loading parameters: /home/craigp/anaconda3/envs/AmberTools23/dat/leap/parm/frcmod.opc
Reading force field modification type file (frcmod)
Reading title:
Parameters for OPC water (JPCL, 2014, 5 (21), pp 3863-3871)
(UNKNOWN ATOM TYPE: EP)
>> loadAmberParams frcmod.ionslm_126_opc
Loading parameters: /home/craigp/anaconda3/envs/AmberTools23/dat/leap/parm/frcmod.ionslm_126_opc
Reading force field modification type file (frcmod)
Reading title:
Li/Merz ion parameters of atomic ions for the OPC water model (12-6 set)
>> 
> 
> set default PBradii mbondi
Using modified Bondi radii
> source leaprc.protein.ff19SB                               # Load protein
----- Source: /home/craigp/anaconda3/envs/AmberTools23/dat/leap/cmd/leaprc.protein.ff19SB
----- Source of /home/craigp/anaconda3/envs/AmberTools23/dat/leap/cmd/leaprc.protein.ff19SB done
>> logFile leap.log
log started: Tue Jun 11 14:21:56 2024

Log file: ./leap.log
>> #
>> # ----- leaprc for loading the ff19SB force field
>> # ----- NOTE: this is designed for PDB format 3!
>> #
>> #	load atom type hybridizations
>> #
>> addAtomTypes {
>> 	{ "H"   "H" "sp3" }
>> 	{ "HO"  "H" "sp3" }
>> 	{ "HS"  "H" "sp3" }
>> 	{ "H1"  "H" "sp3" }
>> 	{ "H2"  "H" "sp3" }
>> 	{ "H3"  "H" "sp3" }
>> 	{ "H4"  "H" "sp3" }
>> 	{ "H5"  "H" "sp3" }
>> 	{ "HW"  "H" "sp3" }
>> 	{ "HC"  "H" "sp3" }
>> 	{ "HA"  "H" "sp3" }
>> 	{ "HP"  "H" "sp3" }
>> 	{ "HZ"  "H" "sp3" }
>> 	{ "OH"  "O" "sp3" }
>> 	{ "OS"  "O" "sp3" }
>> 	{ "O"   "O" "sp2" }
>> 	{ "O2"  "O" "sp2" }
>> 	{ "OP"  "O" "sp2" }
>> 	{ "OW"  "O" "sp3" }
>> 	{ "CT"  "C" "sp3" }
>> 	{ "CX"  "C" "sp3" }
>> 	{ "XC"  "C" "sp3" }
>> 	{ "C8"  "C" "sp3" }
>> 	{ "2C"  "C" "sp3" }
>> 	{ "3C"  "C" "sp3" }
>> 	{ "CH"  "C" "sp3" }
>> 	{ "CS"  "C" "sp2" }
>> 	{ "C"   "C" "sp2" }
>> 	{ "CO"   "C" "sp2" }
>> 	{ "C*"  "C" "sp2" }
>> 	{ "CA"  "C" "sp2" }
>> 	{ "CB"  "C" "sp2" }
>> 	{ "CC"  "C" "sp2" }
>> 	{ "CN"  "C" "sp2" }
>> 	{ "CM"  "C" "sp2" }
>> 	{ "CK"  "C" "sp2" }
>> 	{ "CQ"  "C" "sp2" }
>> 	{ "CD"  "C" "sp2" }
>> 	{ "C5"  "C" "sp2" }
>> 	{ "C4"  "C" "sp2" }
>> 	{ "CP"  "C" "sp2" }
>> 	{ "CI"  "C" "sp3" }
>> 	{ "CJ"  "C" "sp2" }
>> 	{ "CW"  "C" "sp2" }
>> 	{ "CV"  "C" "sp2" }
>> 	{ "CR"  "C" "sp2" }
>> 	{ "CA"  "C" "sp2" }
>> 	{ "CY"  "C" "sp2" }
>> 	{ "C0"  "Ca" "sp3" }
>> 	{ "MG"  "Mg" "sp3" }
>> 	{ "N"   "N" "sp2" }
>> 	{ "NA"  "N" "sp2" }
>> 	{ "N2"  "N" "sp2" }
>> 	{ "N*"  "N" "sp2" }
>> 	{ "NP"  "N" "sp2" }
>> 	{ "NQ"  "N" "sp2" }
>> 	{ "NB"  "N" "sp2" }
>> 	{ "NC"  "N" "sp2" }
>> 	{ "NT"  "N" "sp3" }
>> 	{ "NY"  "N" "sp2" }
>> 	{ "N3"  "N" "sp3" }
>> 	{ "S"   "S" "sp3" }
>> 	{ "SH"  "S" "sp3" }
>> 	{ "P"   "P" "sp3" }
>> 	{ "LP"  ""  "sp3" }
>> 	{ "EP"  ""  "sp3" }
>> 	{ "F"   "F" "sp3" }
>> 	{ "Cl"  "Cl" "sp3" }
>> 	{ "Br"  "Br" "sp3" }
>> 	{ "I"   "I"  "sp3" }
>> }
>> #
>> #	Load the main parameter set.
>> #
>> set default cmap on
>> parm19 = loadamberparams parm19.dat
Loading parameters: /home/craigp/anaconda3/envs/AmberTools23/dat/leap/parm/parm19.dat
Reading title:
PARM99 + frcmod.ff99SB + frcmod.parmbsc0 + OL3 for RNA + ff19SB
(UNKNOWN ATOM TYPE: Zn)
(UNKNOWN ATOM TYPE: EP)
>> frcmod19SB = loadamberparams frcmod.ff19SB
Loading parameters: /home/craigp/anaconda3/envs/AmberTools23/dat/leap/parm/frcmod.ff19SB
Reading force field modification type file (frcmod)
Reading title:
ff19SB AA-specific backbone CMAPs for protein 07/25/2019
>> #
>> #	Load main chain and terminating amino acid libraries
>> #
>> loadOff amino19.lib
Loading library: /home/craigp/anaconda3/envs/AmberTools23/dat/leap/lib/amino19.lib
Loading: ALA
Loading: ARG
Loading: ASH
Loading: ASN
Loading: ASP
Loading: CYM
Loading: CYS
Loading: CYX
Loading: GLH
Loading: GLN
Loading: GLU
Loading: GLY
Loading: HID
Loading: HIE
Loading: HIP
Loading: HYP
Loading: ILE
Loading: LEU
Loading: LYN
Loading: LYS
Loading: MET
Loading: PHE
Loading: PRO
Loading: SER
Loading: THR
Loading: TRP
Loading: TYR
Loading: VAL
>> loadOff aminoct12.lib
Loading library: /home/craigp/anaconda3/envs/AmberTools23/dat/leap/lib/aminoct12.lib
Loading: CALA
Loading: CARG
Loading: CASN
Loading: CASP
Loading: CCYS
Loading: CCYX
Loading: CGLN
Loading: CGLU
Loading: CGLY
Loading: CHID
Loading: CHIE
Loading: CHIP
Loading: CHYP
Loading: CILE
Loading: CLEU
Loading: CLYS
Loading: CMET
Loading: CPHE
Loading: CPRO
Loading: CSER
Loading: CTHR
Loading: CTRP
Loading: CTYR
Loading: CVAL
Loading: NHE
Loading: NME
>> loadOff aminont12.lib
Loading library: /home/craigp/anaconda3/envs/AmberTools23/dat/leap/lib/aminont12.lib
Loading: ACE
Loading: NALA
Loading: NARG
Loading: NASN
Loading: NASP
Loading: NCYS
Loading: NCYX
Loading: NGLN
Loading: NGLU
Loading: NGLY
Loading: NHID
Loading: NHIE
Loading: NHIP
Loading: NILE
Loading: NLEU
Loading: NLYS
Loading: NMET
Loading: NPHE
Loading: NPRO
Loading: NSER
Loading: NTHR
Loading: NTRP
Loading: NTYR
Loading: NVAL
>> 
>> #
>> #	Define the PDB name map for the amino acids
>> #
>> addPdbResMap {
>>   { 0 "HYP" "NHYP" } { 1 "HYP" "CHYP" }
>>   { 0 "ALA" "NALA" } { 1 "ALA" "CALA" }
>>   { 0 "ARG" "NARG" } { 1 "ARG" "CARG" }
>>   { 0 "ASN" "NASN" } { 1 "ASN" "CASN" }
>>   { 0 "ASP" "NASP" } { 1 "ASP" "CASP" }
>>   { 0 "CYS" "NCYS" } { 1 "CYS" "CCYS" }
>>   { 0 "CYX" "NCYX" } { 1 "CYX" "CCYX" }
>>   { 0 "GLN" "NGLN" } { 1 "GLN" "CGLN" }
>>   { 0 "GLU" "NGLU" } { 1 "GLU" "CGLU" }
>>   { 0 "GLY" "NGLY" } { 1 "GLY" "CGLY" }
>>   { 0 "HID" "NHID" } { 1 "HID" "CHID" }
>>   { 0 "HIE" "NHIE" } { 1 "HIE" "CHIE" }
>>   { 0 "HIP" "NHIP" } { 1 "HIP" "CHIP" }
>>   { 0 "ILE" "NILE" } { 1 "ILE" "CILE" }
>>   { 0 "LEU" "NLEU" } { 1 "LEU" "CLEU" }
>>   { 0 "LYS" "NLYS" } { 1 "LYS" "CLYS" }
>>   { 0 "MET" "NMET" } { 1 "MET" "CMET" }
>>   { 0 "PHE" "NPHE" } { 1 "PHE" "CPHE" }
>>   { 0 "PRO" "NPRO" } { 1 "PRO" "CPRO" }
>>   { 0 "SER" "NSER" } { 1 "SER" "CSER" }
>>   { 0 "THR" "NTHR" } { 1 "THR" "CTHR" }
>>   { 0 "TRP" "NTRP" } { 1 "TRP" "CTRP" }
>>   { 0 "TYR" "NTYR" } { 1 "TYR" "CTYR" }
>>   { 0 "VAL" "NVAL" } { 1 "VAL" "CVAL" }
>>   { 0 "HIS" "NHIS" } { 1 "HIS" "CHIS" }
>> }
Substituting map 0HYP -> NHYP  for  0HYP -> NHYP
Substituting map 1HYP -> CHYP  for  1HYP -> CHYP
Substituting map 0ALA -> NALA  for  0ALA -> NALA
Substituting map 1ALA -> CALA  for  1ALA -> CALA
Substituting map 0ARG -> NARG  for  0ARG -> NARG
Substituting map 1ARG -> CARG  for  1ARG -> CARG
Substituting map 0ASN -> NASN  for  0ASN -> NASN
Substituting map 1ASN -> CASN  for  1ASN -> CASN
Substituting map 0ASP -> NASP  for  0ASP -> NASP
Substituting map 1ASP -> CASP  for  1ASP -> CASP
Substituting map 0CYS -> NCYS  for  0CYS -> NCYS
Substituting map 1CYS -> CCYS  for  1CYS -> CCYS
Substituting map 0CYX -> NCYX  for  0CYX -> NCYX
Substituting map 1CYX -> CCYX  for  1CYX -> CCYX
Substituting map 0GLN -> NGLN  for  0GLN -> NGLN
Substituting map 1GLN -> CGLN  for  1GLN -> CGLN
Substituting map 0GLU -> NGLU  for  0GLU -> NGLU
Substituting map 1GLU -> CGLU  for  1GLU -> CGLU
Substituting map 0GLY -> NGLY  for  0GLY -> NGLY
Substituting map 1GLY -> CGLY  for  1GLY -> CGLY
Substituting map 0HID -> NHID  for  0HID -> NHID
Substituting map 1HID -> CHID  for  1HID -> CHID
Substituting map 0HIE -> NHIE  for  0HIE -> NHIE
Substituting map 1HIE -> CHIE  for  1HIE -> CHIE
Substituting map 0HIP -> NHIP  for  0HIP -> NHIP
Substituting map 1HIP -> CHIP  for  1HIP -> CHIP
Substituting map 0ILE -> NILE  for  0ILE -> NILE
Substituting map 1ILE -> CILE  for  1ILE -> CILE
Substituting map 0LEU -> NLEU  for  0LEU -> NLEU
Substituting map 1LEU -> CLEU  for  1LEU -> CLEU
Substituting map 0LYS -> NLYS  for  0LYS -> NLYS
Substituting map 1LYS -> CLYS  for  1LYS -> CLYS
Substituting map 0MET -> NMET  for  0MET -> NMET
Substituting map 1MET -> CMET  for  1MET -> CMET
Substituting map 0PHE -> NPHE  for  0PHE -> NPHE
Substituting map 1PHE -> CPHE  for  1PHE -> CPHE
Substituting map 0PRO -> NPRO  for  0PRO -> NPRO
Substituting map 1PRO -> CPRO  for  1PRO -> CPRO
Substituting map 0SER -> NSER  for  0SER -> NSER
Substituting map 1SER -> CSER  for  1SER -> CSER
Substituting map 0THR -> NTHR  for  0THR -> NTHR
Substituting map 1THR -> CTHR  for  1THR -> CTHR
Substituting map 0TRP -> NTRP  for  0TRP -> NTRP
Substituting map 1TRP -> CTRP  for  1TRP -> CTRP
Substituting map 0TYR -> NTYR  for  0TYR -> NTYR
Substituting map 1TYR -> CTYR  for  1TYR -> CTYR
Substituting map 0VAL -> NVAL  for  0VAL -> NVAL
Substituting map 1VAL -> CVAL  for  1VAL -> CVAL
Substituting map 0HIS -> NHIS  for  0HIS -> NHIS
Substituting map 1HIS -> CHIS  for  1HIS -> CHIS
>> 
>> #
>> # assume that most often proteins use HIE
>> #
>> NHIS = NHIE
>> HIS = HIE
>> CHIS = CHIE
> 
> source leaprc.gaff
----- Source: /home/craigp/anaconda3/envs/AmberTools23/dat/leap/cmd/leaprc.gaff
----- Source of /home/craigp/anaconda3/envs/AmberTools23/dat/leap/cmd/leaprc.gaff done
>> logFile leap.log
log started: Tue Jun 11 14:21:56 2024

Log file: ./leap.log
>> #
>> # ----- leaprc for loading the general Amber Force field.
>> #       This file is mostly for use with Antechamber
>> #
>> #	load atom type hybridizations
>> #
>> addAtomTypes {
>> 	{ "h1"  "H" "sp3" }
>> 	{ "h2"  "H" "sp3" }
>> 	{ "h3"  "H" "sp3" }
>> 	{ "h4"  "H" "sp3" }
>> 	{ "h5"  "H" "sp3" }
>> 	{ "ha"  "H" "sp3" }
>> 	{ "hc"  "H" "sp3" }
>> 	{ "hn"  "H" "sp3" }
>> 	{ "ho"  "H" "sp3" }
>> 	{ "hp"  "H" "sp3" }
>> 	{ "hs"  "H" "sp3" }
>> 	{ "hw"  "H" "sp3" }
>> 	{ "hx"  "H" "sp3" }
>> 	{ "o"  "O" "sp2" }
>> 	{ "o2"  "O" "sp2" }
>> 	{ "oh"  "O" "sp3" }
>> 	{ "op"  "O" "sp3" }
>> 	{ "oq"  "O" "sp3" }
>> 	{ "os"  "O" "sp3" }
>> 	{ "ow"  "O" "sp3" }
>> 	{ "c"  "C" "sp2" }
>> 	{ "c1"  "C" "sp2" }
>> 	{ "c2"  "C" "sp2" }
>> 	{ "c3"  "C" "sp3" }
>> 	{ "ca"  "C" "sp2" }
>> 	{ "cc"  "C" "sp2" }
>> 	{ "cd"  "C" "sp2" }
>> 	{ "ce"  "C" "sp2" }
>> 	{ "cf"  "C" "sp2" }
>> 	{ "cg"  "C" "sp2" }
>> 	{ "ch"  "C" "sp2" }
>> 	{ "cp"  "C" "sp2" }
>> 	{ "cq"  "C" "sp2" }
>> 	{ "cu"  "C" "sp2" }
>> 	{ "cv"  "C" "sp2" }
>> 	{ "cx"  "C" "sp2" }
>> 	{ "cy"  "C" "sp2" }
>> 	{ "cz"  "C" "sp2" }
>> 	{ "n"   "N" "sp2" }
>> 	{ "n1"  "N" "sp2" }
>> 	{ "n2"  "N" "sp2" }
>> 	{ "n3"  "N" "sp3" }
>> 	{ "n4"  "N" "sp3" }
>> 	{ "na"  "N" "sp2" }
>> 	{ "nb"  "N" "sp2" }
>> 	{ "nc"  "N" "sp2" }
>> 	{ "nd"  "N" "sp2" }
>> 	{ "ne"  "N" "sp2" }
>> 	{ "nf"  "N" "sp2" }
>> 	{ "nh"  "N" "sp2" }
>> 	{ "ni"  "N" "sp2" }
>> 	{ "nj"  "N" "sp2" }
>> 	{ "nk"  "N" "sp3" }
>> 	{ "nl"  "N" "sp3" }
>> 	{ "nm"  "N" "sp2" }
>> 	{ "nn"  "N" "sp2" }
>> 	{ "no"  "N" "sp2" }
>> 	{ "np"  "N" "sp3" }
>> 	{ "nq"  "N" "sp3" }
>> 	{ "s"   "S" "sp2" }
>> 	{ "s2"   "S" "sp2" }
>> 	{ "s3"   "S" "sp3" }
>> 	{ "s4"   "S" "sp3" }
>> 	{ "s6"   "S" "sp3" }
>> 	{ "sh"   "S" "sp3" }
>> 	{ "sp"   "S" "sp3" }
>> 	{ "sq"   "S" "sp3" }
>> 	{ "ss"   "S" "sp3" }
>> 	{ "sx"   "S" "sp3" }
>> 	{ "sy"   "S" "sp3" }
>> 	{ "p2"   "P" "sp2" }
>> 	{ "p3"   "P" "sp3" }
>> 	{ "p4"   "P" "sp3" }
>> 	{ "p5"   "P" "sp3" }
>> 	{ "pb"   "P" "sp3" }
>> 	{ "pc"   "P" "sp3" }
>> 	{ "pd"   "P" "sp3" }
>> 	{ "pe"   "P" "sp3" }
>> 	{ "pf"   "P" "sp3" }
>> 	{ "px"   "P" "sp3" }
>> 	{ "py"   "P" "sp3" }
>> 	{ "f"   "F" "sp3" }
>> 	{ "cl"  "Cl" "sp3" }
>> 	{ "br"  "Br" "sp3" }
>> 	{ "i"   "I"  "sp3" }
>> }
>> #
>> #	Load the general force field parameter set.
>> #
>> gaff = loadamberparams gaff.dat
Loading parameters: /home/craigp/anaconda3/envs/AmberTools23/dat/leap/parm/gaff.dat
Reading title:
AMBER General Force Field for organic molecules (Version 1.81, May 2017)
> 
> source leaprc.water.opc
----- Source: /home/craigp/anaconda3/envs/AmberTools23/dat/leap/cmd/leaprc.water.opc
----- Source of /home/craigp/anaconda3/envs/AmberTools23/dat/leap/cmd/leaprc.water.opc done
>> #
>> #  Load OPC water model and ions for OPC + Li/Merz ion parameters
>> #  (-1 to +4, 12-6 normal usage set)
>> # 
>> addAtomTypes {
>> 	{ "F-"   "F" "sp3" }
>> 	{ "Cl-"  "Cl" "sp3" }
>> 	{ "Br-"  "Br" "sp3" }
>> 	{ "I-"   "I"  "sp3" }
>> 	{ "Li+"  "Li"  "sp3" }
>> 	{ "Na+"  "Na"  "sp3" }
>> 	{ "K+"  "K"  "sp3" }
>> 	{ "Rb+"  "Rb"  "sp3" }
>> 	{ "Cs+"  "Cs"  "sp3" }
>> 	{ "Mg+"  "Mg"  "sp3" }
>>     { "Tl+"  "Tl"  "sp3" }
>>     { "Cu+"  "Cu"  "sp3" }
>>     { "Ag+"  "Ag"  "sp3" }
>>     { "Be2+" "Be"  "sp3" }
>>     { "Cu2+" "Cu"  "sp3" }
>>     { "Ni2+" "Ni"  "sp3" }
>>     { "Pt2+" "Pt"  "sp3" }
>>     { "Zn2+" "Zn"  "sp3" }
>>     { "Co2+" "Co"  "sp3" }
>>     { "Pd2+" "Pd"  "sp3" }
>>     { "Ag2+" "Ag"  "sp3" }
>>     { "Cr2+" "Cr"  "sp3" }
>>     { "Fe2+" "Fe"  "sp3" }
>>     { "Mg2+" "Mg"  "sp3" }
>>     { "V2+"  "V"   "sp3" }
>>     { "Mn2+" "Mn"  "sp3" }
>>     { "Hg2+" "Hg"  "sp3" }
>>     { "Cd2+" "Cd"  "sp3" }
>>     { "Yb2+" "Yb"  "sp3" }
>>     { "Ca2+" "Ca"  "sp3" }
>>     { "Sn2+" "Sn"  "sp3" }
>>     { "Pb2+" "Pb"  "sp3" }
>>     { "Eu2+" "Eu"  "sp3" }
>>     { "Sr2+" "Sr"  "sp3" }
>>     { "Sm2+" "Sm"  "sp3" }
>>     { "Ba2+" "Ba"  "sp3" }
>>     { "Ra2+" "Ra"  "sp3" }
>>     { "Al3+" "Al"  "sp3" }
>>     { "Fe3+" "Fe"  "sp3" }
>>     { "Cr3+" "Cr"  "sp3" }
>>     { "In3+" "In"  "sp3" }
>>     { "Tl3+" "Tl"  "sp3" }
>>     { "Y3+"  "Y"   "sp3" }
>>     { "La3+" "La"  "sp3" }
>>     { "Ce3+" "Ce"  "sp3" }
>>     { "Pr3+" "Pr"  "sp3" }
>>     { "Nd3+" "Nd"  "sp3" }
>>     { "Sm3+" "Sm"  "sp3" }
>>     { "Eu3+" "Eu"  "sp3" }
>>     { "Gd3+" "Gd"  "sp3" }
>>     { "Tb3+" "Tb"  "sp3" }
>>     { "Dy3+" "Dy"  "sp3" }
>>     { "Er3+" "Er"  "sp3" }
>>     { "Tm3+" "Tm"  "sp3" }
>>     { "Lu3+" "Lu"  "sp3" }
>>     { "Hf4+" "Hf"  "sp3" }
>>     { "Zr4+" "Zr"  "sp3" }
>>     { "Ce4+" "Ce"  "sp3" }
>>     { "U4+"  "U"   "sp3" }
>>     { "Pu4+" "Pu"  "sp3" }
>>     { "Th4+" "Th"  "sp3" }
>>     { "OW"   "O"   "sp3" }
>>     { "HW"   "H"   "sp3" }
>>     { "EP"   ""    "sp3" }
>> }
>> loadOff atomic_ions.lib
Loading library: /home/craigp/anaconda3/envs/AmberTools23/dat/leap/lib/atomic_ions.lib
Loading: AG
Loading: AL
Loading: Ag
Loading: BA
Loading: BR
Loading: Be
Loading: CA
Loading: CD
Loading: CE
Loading: CL
Loading: CO
Loading: CR
Loading: CS
Loading: CU
Loading: CU1
Loading: Ce
Loading: Cl-
Loading: Cr
Loading: Dy
Loading: EU
Loading: EU3
Loading: Er
Loading: F
Loading: FE
Loading: FE2
Loading: GD3
Loading: H3O+
Loading: HE+
Loading: HG
Loading: HZ+
Loading: Hf
Loading: IN
Loading: IOD
Loading: K
Loading: K+
Loading: LA
Loading: LI
Loading: LU
Loading: MG
Loading: MN
Loading: NA
Loading: NH4
Loading: NI
Loading: Na+
Loading: Nd
Loading: PB
Loading: PD
Loading: PR
Loading: PT
Loading: Pu
Loading: RB
Loading: Ra
Loading: SM
Loading: SR
Loading: Sm
Loading: Sn
Loading: TB
Loading: TL
Loading: Th
Loading: Tl
Loading: Tm
Loading: U4+
Loading: V2+
Loading: Y
Loading: YB2
Loading: ZN
Loading: Zr
>> loadOff solvents.lib
Loading library: /home/craigp/anaconda3/envs/AmberTools23/dat/leap/lib/solvents.lib
Loading: CHCL3BOX
Loading: DC4
Loading: FB3
Loading: FB3BOX
Loading: FB4
Loading: FB4BOX
Loading: MEOHBOX
Loading: NMABOX
Loading: O3P
Loading: OP3
Loading: OPC
Loading: OPC3BOX
Loading: OPC3POLBOX
Loading: OPCBOX
Loading: PL3
Loading: POL3BOX
Loading: QSPCFWBOX
Loading: SPC
Loading: SPCBOX
Loading: SPCFWBOX
Loading: SPF
Loading: SPG
Loading: T4E
Loading: TIP3PBOX
Loading: TIP3PFBOX
Loading: TIP4PBOX
Loading: TIP4PEWBOX
Loading: TIP5PBOX
Loading: TP3
Loading: TP4
Loading: TP5
Loading: TPF
>> HOH = OPC
>> WAT = OPC
>> loadAmberParams frcmod.opc
Loading parameters: /home/craigp/anaconda3/envs/AmberTools23/dat/leap/parm/frcmod.opc
Reading force field modification type file (frcmod)
Reading title:
Parameters for OPC water (JPCL, 2014, 5 (21), pp 3863-3871)
(UNKNOWN ATOM TYPE: EP)
>> loadAmberParams frcmod.ionslm_126_opc
Loading parameters: /home/craigp/anaconda3/envs/AmberTools23/dat/leap/parm/frcmod.ionslm_126_opc
Reading force field modification type file (frcmod)
Reading title:
Li/Merz ion parameters of atomic ions for the OPC water model (12-6 set)
>> 
> 
> set default PBradii mbondi
Using modified Bondi radii
> source leaprc.protein.ff19SB                               # Load protein
----- Source: /home/craigp/anaconda3/envs/AmberTools23/dat/leap/cmd/leaprc.protein.ff19SB
----- Source of /home/craigp/anaconda3/envs/AmberTools23/dat/leap/cmd/leaprc.protein.ff19SB done
>> logFile leap.log
log started: Tue Jun 11 14:21:56 2024

Log file: ./leap.log
>> #
>> # ----- leaprc for loading the ff19SB force field
>> # ----- NOTE: this is designed for PDB format 3!
>> #
>> #	load atom type hybridizations
>> #
>> addAtomTypes {
>> 	{ "H"   "H" "sp3" }
>> 	{ "HO"  "H" "sp3" }
>> 	{ "HS"  "H" "sp3" }
>> 	{ "H1"  "H" "sp3" }
>> 	{ "H2"  "H" "sp3" }
>> 	{ "H3"  "H" "sp3" }
>> 	{ "H4"  "H" "sp3" }
>> 	{ "H5"  "H" "sp3" }
>> 	{ "HW"  "H" "sp3" }
>> 	{ "HC"  "H" "sp3" }
>> 	{ "HA"  "H" "sp3" }
>> 	{ "HP"  "H" "sp3" }
>> 	{ "HZ"  "H" "sp3" }
>> 	{ "OH"  "O" "sp3" }
>> 	{ "OS"  "O" "sp3" }
>> 	{ "O"   "O" "sp2" }
>> 	{ "O2"  "O" "sp2" }
>> 	{ "OP"  "O" "sp2" }
>> 	{ "OW"  "O" "sp3" }
>> 	{ "CT"  "C" "sp3" }
>> 	{ "CX"  "C" "sp3" }
>> 	{ "XC"  "C" "sp3" }
>> 	{ "C8"  "C" "sp3" }
>> 	{ "2C"  "C" "sp3" }
>> 	{ "3C"  "C" "sp3" }
>> 	{ "CH"  "C" "sp3" }
>> 	{ "CS"  "C" "sp2" }
>> 	{ "C"   "C" "sp2" }
>> 	{ "CO"   "C" "sp2" }
>> 	{ "C*"  "C" "sp2" }
>> 	{ "CA"  "C" "sp2" }
>> 	{ "CB"  "C" "sp2" }
>> 	{ "CC"  "C" "sp2" }
>> 	{ "CN"  "C" "sp2" }
>> 	{ "CM"  "C" "sp2" }
>> 	{ "CK"  "C" "sp2" }
>> 	{ "CQ"  "C" "sp2" }
>> 	{ "CD"  "C" "sp2" }
>> 	{ "C5"  "C" "sp2" }
>> 	{ "C4"  "C" "sp2" }
>> 	{ "CP"  "C" "sp2" }
>> 	{ "CI"  "C" "sp3" }
>> 	{ "CJ"  "C" "sp2" }
>> 	{ "CW"  "C" "sp2" }
>> 	{ "CV"  "C" "sp2" }
>> 	{ "CR"  "C" "sp2" }
>> 	{ "CA"  "C" "sp2" }
>> 	{ "CY"  "C" "sp2" }
>> 	{ "C0"  "Ca" "sp3" }
>> 	{ "MG"  "Mg" "sp3" }
>> 	{ "N"   "N" "sp2" }
>> 	{ "NA"  "N" "sp2" }
>> 	{ "N2"  "N" "sp2" }
>> 	{ "N*"  "N" "sp2" }
>> 	{ "NP"  "N" "sp2" }
>> 	{ "NQ"  "N" "sp2" }
>> 	{ "NB"  "N" "sp2" }
>> 	{ "NC"  "N" "sp2" }
>> 	{ "NT"  "N" "sp3" }
>> 	{ "NY"  "N" "sp2" }
>> 	{ "N3"  "N" "sp3" }
>> 	{ "S"   "S" "sp3" }
>> 	{ "SH"  "S" "sp3" }
>> 	{ "P"   "P" "sp3" }
>> 	{ "LP"  ""  "sp3" }
>> 	{ "EP"  ""  "sp3" }
>> 	{ "F"   "F" "sp3" }
>> 	{ "Cl"  "Cl" "sp3" }
>> 	{ "Br"  "Br" "sp3" }
>> 	{ "I"   "I"  "sp3" }
>> }
>> #
>> #	Load the main parameter set.
>> #
>> set default cmap on
>> parm19 = loadamberparams parm19.dat
Loading parameters: /home/craigp/anaconda3/envs/AmberTools23/dat/leap/parm/parm19.dat
Reading title:
PARM99 + frcmod.ff99SB + frcmod.parmbsc0 + OL3 for RNA + ff19SB
(UNKNOWN ATOM TYPE: Zn)
(UNKNOWN ATOM TYPE: EP)
>> frcmod19SB = loadamberparams frcmod.ff19SB
Loading parameters: /home/craigp/anaconda3/envs/AmberTools23/dat/leap/parm/frcmod.ff19SB
Reading force field modification type file (frcmod)
Reading title:
ff19SB AA-specific backbone CMAPs for protein 07/25/2019
>> #
>> #	Load main chain and terminating amino acid libraries
>> #
>> loadOff amino19.lib
Loading library: /home/craigp/anaconda3/envs/AmberTools23/dat/leap/lib/amino19.lib
Loading: ALA
Loading: ARG
Loading: ASH
Loading: ASN
Loading: ASP
Loading: CYM
Loading: CYS
Loading: CYX
Loading: GLH
Loading: GLN
Loading: GLU
Loading: GLY
Loading: HID
Loading: HIE
Loading: HIP
Loading: HYP
Loading: ILE
Loading: LEU
Loading: LYN
Loading: LYS
Loading: MET
Loading: PHE
Loading: PRO
Loading: SER
Loading: THR
Loading: TRP
Loading: TYR
Loading: VAL
>> loadOff aminoct12.lib
Loading library: /home/craigp/anaconda3/envs/AmberTools23/dat/leap/lib/aminoct12.lib
Loading: CALA
Loading: CARG
Loading: CASN
Loading: CASP
Loading: CCYS
Loading: CCYX
Loading: CGLN
Loading: CGLU
Loading: CGLY
Loading: CHID
Loading: CHIE
Loading: CHIP
Loading: CHYP
Loading: CILE
Loading: CLEU
Loading: CLYS
Loading: CMET
Loading: CPHE
Loading: CPRO
Loading: CSER
Loading: CTHR
Loading: CTRP
Loading: CTYR
Loading: CVAL
Loading: NHE
Loading: NME
>> loadOff aminont12.lib
Loading library: /home/craigp/anaconda3/envs/AmberTools23/dat/leap/lib/aminont12.lib
Loading: ACE
Loading: NALA
Loading: NARG
Loading: NASN
Loading: NASP
Loading: NCYS
Loading: NCYX
Loading: NGLN
Loading: NGLU
Loading: NGLY
Loading: NHID
Loading: NHIE
Loading: NHIP
Loading: NILE
Loading: NLEU
Loading: NLYS
Loading: NMET
Loading: NPHE
Loading: NPRO
Loading: NSER
Loading: NTHR
Loading: NTRP
Loading: NTYR
Loading: NVAL
>> 
>> #
>> #	Define the PDB name map for the amino acids
>> #
>> addPdbResMap {
>>   { 0 "HYP" "NHYP" } { 1 "HYP" "CHYP" }
>>   { 0 "ALA" "NALA" } { 1 "ALA" "CALA" }
>>   { 0 "ARG" "NARG" } { 1 "ARG" "CARG" }
>>   { 0 "ASN" "NASN" } { 1 "ASN" "CASN" }
>>   { 0 "ASP" "NASP" } { 1 "ASP" "CASP" }
>>   { 0 "CYS" "NCYS" } { 1 "CYS" "CCYS" }
>>   { 0 "CYX" "NCYX" } { 1 "CYX" "CCYX" }
>>   { 0 "GLN" "NGLN" } { 1 "GLN" "CGLN" }
>>   { 0 "GLU" "NGLU" } { 1 "GLU" "CGLU" }
>>   { 0 "GLY" "NGLY" } { 1 "GLY" "CGLY" }
>>   { 0 "HID" "NHID" } { 1 "HID" "CHID" }
>>   { 0 "HIE" "NHIE" } { 1 "HIE" "CHIE" }
>>   { 0 "HIP" "NHIP" } { 1 "HIP" "CHIP" }
>>   { 0 "ILE" "NILE" } { 1 "ILE" "CILE" }
>>   { 0 "LEU" "NLEU" } { 1 "LEU" "CLEU" }
>>   { 0 "LYS" "NLYS" } { 1 "LYS" "CLYS" }
>>   { 0 "MET" "NMET" } { 1 "MET" "CMET" }
>>   { 0 "PHE" "NPHE" } { 1 "PHE" "CPHE" }
>>   { 0 "PRO" "NPRO" } { 1 "PRO" "CPRO" }
>>   { 0 "SER" "NSER" } { 1 "SER" "CSER" }
>>   { 0 "THR" "NTHR" } { 1 "THR" "CTHR" }
>>   { 0 "TRP" "NTRP" } { 1 "TRP" "CTRP" }
>>   { 0 "TYR" "NTYR" } { 1 "TYR" "CTYR" }
>>   { 0 "VAL" "NVAL" } { 1 "VAL" "CVAL" }
>>   { 0 "HIS" "NHIS" } { 1 "HIS" "CHIS" }
>> }
Substituting map 0HYP -> NHYP  for  0HYP -> NHYP
Substituting map 1HYP -> CHYP  for  1HYP -> CHYP
Substituting map 0ALA -> NALA  for  0ALA -> NALA
Substituting map 1ALA -> CALA  for  1ALA -> CALA
Substituting map 0ARG -> NARG  for  0ARG -> NARG
Substituting map 1ARG -> CARG  for  1ARG -> CARG
Substituting map 0ASN -> NASN  for  0ASN -> NASN
Substituting map 1ASN -> CASN  for  1ASN -> CASN
Substituting map 0ASP -> NASP  for  0ASP -> NASP
Substituting map 1ASP -> CASP  for  1ASP -> CASP
Substituting map 0CYS -> NCYS  for  0CYS -> NCYS
Substituting map 1CYS -> CCYS  for  1CYS -> CCYS
Substituting map 0CYX -> NCYX  for  0CYX -> NCYX
Substituting map 1CYX -> CCYX  for  1CYX -> CCYX
Substituting map 0GLN -> NGLN  for  0GLN -> NGLN
Substituting map 1GLN -> CGLN  for  1GLN -> CGLN
Substituting map 0GLU -> NGLU  for  0GLU -> NGLU
Substituting map 1GLU -> CGLU  for  1GLU -> CGLU
Substituting map 0GLY -> NGLY  for  0GLY -> NGLY
Substituting map 1GLY -> CGLY  for  1GLY -> CGLY
Substituting map 0HID -> NHID  for  0HID -> NHID
Substituting map 1HID -> CHID  for  1HID -> CHID
Substituting map 0HIE -> NHIE  for  0HIE -> NHIE
Substituting map 1HIE -> CHIE  for  1HIE -> CHIE
Substituting map 0HIP -> NHIP  for  0HIP -> NHIP
Substituting map 1HIP -> CHIP  for  1HIP -> CHIP
Substituting map 0ILE -> NILE  for  0ILE -> NILE
Substituting map 1ILE -> CILE  for  1ILE -> CILE
Substituting map 0LEU -> NLEU  for  0LEU -> NLEU
Substituting map 1LEU -> CLEU  for  1LEU -> CLEU
Substituting map 0LYS -> NLYS  for  0LYS -> NLYS
Substituting map 1LYS -> CLYS  for  1LYS -> CLYS
Substituting map 0MET -> NMET  for  0MET -> NMET
Substituting map 1MET -> CMET  for  1MET -> CMET
Substituting map 0PHE -> NPHE  for  0PHE -> NPHE
Substituting map 1PHE -> CPHE  for  1PHE -> CPHE
Substituting map 0PRO -> NPRO  for  0PRO -> NPRO
Substituting map 1PRO -> CPRO  for  1PRO -> CPRO
Substituting map 0SER -> NSER  for  0SER -> NSER
Substituting map 1SER -> CSER  for  1SER -> CSER
Substituting map 0THR -> NTHR  for  0THR -> NTHR
Substituting map 1THR -> CTHR  for  1THR -> CTHR
Substituting map 0TRP -> NTRP  for  0TRP -> NTRP
Substituting map 1TRP -> CTRP  for  1TRP -> CTRP
Substituting map 0TYR -> NTYR  for  0TYR -> NTYR
Substituting map 1TYR -> CTYR  for  1TYR -> CTYR
Substituting map 0VAL -> NVAL  for  0VAL -> NVAL
Substituting map 1VAL -> CVAL  for  1VAL -> CVAL
Substituting map 0HIS -> NHIS  for  0HIS -> NHIS
Substituting map 1HIS -> CHIS  for  1HIS -> CHIS
>> 
>> #
>> # assume that most often proteins use HIE
>> #
>> NHIS = NHIE
>> HIS = HIE
>> CHIS = CHIE
> 
> source leaprc.gaff
----- Source: /home/craigp/anaconda3/envs/AmberTools23/dat/leap/cmd/leaprc.gaff
----- Source of /home/craigp/anaconda3/envs/AmberTools23/dat/leap/cmd/leaprc.gaff done
>> logFile leap.log
log started: Tue Jun 11 14:21:56 2024

Log file: ./leap.log
>> #
>> # ----- leaprc for loading the general Amber Force field.
>> #       This file is mostly for use with Antechamber
>> #
>> #	load atom type hybridizations
>> #
>> addAtomTypes {
>> 	{ "h1"  "H" "sp3" }
>> 	{ "h2"  "H" "sp3" }
>> 	{ "h3"  "H" "sp3" }
>> 	{ "h4"  "H" "sp3" }
>> 	{ "h5"  "H" "sp3" }
>> 	{ "ha"  "H" "sp3" }
>> 	{ "hc"  "H" "sp3" }
>> 	{ "hn"  "H" "sp3" }
>> 	{ "ho"  "H" "sp3" }
>> 	{ "hp"  "H" "sp3" }
>> 	{ "hs"  "H" "sp3" }
>> 	{ "hw"  "H" "sp3" }
>> 	{ "hx"  "H" "sp3" }
>> 	{ "o"  "O" "sp2" }
>> 	{ "o2"  "O" "sp2" }
>> 	{ "oh"  "O" "sp3" }
>> 	{ "op"  "O" "sp3" }
>> 	{ "oq"  "O" "sp3" }
>> 	{ "os"  "O" "sp3" }
>> 	{ "ow"  "O" "sp3" }
>> 	{ "c"  "C" "sp2" }
>> 	{ "c1"  "C" "sp2" }
>> 	{ "c2"  "C" "sp2" }
>> 	{ "c3"  "C" "sp3" }
>> 	{ "ca"  "C" "sp2" }
>> 	{ "cc"  "C" "sp2" }
>> 	{ "cd"  "C" "sp2" }
>> 	{ "ce"  "C" "sp2" }
>> 	{ "cf"  "C" "sp2" }
>> 	{ "cg"  "C" "sp2" }
>> 	{ "ch"  "C" "sp2" }
>> 	{ "cp"  "C" "sp2" }
>> 	{ "cq"  "C" "sp2" }
>> 	{ "cu"  "C" "sp2" }
>> 	{ "cv"  "C" "sp2" }
>> 	{ "cx"  "C" "sp2" }
>> 	{ "cy"  "C" "sp2" }
>> 	{ "cz"  "C" "sp2" }
>> 	{ "n"   "N" "sp2" }
>> 	{ "n1"  "N" "sp2" }
>> 	{ "n2"  "N" "sp2" }
>> 	{ "n3"  "N" "sp3" }
>> 	{ "n4"  "N" "sp3" }
>> 	{ "na"  "N" "sp2" }
>> 	{ "nb"  "N" "sp2" }
>> 	{ "nc"  "N" "sp2" }
>> 	{ "nd"  "N" "sp2" }
>> 	{ "ne"  "N" "sp2" }
>> 	{ "nf"  "N" "sp2" }
>> 	{ "nh"  "N" "sp2" }
>> 	{ "ni"  "N" "sp2" }
>> 	{ "nj"  "N" "sp2" }
>> 	{ "nk"  "N" "sp3" }
>> 	{ "nl"  "N" "sp3" }
>> 	{ "nm"  "N" "sp2" }
>> 	{ "nn"  "N" "sp2" }
>> 	{ "no"  "N" "sp2" }
>> 	{ "np"  "N" "sp3" }
>> 	{ "nq"  "N" "sp3" }
>> 	{ "s"   "S" "sp2" }
>> 	{ "s2"   "S" "sp2" }
>> 	{ "s3"   "S" "sp3" }
>> 	{ "s4"   "S" "sp3" }
>> 	{ "s6"   "S" "sp3" }
>> 	{ "sh"   "S" "sp3" }
>> 	{ "sp"   "S" "sp3" }
>> 	{ "sq"   "S" "sp3" }
>> 	{ "ss"   "S" "sp3" }
>> 	{ "sx"   "S" "sp3" }
>> 	{ "sy"   "S" "sp3" }
>> 	{ "p2"   "P" "sp2" }
>> 	{ "p3"   "P" "sp3" }
>> 	{ "p4"   "P" "sp3" }
>> 	{ "p5"   "P" "sp3" }
>> 	{ "pb"   "P" "sp3" }
>> 	{ "pc"   "P" "sp3" }
>> 	{ "pd"   "P" "sp3" }
>> 	{ "pe"   "P" "sp3" }
>> 	{ "pf"   "P" "sp3" }
>> 	{ "px"   "P" "sp3" }
>> 	{ "py"   "P" "sp3" }
>> 	{ "f"   "F" "sp3" }
>> 	{ "cl"  "Cl" "sp3" }
>> 	{ "br"  "Br" "sp3" }
>> 	{ "i"   "I"  "sp3" }
>> }
>> #
>> #	Load the general force field parameter set.
>> #
>> gaff = loadamberparams gaff.dat
Loading parameters: /home/craigp/anaconda3/envs/AmberTools23/dat/leap/parm/gaff.dat
Reading title:
AMBER General Force Field for organic molecules (Version 1.81, May 2017)
> 
> source leaprc.water.opc
----- Source: /home/craigp/anaconda3/envs/AmberTools23/dat/leap/cmd/leaprc.water.opc
----- Source of /home/craigp/anaconda3/envs/AmberTools23/dat/leap/cmd/leaprc.water.opc done
>> #
>> #  Load OPC water model and ions for OPC + Li/Merz ion parameters
>> #  (-1 to +4, 12-6 normal usage set)
>> # 
>> addAtomTypes {
>> 	{ "F-"   "F" "sp3" }
>> 	{ "Cl-"  "Cl" "sp3" }
>> 	{ "Br-"  "Br" "sp3" }
>> 	{ "I-"   "I"  "sp3" }
>> 	{ "Li+"  "Li"  "sp3" }
>> 	{ "Na+"  "Na"  "sp3" }
>> 	{ "K+"  "K"  "sp3" }
>> 	{ "Rb+"  "Rb"  "sp3" }
>> 	{ "Cs+"  "Cs"  "sp3" }
>> 	{ "Mg+"  "Mg"  "sp3" }
>>     { "Tl+"  "Tl"  "sp3" }
>>     { "Cu+"  "Cu"  "sp3" }
>>     { "Ag+"  "Ag"  "sp3" }
>>     { "Be2+" "Be"  "sp3" }
>>     { "Cu2+" "Cu"  "sp3" }
>>     { "Ni2+" "Ni"  "sp3" }
>>     { "Pt2+" "Pt"  "sp3" }
>>     { "Zn2+" "Zn"  "sp3" }
>>     { "Co2+" "Co"  "sp3" }
>>     { "Pd2+" "Pd"  "sp3" }
>>     { "Ag2+" "Ag"  "sp3" }
>>     { "Cr2+" "Cr"  "sp3" }
>>     { "Fe2+" "Fe"  "sp3" }
>>     { "Mg2+" "Mg"  "sp3" }
>>     { "V2+"  "V"   "sp3" }
>>     { "Mn2+" "Mn"  "sp3" }
>>     { "Hg2+" "Hg"  "sp3" }
>>     { "Cd2+" "Cd"  "sp3" }
>>     { "Yb2+" "Yb"  "sp3" }
>>     { "Ca2+" "Ca"  "sp3" }
>>     { "Sn2+" "Sn"  "sp3" }
>>     { "Pb2+" "Pb"  "sp3" }
>>     { "Eu2+" "Eu"  "sp3" }
>>     { "Sr2+" "Sr"  "sp3" }
>>     { "Sm2+" "Sm"  "sp3" }
>>     { "Ba2+" "Ba"  "sp3" }
>>     { "Ra2+" "Ra"  "sp3" }
>>     { "Al3+" "Al"  "sp3" }
>>     { "Fe3+" "Fe"  "sp3" }
>>     { "Cr3+" "Cr"  "sp3" }
>>     { "In3+" "In"  "sp3" }
>>     { "Tl3+" "Tl"  "sp3" }
>>     { "Y3+"  "Y"   "sp3" }
>>     { "La3+" "La"  "sp3" }
>>     { "Ce3+" "Ce"  "sp3" }
>>     { "Pr3+" "Pr"  "sp3" }
>>     { "Nd3+" "Nd"  "sp3" }
>>     { "Sm3+" "Sm"  "sp3" }
>>     { "Eu3+" "Eu"  "sp3" }
>>     { "Gd3+" "Gd"  "sp3" }
>>     { "Tb3+" "Tb"  "sp3" }
>>     { "Dy3+" "Dy"  "sp3" }
>>     { "Er3+" "Er"  "sp3" }
>>     { "Tm3+" "Tm"  "sp3" }
>>     { "Lu3+" "Lu"  "sp3" }
>>     { "Hf4+" "Hf"  "sp3" }
>>     { "Zr4+" "Zr"  "sp3" }
>>     { "Ce4+" "Ce"  "sp3" }
>>     { "U4+"  "U"   "sp3" }
>>     { "Pu4+" "Pu"  "sp3" }
>>     { "Th4+" "Th"  "sp3" }
>>     { "OW"   "O"   "sp3" }
>>     { "HW"   "H"   "sp3" }
>>     { "EP"   ""    "sp3" }
>> }
>> loadOff atomic_ions.lib
Loading library: /home/craigp/anaconda3/envs/AmberTools23/dat/leap/lib/atomic_ions.lib
Loading: AG
Loading: AL
Loading: Ag
Loading: BA
Loading: BR
Loading: Be
Loading: CA
Loading: CD
Loading: CE
Loading: CL
Loading: CO
Loading: CR
Loading: CS
Loading: CU
Loading: CU1
Loading: Ce
Loading: Cl-
Loading: Cr
Loading: Dy
Loading: EU
Loading: EU3
Loading: Er
Loading: F
Loading: FE
Loading: FE2
Loading: GD3
Loading: H3O+
Loading: HE+
Loading: HG
Loading: HZ+
Loading: Hf
Loading: IN
Loading: IOD
Loading: K
Loading: K+
Loading: LA
Loading: LI
Loading: LU
Loading: MG
Loading: MN
Loading: NA
Loading: NH4
Loading: NI
Loading: Na+
Loading: Nd
Loading: PB
Loading: PD
Loading: PR
Loading: PT
Loading: Pu
Loading: RB
Loading: Ra
Loading: SM
Loading: SR
Loading: Sm
Loading: Sn
Loading: TB
Loading: TL
Loading: Th
Loading: Tl
Loading: Tm
Loading: U4+
Loading: V2+
Loading: Y
Loading: YB2
Loading: ZN
Loading: Zr
>> loadOff solvents.lib
Loading library: /home/craigp/anaconda3/envs/AmberTools23/dat/leap/lib/solvents.lib
Loading: CHCL3BOX
Loading: DC4
Loading: FB3
Loading: FB3BOX
Loading: FB4
Loading: FB4BOX
Loading: MEOHBOX
Loading: NMABOX
Loading: O3P
Loading: OP3
Loading: OPC
Loading: OPC3BOX
Loading: OPC3POLBOX
Loading: OPCBOX
Loading: PL3
Loading: POL3BOX
Loading: QSPCFWBOX
Loading: SPC
Loading: SPCBOX
Loading: SPCFWBOX
Loading: SPF
Loading: SPG
Loading: T4E
Loading: TIP3PBOX
Loading: TIP3PFBOX
Loading: TIP4PBOX
Loading: TIP4PEWBOX
Loading: TIP5PBOX
Loading: TP3
Loading: TP4
Loading: TP5
Loading: TPF
>> HOH = OPC
>> WAT = OPC
>> loadAmberParams frcmod.opc
Loading parameters: /home/craigp/anaconda3/envs/AmberTools23/dat/leap/parm/frcmod.opc
Reading force field modification type file (frcmod)
Reading title:
Parameters for OPC water (JPCL, 2014, 5 (21), pp 3863-3871)
(UNKNOWN ATOM TYPE: EP)
>> loadAmberParams frcmod.ionslm_126_opc
Loading parameters: /home/craigp/anaconda3/envs/AmberTools23/dat/leap/parm/frcmod.ionslm_126_opc
Reading force field modification type file (frcmod)
Reading title:
Li/Merz ion parameters of atomic ions for the OPC water model (12-6 set)
>> 
> 
> set default PBradii mbondi
Using modified Bondi radii
> source leaprc.protein.ff19SB                               # Load protein
----- Source: /home/craigp/anaconda3/envs/AmberTools23/dat/leap/cmd/leaprc.protein.ff19SB
----- Source of /home/craigp/anaconda3/envs/AmberTools23/dat/leap/cmd/leaprc.protein.ff19SB done
>> logFile leap.log
log started: Tue Jun 11 14:21:57 2024

Log file: ./leap.log
>> #
>> # ----- leaprc for loading the ff19SB force field
>> # ----- NOTE: this is designed for PDB format 3!
>> #
>> #	load atom type hybridizations
>> #
>> addAtomTypes {
>> 	{ "H"   "H" "sp3" }
>> 	{ "HO"  "H" "sp3" }
>> 	{ "HS"  "H" "sp3" }
>> 	{ "H1"  "H" "sp3" }
>> 	{ "H2"  "H" "sp3" }
>> 	{ "H3"  "H" "sp3" }
>> 	{ "H4"  "H" "sp3" }
>> 	{ "H5"  "H" "sp3" }
>> 	{ "HW"  "H" "sp3" }
>> 	{ "HC"  "H" "sp3" }
>> 	{ "HA"  "H" "sp3" }
>> 	{ "HP"  "H" "sp3" }
>> 	{ "HZ"  "H" "sp3" }
>> 	{ "OH"  "O" "sp3" }
>> 	{ "OS"  "O" "sp3" }
>> 	{ "O"   "O" "sp2" }
>> 	{ "O2"  "O" "sp2" }
>> 	{ "OP"  "O" "sp2" }
>> 	{ "OW"  "O" "sp3" }
>> 	{ "CT"  "C" "sp3" }
>> 	{ "CX"  "C" "sp3" }
>> 	{ "XC"  "C" "sp3" }
>> 	{ "C8"  "C" "sp3" }
>> 	{ "2C"  "C" "sp3" }
>> 	{ "3C"  "C" "sp3" }
>> 	{ "CH"  "C" "sp3" }
>> 	{ "CS"  "C" "sp2" }
>> 	{ "C"   "C" "sp2" }
>> 	{ "CO"   "C" "sp2" }
>> 	{ "C*"  "C" "sp2" }
>> 	{ "CA"  "C" "sp2" }
>> 	{ "CB"  "C" "sp2" }
>> 	{ "CC"  "C" "sp2" }
>> 	{ "CN"  "C" "sp2" }
>> 	{ "CM"  "C" "sp2" }
>> 	{ "CK"  "C" "sp2" }
>> 	{ "CQ"  "C" "sp2" }
>> 	{ "CD"  "C" "sp2" }
>> 	{ "C5"  "C" "sp2" }
>> 	{ "C4"  "C" "sp2" }
>> 	{ "CP"  "C" "sp2" }
>> 	{ "CI"  "C" "sp3" }
>> 	{ "CJ"  "C" "sp2" }
>> 	{ "CW"  "C" "sp2" }
>> 	{ "CV"  "C" "sp2" }
>> 	{ "CR"  "C" "sp2" }
>> 	{ "CA"  "C" "sp2" }
>> 	{ "CY"  "C" "sp2" }
>> 	{ "C0"  "Ca" "sp3" }
>> 	{ "MG"  "Mg" "sp3" }
>> 	{ "N"   "N" "sp2" }
>> 	{ "NA"  "N" "sp2" }
>> 	{ "N2"  "N" "sp2" }
>> 	{ "N*"  "N" "sp2" }
>> 	{ "NP"  "N" "sp2" }
>> 	{ "NQ"  "N" "sp2" }
>> 	{ "NB"  "N" "sp2" }
>> 	{ "NC"  "N" "sp2" }
>> 	{ "NT"  "N" "sp3" }
>> 	{ "NY"  "N" "sp2" }
>> 	{ "N3"  "N" "sp3" }
>> 	{ "S"   "S" "sp3" }
>> 	{ "SH"  "S" "sp3" }
>> 	{ "P"   "P" "sp3" }
>> 	{ "LP"  ""  "sp3" }
>> 	{ "EP"  ""  "sp3" }
>> 	{ "F"   "F" "sp3" }
>> 	{ "Cl"  "Cl" "sp3" }
>> 	{ "Br"  "Br" "sp3" }
>> 	{ "I"   "I"  "sp3" }
>> }
>> #
>> #	Load the main parameter set.
>> #
>> set default cmap on
>> parm19 = loadamberparams parm19.dat
Loading parameters: /home/craigp/anaconda3/envs/AmberTools23/dat/leap/parm/parm19.dat
Reading title:
PARM99 + frcmod.ff99SB + frcmod.parmbsc0 + OL3 for RNA + ff19SB
(UNKNOWN ATOM TYPE: Zn)
(UNKNOWN ATOM TYPE: EP)
>> frcmod19SB = loadamberparams frcmod.ff19SB
Loading parameters: /home/craigp/anaconda3/envs/AmberTools23/dat/leap/parm/frcmod.ff19SB
Reading force field modification type file (frcmod)
Reading title:
ff19SB AA-specific backbone CMAPs for protein 07/25/2019
>> #
>> #	Load main chain and terminating amino acid libraries
>> #
>> loadOff amino19.lib
Loading library: /home/craigp/anaconda3/envs/AmberTools23/dat/leap/lib/amino19.lib
Loading: ALA
Loading: ARG
Loading: ASH
Loading: ASN
Loading: ASP
Loading: CYM
Loading: CYS
Loading: CYX
Loading: GLH
Loading: GLN
Loading: GLU
Loading: GLY
Loading: HID
Loading: HIE
Loading: HIP
Loading: HYP
Loading: ILE
Loading: LEU
Loading: LYN
Loading: LYS
Loading: MET
Loading: PHE
Loading: PRO
Loading: SER
Loading: THR
Loading: TRP
Loading: TYR
Loading: VAL
>> loadOff aminoct12.lib
Loading library: /home/craigp/anaconda3/envs/AmberTools23/dat/leap/lib/aminoct12.lib
Loading: CALA
Loading: CARG
Loading: CASN
Loading: CASP
Loading: CCYS
Loading: CCYX
Loading: CGLN
Loading: CGLU
Loading: CGLY
Loading: CHID
Loading: CHIE
Loading: CHIP
Loading: CHYP
Loading: CILE
Loading: CLEU
Loading: CLYS
Loading: CMET
Loading: CPHE
Loading: CPRO
Loading: CSER
Loading: CTHR
Loading: CTRP
Loading: CTYR
Loading: CVAL
Loading: NHE
Loading: NME
>> loadOff aminont12.lib
Loading library: /home/craigp/anaconda3/envs/AmberTools23/dat/leap/lib/aminont12.lib
Loading: ACE
Loading: NALA
Loading: NARG
Loading: NASN
Loading: NASP
Loading: NCYS
Loading: NCYX
Loading: NGLN
Loading: NGLU
Loading: NGLY
Loading: NHID
Loading: NHIE
Loading: NHIP
Loading: NILE
Loading: NLEU
Loading: NLYS
Loading: NMET
Loading: NPHE
Loading: NPRO
Loading: NSER
Loading: NTHR
Loading: NTRP
Loading: NTYR
Loading: NVAL
>> 
>> #
>> #	Define the PDB name map for the amino acids
>> #
>> addPdbResMap {
>>   { 0 "HYP" "NHYP" } { 1 "HYP" "CHYP" }
>>   { 0 "ALA" "NALA" } { 1 "ALA" "CALA" }
>>   { 0 "ARG" "NARG" } { 1 "ARG" "CARG" }
>>   { 0 "ASN" "NASN" } { 1 "ASN" "CASN" }
>>   { 0 "ASP" "NASP" } { 1 "ASP" "CASP" }
>>   { 0 "CYS" "NCYS" } { 1 "CYS" "CCYS" }
>>   { 0 "CYX" "NCYX" } { 1 "CYX" "CCYX" }
>>   { 0 "GLN" "NGLN" } { 1 "GLN" "CGLN" }
>>   { 0 "GLU" "NGLU" } { 1 "GLU" "CGLU" }
>>   { 0 "GLY" "NGLY" } { 1 "GLY" "CGLY" }
>>   { 0 "HID" "NHID" } { 1 "HID" "CHID" }
>>   { 0 "HIE" "NHIE" } { 1 "HIE" "CHIE" }
>>   { 0 "HIP" "NHIP" } { 1 "HIP" "CHIP" }
>>   { 0 "ILE" "NILE" } { 1 "ILE" "CILE" }
>>   { 0 "LEU" "NLEU" } { 1 "LEU" "CLEU" }
>>   { 0 "LYS" "NLYS" } { 1 "LYS" "CLYS" }
>>   { 0 "MET" "NMET" } { 1 "MET" "CMET" }
>>   { 0 "PHE" "NPHE" } { 1 "PHE" "CPHE" }
>>   { 0 "PRO" "NPRO" } { 1 "PRO" "CPRO" }
>>   { 0 "SER" "NSER" } { 1 "SER" "CSER" }
>>   { 0 "THR" "NTHR" } { 1 "THR" "CTHR" }
>>   { 0 "TRP" "NTRP" } { 1 "TRP" "CTRP" }
>>   { 0 "TYR" "NTYR" } { 1 "TYR" "CTYR" }
>>   { 0 "VAL" "NVAL" } { 1 "VAL" "CVAL" }
>>   { 0 "HIS" "NHIS" } { 1 "HIS" "CHIS" }
>> }
Substituting map 0HYP -> NHYP  for  0HYP -> NHYP
Substituting map 1HYP -> CHYP  for  1HYP -> CHYP
Substituting map 0ALA -> NALA  for  0ALA -> NALA
Substituting map 1ALA -> CALA  for  1ALA -> CALA
Substituting map 0ARG -> NARG  for  0ARG -> NARG
Substituting map 1ARG -> CARG  for  1ARG -> CARG
Substituting map 0ASN -> NASN  for  0ASN -> NASN
Substituting map 1ASN -> CASN  for  1ASN -> CASN
Substituting map 0ASP -> NASP  for  0ASP -> NASP
Substituting map 1ASP -> CASP  for  1ASP -> CASP
Substituting map 0CYS -> NCYS  for  0CYS -> NCYS
Substituting map 1CYS -> CCYS  for  1CYS -> CCYS
Substituting map 0CYX -> NCYX  for  0CYX -> NCYX
Substituting map 1CYX -> CCYX  for  1CYX -> CCYX
Substituting map 0GLN -> NGLN  for  0GLN -> NGLN
Substituting map 1GLN -> CGLN  for  1GLN -> CGLN
Substituting map 0GLU -> NGLU  for  0GLU -> NGLU
Substituting map 1GLU -> CGLU  for  1GLU -> CGLU
Substituting map 0GLY -> NGLY  for  0GLY -> NGLY
Substituting map 1GLY -> CGLY  for  1GLY -> CGLY
Substituting map 0HID -> NHID  for  0HID -> NHID
Substituting map 1HID -> CHID  for  1HID -> CHID
Substituting map 0HIE -> NHIE  for  0HIE -> NHIE
Substituting map 1HIE -> CHIE  for  1HIE -> CHIE
Substituting map 0HIP -> NHIP  for  0HIP -> NHIP
Substituting map 1HIP -> CHIP  for  1HIP -> CHIP
Substituting map 0ILE -> NILE  for  0ILE -> NILE
Substituting map 1ILE -> CILE  for  1ILE -> CILE
Substituting map 0LEU -> NLEU  for  0LEU -> NLEU
Substituting map 1LEU -> CLEU  for  1LEU -> CLEU
Substituting map 0LYS -> NLYS  for  0LYS -> NLYS
Substituting map 1LYS -> CLYS  for  1LYS -> CLYS
Substituting map 0MET -> NMET  for  0MET -> NMET
Substituting map 1MET -> CMET  for  1MET -> CMET
Substituting map 0PHE -> NPHE  for  0PHE -> NPHE
Substituting map 1PHE -> CPHE  for  1PHE -> CPHE
Substituting map 0PRO -> NPRO  for  0PRO -> NPRO
Substituting map 1PRO -> CPRO  for  1PRO -> CPRO
Substituting map 0SER -> NSER  for  0SER -> NSER
Substituting map 1SER -> CSER  for  1SER -> CSER
Substituting map 0THR -> NTHR  for  0THR -> NTHR
Substituting map 1THR -> CTHR  for  1THR -> CTHR
Substituting map 0TRP -> NTRP  for  0TRP -> NTRP
Substituting map 1TRP -> CTRP  for  1TRP -> CTRP
Substituting map 0TYR -> NTYR  for  0TYR -> NTYR
Substituting map 1TYR -> CTYR  for  1TYR -> CTYR
Substituting map 0VAL -> NVAL  for  0VAL -> NVAL
Substituting map 1VAL -> CVAL  for  1VAL -> CVAL
Substituting map 0HIS -> NHIS  for  0HIS -> NHIS
Substituting map 1HIS -> CHIS  for  1HIS -> CHIS
>> 
>> #
>> # assume that most often proteins use HIE
>> #
>> NHIS = NHIE
>> HIS = HIE
>> CHIS = CHIE
> 
> source leaprc.gaff
----- Source: /home/craigp/anaconda3/envs/AmberTools23/dat/leap/cmd/leaprc.gaff
----- Source of /home/craigp/anaconda3/envs/AmberTools23/dat/leap/cmd/leaprc.gaff done
>> logFile leap.log
log started: Tue Jun 11 14:21:57 2024

Log file: ./leap.log
>> #
>> # ----- leaprc for loading the general Amber Force field.
>> #       This file is mostly for use with Antechamber
>> #
>> #	load atom type hybridizations
>> #
>> addAtomTypes {
>> 	{ "h1"  "H" "sp3" }
>> 	{ "h2"  "H" "sp3" }
>> 	{ "h3"  "H" "sp3" }
>> 	{ "h4"  "H" "sp3" }
>> 	{ "h5"  "H" "sp3" }
>> 	{ "ha"  "H" "sp3" }
>> 	{ "hc"  "H" "sp3" }
>> 	{ "hn"  "H" "sp3" }
>> 	{ "ho"  "H" "sp3" }
>> 	{ "hp"  "H" "sp3" }
>> 	{ "hs"  "H" "sp3" }
>> 	{ "hw"  "H" "sp3" }
>> 	{ "hx"  "H" "sp3" }
>> 	{ "o"  "O" "sp2" }
>> 	{ "o2"  "O" "sp2" }
>> 	{ "oh"  "O" "sp3" }
>> 	{ "op"  "O" "sp3" }
>> 	{ "oq"  "O" "sp3" }
>> 	{ "os"  "O" "sp3" }
>> 	{ "ow"  "O" "sp3" }
>> 	{ "c"  "C" "sp2" }
>> 	{ "c1"  "C" "sp2" }
>> 	{ "c2"  "C" "sp2" }
>> 	{ "c3"  "C" "sp3" }
>> 	{ "ca"  "C" "sp2" }
>> 	{ "cc"  "C" "sp2" }
>> 	{ "cd"  "C" "sp2" }
>> 	{ "ce"  "C" "sp2" }
>> 	{ "cf"  "C" "sp2" }
>> 	{ "cg"  "C" "sp2" }
>> 	{ "ch"  "C" "sp2" }
>> 	{ "cp"  "C" "sp2" }
>> 	{ "cq"  "C" "sp2" }
>> 	{ "cu"  "C" "sp2" }
>> 	{ "cv"  "C" "sp2" }
>> 	{ "cx"  "C" "sp2" }
>> 	{ "cy"  "C" "sp2" }
>> 	{ "cz"  "C" "sp2" }
>> 	{ "n"   "N" "sp2" }
>> 	{ "n1"  "N" "sp2" }
>> 	{ "n2"  "N" "sp2" }
>> 	{ "n3"  "N" "sp3" }
>> 	{ "n4"  "N" "sp3" }
>> 	{ "na"  "N" "sp2" }
>> 	{ "nb"  "N" "sp2" }
>> 	{ "nc"  "N" "sp2" }
>> 	{ "nd"  "N" "sp2" }
>> 	{ "ne"  "N" "sp2" }
>> 	{ "nf"  "N" "sp2" }
>> 	{ "nh"  "N" "sp2" }
>> 	{ "ni"  "N" "sp2" }
>> 	{ "nj"  "N" "sp2" }
>> 	{ "nk"  "N" "sp3" }
>> 	{ "nl"  "N" "sp3" }
>> 	{ "nm"  "N" "sp2" }
>> 	{ "nn"  "N" "sp2" }
>> 	{ "no"  "N" "sp2" }
>> 	{ "np"  "N" "sp3" }
>> 	{ "nq"  "N" "sp3" }
>> 	{ "s"   "S" "sp2" }
>> 	{ "s2"   "S" "sp2" }
>> 	{ "s3"   "S" "sp3" }
>> 	{ "s4"   "S" "sp3" }
>> 	{ "s6"   "S" "sp3" }
>> 	{ "sh"   "S" "sp3" }
>> 	{ "sp"   "S" "sp3" }
>> 	{ "sq"   "S" "sp3" }
>> 	{ "ss"   "S" "sp3" }
>> 	{ "sx"   "S" "sp3" }
>> 	{ "sy"   "S" "sp3" }
>> 	{ "p2"   "P" "sp2" }
>> 	{ "p3"   "P" "sp3" }
>> 	{ "p4"   "P" "sp3" }
>> 	{ "p5"   "P" "sp3" }
>> 	{ "pb"   "P" "sp3" }
>> 	{ "pc"   "P" "sp3" }
>> 	{ "pd"   "P" "sp3" }
>> 	{ "pe"   "P" "sp3" }
>> 	{ "pf"   "P" "sp3" }
>> 	{ "px"   "P" "sp3" }
>> 	{ "py"   "P" "sp3" }
>> 	{ "f"   "F" "sp3" }
>> 	{ "cl"  "Cl" "sp3" }
>> 	{ "br"  "Br" "sp3" }
>> 	{ "i"   "I"  "sp3" }
>> }
>> #
>> #	Load the general force field parameter set.
>> #
>> gaff = loadamberparams gaff.dat
Loading parameters: /home/craigp/anaconda3/envs/AmberTools23/dat/leap/parm/gaff.dat
Reading title:
AMBER General Force Field for organic molecules (Version 1.81, May 2017)
> 
> source leaprc.water.opc
----- Source: /home/craigp/anaconda3/envs/AmberTools23/dat/leap/cmd/leaprc.water.opc
----- Source of /home/craigp/anaconda3/envs/AmberTools23/dat/leap/cmd/leaprc.water.opc done
>> #
>> #  Load OPC water model and ions for OPC + Li/Merz ion parameters
>> #  (-1 to +4, 12-6 normal usage set)
>> # 
>> addAtomTypes {
>> 	{ "F-"   "F" "sp3" }
>> 	{ "Cl-"  "Cl" "sp3" }
>> 	{ "Br-"  "Br" "sp3" }
>> 	{ "I-"   "I"  "sp3" }
>> 	{ "Li+"  "Li"  "sp3" }
>> 	{ "Na+"  "Na"  "sp3" }
>> 	{ "K+"  "K"  "sp3" }
>> 	{ "Rb+"  "Rb"  "sp3" }
>> 	{ "Cs+"  "Cs"  "sp3" }
>> 	{ "Mg+"  "Mg"  "sp3" }
>>     { "Tl+"  "Tl"  "sp3" }
>>     { "Cu+"  "Cu"  "sp3" }
>>     { "Ag+"  "Ag"  "sp3" }
>>     { "Be2+" "Be"  "sp3" }
>>     { "Cu2+" "Cu"  "sp3" }
>>     { "Ni2+" "Ni"  "sp3" }
>>     { "Pt2+" "Pt"  "sp3" }
>>     { "Zn2+" "Zn"  "sp3" }
>>     { "Co2+" "Co"  "sp3" }
>>     { "Pd2+" "Pd"  "sp3" }
>>     { "Ag2+" "Ag"  "sp3" }
>>     { "Cr2+" "Cr"  "sp3" }
>>     { "Fe2+" "Fe"  "sp3" }
>>     { "Mg2+" "Mg"  "sp3" }
>>     { "V2+"  "V"   "sp3" }
>>     { "Mn2+" "Mn"  "sp3" }
>>     { "Hg2+" "Hg"  "sp3" }
>>     { "Cd2+" "Cd"  "sp3" }
>>     { "Yb2+" "Yb"  "sp3" }
>>     { "Ca2+" "Ca"  "sp3" }
>>     { "Sn2+" "Sn"  "sp3" }
>>     { "Pb2+" "Pb"  "sp3" }
>>     { "Eu2+" "Eu"  "sp3" }
>>     { "Sr2+" "Sr"  "sp3" }
>>     { "Sm2+" "Sm"  "sp3" }
>>     { "Ba2+" "Ba"  "sp3" }
>>     { "Ra2+" "Ra"  "sp3" }
>>     { "Al3+" "Al"  "sp3" }
>>     { "Fe3+" "Fe"  "sp3" }
>>     { "Cr3+" "Cr"  "sp3" }
>>     { "In3+" "In"  "sp3" }
>>     { "Tl3+" "Tl"  "sp3" }
>>     { "Y3+"  "Y"   "sp3" }
>>     { "La3+" "La"  "sp3" }
>>     { "Ce3+" "Ce"  "sp3" }
>>     { "Pr3+" "Pr"  "sp3" }
>>     { "Nd3+" "Nd"  "sp3" }
>>     { "Sm3+" "Sm"  "sp3" }
>>     { "Eu3+" "Eu"  "sp3" }
>>     { "Gd3+" "Gd"  "sp3" }
>>     { "Tb3+" "Tb"  "sp3" }
>>     { "Dy3+" "Dy"  "sp3" }
>>     { "Er3+" "Er"  "sp3" }
>>     { "Tm3+" "Tm"  "sp3" }
>>     { "Lu3+" "Lu"  "sp3" }
>>     { "Hf4+" "Hf"  "sp3" }
>>     { "Zr4+" "Zr"  "sp3" }
>>     { "Ce4+" "Ce"  "sp3" }
>>     { "U4+"  "U"   "sp3" }
>>     { "Pu4+" "Pu"  "sp3" }
>>     { "Th4+" "Th"  "sp3" }
>>     { "OW"   "O"   "sp3" }
>>     { "HW"   "H"   "sp3" }
>>     { "EP"   ""    "sp3" }
>> }
>> loadOff atomic_ions.lib
Loading library: /home/craigp/anaconda3/envs/AmberTools23/dat/leap/lib/atomic_ions.lib
Loading: AG
Loading: AL
Loading: Ag
Loading: BA
Loading: BR
Loading: Be
Loading: CA
Loading: CD
Loading: CE
Loading: CL
Loading: CO
Loading: CR
Loading: CS
Loading: CU
Loading: CU1
Loading: Ce
Loading: Cl-
Loading: Cr
Loading: Dy
Loading: EU
Loading: EU3
Loading: Er
Loading: F
Loading: FE
Loading: FE2
Loading: GD3
Loading: H3O+
Loading: HE+
Loading: HG
Loading: HZ+
Loading: Hf
Loading: IN
Loading: IOD
Loading: K
Loading: K+
Loading: LA
Loading: LI
Loading: LU
Loading: MG
Loading: MN
Loading: NA
Loading: NH4
Loading: NI
Loading: Na+
Loading: Nd
Loading: PB
Loading: PD
Loading: PR
Loading: PT
Loading: Pu
Loading: RB
Loading: Ra
Loading: SM
Loading: SR
Loading: Sm
Loading: Sn
Loading: TB
Loading: TL
Loading: Th
Loading: Tl
Loading: Tm
Loading: U4+
Loading: V2+
Loading: Y
Loading: YB2
Loading: ZN
Loading: Zr
>> loadOff solvents.lib
Loading library: /home/craigp/anaconda3/envs/AmberTools23/dat/leap/lib/solvents.lib
Loading: CHCL3BOX
Loading: DC4
Loading: FB3
Loading: FB3BOX
Loading: FB4
Loading: FB4BOX
Loading: MEOHBOX
Loading: NMABOX
Loading: O3P
Loading: OP3
Loading: OPC
Loading: OPC3BOX
Loading: OPC3POLBOX
Loading: OPCBOX
Loading: PL3
Loading: POL3BOX
Loading: QSPCFWBOX
Loading: SPC
Loading: SPCBOX
Loading: SPCFWBOX
Loading: SPF
Loading: SPG
Loading: T4E
Loading: TIP3PBOX
Loading: TIP3PFBOX
Loading: TIP4PBOX
Loading: TIP4PEWBOX
Loading: TIP5PBOX
Loading: TP3
Loading: TP4
Loading: TP5
Loading: TPF
>> HOH = OPC
>> WAT = OPC
>> loadAmberParams frcmod.opc
Loading parameters: /home/craigp/anaconda3/envs/AmberTools23/dat/leap/parm/frcmod.opc
Reading force field modification type file (frcmod)
Reading title:
Parameters for OPC water (JPCL, 2014, 5 (21), pp 3863-3871)
(UNKNOWN ATOM TYPE: EP)
>> loadAmberParams frcmod.ionslm_126_opc
Loading parameters: /home/craigp/anaconda3/envs/AmberTools23/dat/leap/parm/frcmod.ionslm_126_opc
Reading force field modification type file (frcmod)
Reading title:
Li/Merz ion parameters of atomic ions for the OPC water model (12-6 set)
>> 
> 
> set default PBradii mbondi
Using modified Bondi radii
> loadamberparams frcmod.phmd
Loading parameters: ./frcmod.phmd
Reading force field modification type file (frcmod)
Reading title:
!Force field modifications for continuous phmd simulations (Feb 2018)
> loadoff phmd.lib
Loading library: ./phmd.lib
Loading: AS2
Loading: GL2
> model = loadpdb 2lzt_ready.pdb
Loading PDB file: ./2lzt_ready.pdb

Warning: Name change in pdb file residue 1 ;
this residue is split into ACE and LYS.

Warning: Name change in pdb file residue 124 ;
this residue is split into ILE and NHE.

Note: 2 residues had naming warnings.
Thus, there are split residues;
residue sequence numbers will not correspond to those in the pdb.
Matching PDB residue names to LEaP variables.
Starting new chain with OPC
Starting new chain with OPC
Starting new chain with OPC
Starting new chain with OPC
Starting new chain with OPC
Starting new chain with OPC
Starting new chain with OPC
Starting new chain with OPC
Starting new chain with OPC
Starting new chain with OPC
Starting new chain with OPC
Starting new chain with OPC
Starting new chain with OPC
Starting new chain with OPC
Starting new chain with OPC
Starting new chain with OPC
Starting new chain with OPC
Starting new chain with OPC
Starting new chain with OPC
Starting new chain with OPC
Starting new chain with OPC
Starting new chain with OPC
Starting new chain with OPC
Starting new chain with OPC
Starting new chain with OPC
Starting new chain with OPC
Starting new chain with OPC
Starting new chain with OPC
Starting new chain with OPC
Starting new chain with OPC
Starting new chain with OPC
Starting new chain with OPC
Starting new chain with OPC
Starting new chain with OPC
Starting new chain with OPC
Starting new chain with OPC
Starting new chain with OPC
Starting new chain with OPC
Starting new chain with OPC
Starting new chain with OPC
Starting new chain with OPC
Starting new chain with OPC
Starting new chain with OPC
Starting new chain with OPC
Starting new chain with OPC
Starting new chain with OPC
Starting new chain with OPC
Starting new chain with OPC
Starting new chain with OPC
Starting new chain with OPC
Starting new chain with OPC
Starting new chain with OPC
Starting new chain with OPC
Starting new chain with OPC
Starting new chain with OPC
Starting new chain with OPC
Starting new chain with OPC
Starting new chain with OPC
Starting new chain with OPC
Starting new chain with OPC
Starting new chain with OPC
Starting new chain with OPC
Starting new chain with OPC
Starting new chain with OPC
Starting new chain with OPC
Starting new chain with OPC
Starting new chain with OPC
Starting new chain with OPC
Starting new chain with OPC
Starting new chain with OPC
Starting new chain with OPC
Starting new chain with OPC
Starting new chain with OPC
Starting new chain with OPC
Starting new chain with OPC
Starting new chain with OPC
Starting new chain with OPC
Starting new chain with OPC
Starting new chain with OPC
Starting new chain with OPC
Starting new chain with OPC
Starting new chain with OPC
Starting new chain with OPC
Starting new chain with OPC
Starting new chain with OPC
Starting new chain with OPC
Starting new chain with OPC
Starting new chain with OPC
Starting new chain with OPC
Starting new chain with OPC
Starting new chain with OPC
Starting new chain with OPC
Starting new chain with OPC
Starting new chain with OPC
Starting new chain with OPC
Starting new chain with OPC
Starting new chain with OPC
Starting new chain with OPC
Starting new chain with OPC
Starting new chain with OPC
Starting new chain with OPC
Starting new chain with OPC
Starting new chain with OPC
Starting new chain with OPC
Starting new chain with OPC
Starting new chain with OPC
Starting new chain with OPC
Starting new chain with OPC
Starting new chain with OPC
Starting new chain with OPC
Starting new chain with OPC
Starting new chain with OPC
Starting new chain with OPC
Starting new chain with OPC
Starting new chain with OPC
Starting new chain with OPC
Starting new chain with OPC
Starting new chain with OPC
Starting new chain with OPC
Starting new chain with OPC
Starting new chain with OPC
Starting new chain with OPC
Starting new chain with OPC
Starting new chain with OPC
Starting new chain with OPC
Starting new chain with OPC
Starting new chain with OPC
Starting new chain with OPC
Starting new chain with OPC
Starting new chain with OPC
Starting new chain with OPC
Starting new chain with OPC
Starting new chain with OPC
Starting new chain with OPC
Starting new chain with OPC
Starting new chain with OPC
Starting new chain with OPC
Starting new chain with OPC
Starting new chain with OPC
Starting new chain with OPC
Starting new chain with OPC
Starting new chain with OPC
Starting new chain with OPC
Starting new chain with OPC
Starting new chain with OPC
Starting new chain with OPC
Starting new chain with OPC
Starting new chain with OPC
Starting new chain with OPC
Starting new chain with OPC
Starting new chain with OPC
Starting new chain with OPC
Starting new chain with OPC
Starting new chain with OPC
Starting new chain with OPC
Starting new chain with OPC
Starting new chain with OPC
Starting new chain with OPC
Starting new chain with OPC
Starting new chain with OPC
Starting new chain with OPC
Starting new chain with OPC
Starting new chain with OPC
Starting new chain with OPC
Starting new chain with OPC
Starting new chain with OPC
Starting new chain with OPC
Starting new chain with OPC
Starting new chain with OPC
Starting new chain with OPC
Starting new chain with OPC
Starting new chain with OPC
Starting new chain with OPC
Starting new chain with OPC
Starting new chain with OPC
Starting new chain with OPC
Starting new chain with OPC
Starting new chain with OPC
Starting new chain with OPC
Starting new chain with OPC
Starting new chain with OPC
Starting new chain with OPC
Starting new chain with OPC
Starting new chain with OPC
Starting new chain with OPC
Starting new chain with OPC
Starting new chain with OPC
Starting new chain with OPC
Starting new chain with OPC
Starting new chain with OPC
Starting new chain with OPC
Starting new chain with OPC
Starting new chain with OPC
Starting new chain with OPC
Starting new chain with OPC
Starting new chain with OPC
Starting new chain with OPC
Starting new chain with OPC
  total atoms in file: 2499
  Leap added 205 missing atoms according to residue templates:
       205 H / lone pairs
> solvateoct model OPCBOX 15 0.75
Scaling up box by a factor of 1.309017 to meet diagonal cut criterion
  Solute vdw bounding box:              37.224 48.463 58.590
  Total bounding box for atom centers:  97.861 97.861 97.861
      (box expansion for 'iso' is  42.7%)
  Solvent unit box:                     18.865 18.478 19.006
The number of boxes:  x= 6  y= 6  z= 6
  Volume: 483107.923 A^3 (oct)
  Total mass 267351.026 amu,  Density 0.919 g/cc
  Added 13875 residues.
> charge model
Total unperturbed charge:  16.000000
Total perturbed charge:    16.000000
> addions model Cl- 41
Adding 41 counter ions to "model" using 1A grid
Total solute charge:  16.00  Max atom radius:   1.98
Grid extends from solute vdw + 8.20  to  14.19
Box:
   enclosing:  -36.46 -35.98 -24.26   23.73 33.85 36.84
   sized:			      91.54 92.02 103.74
   edge:        128.00
Resolution:      1.00 Angstrom.
Tree depth: 7
Volume =  2.49% of box, grid points 52163
Solvent present: replacing closest with ion
	 when steric overlaps occur
Calculating grid charges
(Replacing solvent molecule)
Placed Cl- in model at (0.07, 9.26, -17.02).
(Replacing solvent molecule)
Placed Cl- in model at (-22.96, 8.51, -6.24).
(Replacing solvent molecule)
Placed Cl- in model at (-12.80, -13.83, 19.57).
(Replacing solvent molecule)
Placed Cl- in model at (2.07, 21.81, -5.69).
(Replacing solvent molecule)
Placed Cl- in model at (18.28, 7.26, 10.29).
(Replacing solvent molecule)
Placed Cl- in model at (-15.21, 9.61, 23.39).
(Replacing solvent molecule)
Placed Cl- in model at (-1.62, -16.85, -11.66).
(Replacing solvent molecule)
Placed Cl- in model at (-14.54, 21.79, -2.65).
(Replacing solvent molecule)
Placed Cl- in model at (4.26, -14.68, 15.57).
(Replacing solvent molecule)
Placed Cl- in model at (-31.75, -4.16, 7.88).
(Replacing solvent molecule)
Placed Cl- in model at (-8.09, 23.34, 14.56).
(Replacing solvent molecule)
Placed Cl- in model at (12.22, 5.75, -11.20).
(Replacing solvent molecule)
Placed Cl- in model at (-21.43, -23.19, 14.33).
(Replacing solvent molecule)
Placed Cl- in model at (-14.85, -1.28, -15.72).
(Replacing solvent molecule)
Placed Cl- in model at (-6.36, -3.24, 28.76).
(Replacing solvent molecule)
Placed Cl- in model at (-4.18, -28.15, 1.54).
(Replacing solvent molecule)
Placed Cl- in model at (14.21, -6.52, 11.54).
(Replacing solvent molecule)
Placed Cl- in model at (10.30, 22.78, 5.22).
(Replacing solvent molecule)
Placed Cl- in model at (-28.97, 12.88, 7.72).
(Replacing solvent molecule)
Placed Cl- in model at (-3.36, 18.22, -19.91).
(Replacing solvent molecule)
Placed Cl- in model at (-23.79, -19.81, -4.08).
(Replacing solvent molecule)
Placed Cl- in model at (11.60, 3.96, 21.56).
(Replacing solvent molecule)
Placed Cl- in model at (7.26, -17.45, -2.67).
(Replacing solvent molecule)
Placed Cl- in model at (-18.26, -4.89, 21.21).
(Replacing solvent molecule)
Placed Cl- in model at (-14.02, -17.22, -14.23).
(Replacing solvent molecule)
Placed Cl- in model at (5.73, 24.37, 27.88).
(Replacing solvent molecule)
Placed Cl- in model at (18.27, 9.41, -0.11).
(Replacing solvent molecule)
Placed Cl- in model at (-27.06, 7.43, -9.08).
(Replacing solvent molecule)
Placed Cl- in model at (-0.72, -32.22, 19.86).
(Replacing solvent molecule)
Placed Cl- in model at (-6.38, 27.82, 3.08).
(Replacing solvent molecule)
Placed Cl- in model at (8.11, 4.53, -22.58).
(Replacing solvent molecule)
Placed Cl- in model at (-19.40, -33.96, -0.44).
(Replacing solvent molecule)
Placed Cl- in model at (0.52, 8.94, 35.79).
(Replacing solvent molecule)
Placed Cl- in model at (-34.23, -8.44, -13.52).
(Replacing solvent molecule)
Placed Cl- in model at (-25.58, 24.72, 15.97).
(Replacing solvent molecule)
Placed Cl- in model at (-33.29, -16.23, 18.28).
(Replacing solvent molecule)
Placed Cl- in model at (21.93, -7.33, -4.93).
(Replacing solvent molecule)
Placed Cl- in model at (-2.42, -11.30, 30.24).
(Replacing solvent molecule)
Placed Cl- in model at (-12.20, 13.92, -11.94).
(Replacing solvent molecule)
Placed Cl- in model at (-6.93, -30.05, -10.83).
(Replacing solvent molecule)
Placed Cl- in model at (-30.86, 6.61, 21.13).

Done adding ions.
> addions model Na+ 35
Adding 35 counter ions to "model" using 1A grid
Total solute charge:  -25.00  Max atom radius:   2.36
Grid extends from solute vdw + 4.84  to  11.20
Box:
   enclosing:  -45.43 -45.16 -33.78   33.13 39.02 47.00
   sized:			      82.57 82.84 94.22
   edge:        128.00
Resolution:      1.00 Angstrom.
Tree depth: 7
Volume =  4.50% of box, grid points 94414
Solvent present: replacing closest with ion
	 when steric overlaps occur
Calculating grid charges
(Replacing solvent molecule)
Placed Na+ in model at (6.61, 8.63, -18.15).
(Replacing solvent molecule)
Placed Na+ in model at (-19.28, 7.98, -11.84).
(Replacing solvent molecule)
Placed Na+ in model at (-8.51, -10.96, 26.43).
(Replacing solvent molecule)
Placed Na+ in model at (-9.42, -31.83, -3.95).
(Replacing solvent molecule)
Placed Na+ in model at (-29.27, 9.86, 15.00).
(Replacing solvent molecule)
Placed Na+ in model at (-6.38, -18.79, -14.51).
(Replacing solvent molecule)
Placed Na+ in model at (20.17, 3.67, 3.26).
(Replacing solvent molecule)
Placed Na+ in model at (-28.17, -19.87, 14.13).
(Replacing solvent molecule)
Placed Na+ in model at (-13.26, 27.51, 0.50).
(Replacing solvent molecule)
Placed Na+ in model at (-28.03, 12.00, -3.61).
(Replacing solvent molecule)
Placed Na+ in model at (11.22, -14.12, 12.55).
(Replacing solvent molecule)
Placed Na+ in model at (1.01, -4.05, 34.56).
(Replacing solvent molecule)
Placed Na+ in model at (-10.01, 17.91, -17.17).
(Replacing solvent molecule)
Placed Na+ in model at (-21.85, -26.82, -2.93).
(Replacing solvent molecule)
Placed Na+ in model at (17.96, 5.07, 16.57).
(Replacing solvent molecule)
Placed Na+ in model at (-3.64, 28.25, 9.83).
(Replacing solvent molecule)
Placed Na+ in model at (-20.86, -11.86, 21.22).
(Replacing solvent molecule)
Placed Na+ in model at (6.37, -16.40, -9.27).
(Replacing solvent molecule)
Placed Na+ in model at (3.44, 19.06, 28.97).
(Replacing solvent molecule)
Placed Na+ in model at (-28.49, -14.80, -11.11).
(Replacing solvent molecule)
Placed Na+ in model at (-1.42, 13.02, -23.36).
(Replacing solvent molecule)
Placed Na+ in model at (-29.68, 19.87, 12.35).
(Replacing solvent molecule)
Placed Na+ in model at (7.29, 26.25, 0.09).
(Replacing solvent molecule)
Placed Na+ in model at (0.14, -24.81, 18.63).
(Replacing solvent molecule)
Placed Na+ in model at (17.56, 8.09, -8.68).
(Replacing solvent molecule)
Placed Na+ in model at (-33.61, -8.06, 15.56).
(Replacing solvent molecule)
Placed Na+ in model at (-33.57, 0.06, -13.49).
(Replacing solvent molecule)
Placed Na+ in model at (-20.44, 10.26, 27.68).
(Replacing solvent molecule)
Placed Na+ in model at (27.27, -13.64, -7.65).
(Replacing solvent molecule)
Placed Na+ in model at (-2.79, -38.75, 22.56).
(Replacing solvent molecule)
Placed Na+ in model at (-2.12, 11.76, 43.30).
(Replacing solvent molecule)
Placed Na+ in model at (-8.33, -34.80, -16.12).
(Replacing solvent molecule)
Placed Na+ in model at (-21.90, 29.30, 19.31).
(Replacing solvent molecule)
Placed Na+ in model at (-18.41, -39.18, 1.66).
(Replacing solvent molecule)
Placed Na+ in model at (10.95, 2.64, -27.17).

Done adding ions.
> charge model
Total unperturbed charge:  10.000000
Total perturbed charge:    10.000000
> savepdb model 2lzt_cphmd.pdb
Writing pdb file: 2lzt_cphmd.pdb
   printing CRYST1 record to PDB file with box info
> saveamberparm model 2lzt_cphmd.prmtop 2lzt_cphmd.rst7
Checking Unit.

Warning: The unperturbed charge of the unit (10.000000) is not zero.

Note: Ignoring the warnings from Unit Checking.

Building topology.
Building atom parameters.
Building bond parameters.
Building angle parameters.
Building proper torsion parameters.
Building improper torsion parameters.
 total 424 improper torsions applied
Building H-Bond parameters.
Incorporating Non-Bonded adjustments.
Not Marking per-residue atom chain types.
Marking per-residue atom chain types.
  (Residues lacking connect0/connect1 - 
   these don't have chain types marked:

	res	total affected

	WAT	197
  )
 (no restraints)
> quit
	Quit

Exiting LEaP: Errors = 0; Warnings = 3; Notes = 2.
log started: Tue Jun 11 16:12:55 2024

Log file: ./leap.log
>> #
>> # ----- leaprc for loading the ff19SB force field
>> # ----- NOTE: this is designed for PDB format 3!
>> #
>> #	load atom type hybridizations
>> #
>> addAtomTypes {
>> 	{ "H"   "H" "sp3" }
>> 	{ "HO"  "H" "sp3" }
>> 	{ "HS"  "H" "sp3" }
>> 	{ "H1"  "H" "sp3" }
>> 	{ "H2"  "H" "sp3" }
>> 	{ "H3"  "H" "sp3" }
>> 	{ "H4"  "H" "sp3" }
>> 	{ "H5"  "H" "sp3" }
>> 	{ "HW"  "H" "sp3" }
>> 	{ "HC"  "H" "sp3" }
>> 	{ "HA"  "H" "sp3" }
>> 	{ "HP"  "H" "sp3" }
>> 	{ "HZ"  "H" "sp3" }
>> 	{ "OH"  "O" "sp3" }
>> 	{ "OS"  "O" "sp3" }
>> 	{ "O"   "O" "sp2" }
>> 	{ "O2"  "O" "sp2" }
>> 	{ "OP"  "O" "sp2" }
>> 	{ "OW"  "O" "sp3" }
>> 	{ "CT"  "C" "sp3" }
>> 	{ "CX"  "C" "sp3" }
>> 	{ "XC"  "C" "sp3" }
>> 	{ "C8"  "C" "sp3" }
>> 	{ "2C"  "C" "sp3" }
>> 	{ "3C"  "C" "sp3" }
>> 	{ "CH"  "C" "sp3" }
>> 	{ "CS"  "C" "sp2" }
>> 	{ "C"   "C" "sp2" }
>> 	{ "CO"   "C" "sp2" }
>> 	{ "C*"  "C" "sp2" }
>> 	{ "CA"  "C" "sp2" }
>> 	{ "CB"  "C" "sp2" }
>> 	{ "CC"  "C" "sp2" }
>> 	{ "CN"  "C" "sp2" }
>> 	{ "CM"  "C" "sp2" }
>> 	{ "CK"  "C" "sp2" }
>> 	{ "CQ"  "C" "sp2" }
>> 	{ "CD"  "C" "sp2" }
>> 	{ "C5"  "C" "sp2" }
>> 	{ "C4"  "C" "sp2" }
>> 	{ "CP"  "C" "sp2" }
>> 	{ "CI"  "C" "sp3" }
>> 	{ "CJ"  "C" "sp2" }
>> 	{ "CW"  "C" "sp2" }
>> 	{ "CV"  "C" "sp2" }
>> 	{ "CR"  "C" "sp2" }
>> 	{ "CA"  "C" "sp2" }
>> 	{ "CY"  "C" "sp2" }
>> 	{ "C0"  "Ca" "sp3" }
>> 	{ "MG"  "Mg" "sp3" }
>> 	{ "N"   "N" "sp2" }
>> 	{ "NA"  "N" "sp2" }
>> 	{ "N2"  "N" "sp2" }
>> 	{ "N*"  "N" "sp2" }
>> 	{ "NP"  "N" "sp2" }
>> 	{ "NQ"  "N" "sp2" }
>> 	{ "NB"  "N" "sp2" }
>> 	{ "NC"  "N" "sp2" }
>> 	{ "NT"  "N" "sp3" }
>> 	{ "NY"  "N" "sp2" }
>> 	{ "N3"  "N" "sp3" }
>> 	{ "S"   "S" "sp3" }
>> 	{ "SH"  "S" "sp3" }
>> 	{ "P"   "P" "sp3" }
>> 	{ "LP"  ""  "sp3" }
>> 	{ "EP"  ""  "sp3" }
>> 	{ "F"   "F" "sp3" }
>> 	{ "Cl"  "Cl" "sp3" }
>> 	{ "Br"  "Br" "sp3" }
>> 	{ "I"   "I"  "sp3" }
>> }
>> #
>> #	Load the main parameter set.
>> #
>> set default cmap on
>> parm19 = loadamberparams parm19.dat
Loading parameters: /home/rotation/rliu/software/amber_master_cphmd_cu118/dat/leap/parm/parm19.dat
Reading title:
PARM99 + frcmod.ff99SB + frcmod.parmbsc0 + OL3 for RNA + ff19SB
(UNKNOWN ATOM TYPE: Zn)
(UNKNOWN ATOM TYPE: EP)
>> frcmod19SB = loadamberparams frcmod.ff19SB
Loading parameters: /home/rotation/rliu/software/amber_master_cphmd_cu118/dat/leap/parm/frcmod.ff19SB
Reading force field modification type file (frcmod)
Reading title:
ff19SB AA-specific backbone CMAPs for protein 07/25/2019
>> #
>> #	Load main chain and terminating amino acid libraries
>> #
>> loadOff amino19.lib
Loading library: /home/rotation/rliu/software/amber_master_cphmd_cu118/dat/leap/lib/amino19.lib
Loading: ALA
Loading: ARG
Loading: ASH
Loading: ASN
Loading: ASP
Loading: CYM
Loading: CYS
Loading: CYX
Loading: GLH
Loading: GLN
Loading: GLU
Loading: GLY
Loading: HID
Loading: HIE
Loading: HIP
Loading: HYP
Loading: ILE
Loading: LEU
Loading: LYN
Loading: LYS
Loading: MET
Loading: PHE
Loading: PRO
Loading: SER
Loading: THR
Loading: TRP
Loading: TYR
Loading: VAL
>> loadOff aminoct12.lib
Loading library: /home/rotation/rliu/software/amber_master_cphmd_cu118/dat/leap/lib/aminoct12.lib
Loading: CALA
Loading: CARG
Loading: CASN
Loading: CASP
Loading: CCYS
Loading: CCYX
Loading: CGLN
Loading: CGLU
Loading: CGLY
Loading: CHID
Loading: CHIE
Loading: CHIP
Loading: CHYP
Loading: CILE
Loading: CLEU
Loading: CLYS
Loading: CMET
Loading: CPHE
Loading: CPRO
Loading: CSER
Loading: CTHR
Loading: CTRP
Loading: CTYR
Loading: CVAL
Loading: NHE
Loading: NME
>> loadOff aminont12.lib
Loading library: /home/rotation/rliu/software/amber_master_cphmd_cu118/dat/leap/lib/aminont12.lib
Loading: ACE
Loading: NALA
Loading: NARG
Loading: NASN
Loading: NASP
Loading: NCYS
Loading: NCYX
Loading: NGLN
Loading: NGLU
Loading: NGLY
Loading: NHID
Loading: NHIE
Loading: NHIP
Loading: NILE
Loading: NLEU
Loading: NLYS
Loading: NMET
Loading: NPHE
Loading: NPRO
Loading: NSER
Loading: NTHR
Loading: NTRP
Loading: NTYR
Loading: NVAL
>> 
>> #
>> #	Define the PDB name map for the amino acids
>> #
>> addPdbResMap {
>>   { 0 "HYP" "NHYP" } { 1 "HYP" "CHYP" }
>>   { 0 "ALA" "NALA" } { 1 "ALA" "CALA" }
>>   { 0 "ARG" "NARG" } { 1 "ARG" "CARG" }
>>   { 0 "ASN" "NASN" } { 1 "ASN" "CASN" }
>>   { 0 "ASP" "NASP" } { 1 "ASP" "CASP" }
>>   { 0 "CYS" "NCYS" } { 1 "CYS" "CCYS" }
>>   { 0 "CYX" "NCYX" } { 1 "CYX" "CCYX" }
>>   { 0 "GLN" "NGLN" } { 1 "GLN" "CGLN" }
>>   { 0 "GLU" "NGLU" } { 1 "GLU" "CGLU" }
>>   { 0 "GLY" "NGLY" } { 1 "GLY" "CGLY" }
>>   { 0 "HID" "NHID" } { 1 "HID" "CHID" }
>>   { 0 "HIE" "NHIE" } { 1 "HIE" "CHIE" }
>>   { 0 "HIP" "NHIP" } { 1 "HIP" "CHIP" }
>>   { 0 "ILE" "NILE" } { 1 "ILE" "CILE" }
>>   { 0 "LEU" "NLEU" } { 1 "LEU" "CLEU" }
>>   { 0 "LYS" "NLYS" } { 1 "LYS" "CLYS" }
>>   { 0 "MET" "NMET" } { 1 "MET" "CMET" }
>>   { 0 "PHE" "NPHE" } { 1 "PHE" "CPHE" }
>>   { 0 "PRO" "NPRO" } { 1 "PRO" "CPRO" }
>>   { 0 "SER" "NSER" } { 1 "SER" "CSER" }
>>   { 0 "THR" "NTHR" } { 1 "THR" "CTHR" }
>>   { 0 "TRP" "NTRP" } { 1 "TRP" "CTRP" }
>>   { 0 "TYR" "NTYR" } { 1 "TYR" "CTYR" }
>>   { 0 "VAL" "NVAL" } { 1 "VAL" "CVAL" }
>>   { 0 "HIS" "NHIS" } { 1 "HIS" "CHIS" }
>> }
>> 
>> #
>> # assume that most often proteins use HIE
>> #
>> NHIS = NHIE
>> HIS = HIE
>> CHIS = CHIE
> 
> source leaprc.gaff
----- Source: /home/rotation/rliu/software/amber_master_cphmd_cu118/dat/leap/cmd/leaprc.gaff
----- Source of /home/rotation/rliu/software/amber_master_cphmd_cu118/dat/leap/cmd/leaprc.gaff done
>> logFile leap.log
log started: Tue Jun 11 16:12:55 2024

Log file: ./leap.log
>> #
>> # ----- leaprc for loading the general Amber Force field.
>> #       This file is mostly for use with Antechamber
>> #
>> #	load atom type hybridizations
>> #
>> addAtomTypes {
>> 	{ "h1"  "H" "sp3" }
>> 	{ "h2"  "H" "sp3" }
>> 	{ "h3"  "H" "sp3" }
>> 	{ "h4"  "H" "sp3" }
>> 	{ "h5"  "H" "sp3" }
>> 	{ "ha"  "H" "sp3" }
>> 	{ "hc"  "H" "sp3" }
>> 	{ "hn"  "H" "sp3" }
>> 	{ "ho"  "H" "sp3" }
>> 	{ "hp"  "H" "sp3" }
>> 	{ "hs"  "H" "sp3" }
>> 	{ "hw"  "H" "sp3" }
>> 	{ "hx"  "H" "sp3" }
>> 	{ "o"  "O" "sp2" }
>> 	{ "o2"  "O" "sp2" }
>> 	{ "oh"  "O" "sp3" }
>> 	{ "op"  "O" "sp3" }
>> 	{ "oq"  "O" "sp3" }
>> 	{ "os"  "O" "sp3" }
>> 	{ "ow"  "O" "sp3" }
>> 	{ "c"  "C" "sp2" }
>> 	{ "c1"  "C" "sp2" }
>> 	{ "c2"  "C" "sp2" }
>> 	{ "c3"  "C" "sp3" }
>> 	{ "ca"  "C" "sp2" }
>> 	{ "cc"  "C" "sp2" }
>> 	{ "cd"  "C" "sp2" }
>> 	{ "ce"  "C" "sp2" }
>> 	{ "cf"  "C" "sp2" }
>> 	{ "cg"  "C" "sp2" }
>> 	{ "ch"  "C" "sp2" }
>> 	{ "cp"  "C" "sp2" }
>> 	{ "cq"  "C" "sp2" }
>> 	{ "cu"  "C" "sp2" }
>> 	{ "cv"  "C" "sp2" }
>> 	{ "cx"  "C" "sp2" }
>> 	{ "cy"  "C" "sp2" }
>> 	{ "cz"  "C" "sp2" }
>> 	{ "n"   "N" "sp2" }
>> 	{ "n1"  "N" "sp2" }
>> 	{ "n2"  "N" "sp2" }
>> 	{ "n3"  "N" "sp3" }
>> 	{ "n4"  "N" "sp3" }
>> 	{ "na"  "N" "sp2" }
>> 	{ "nb"  "N" "sp2" }
>> 	{ "nc"  "N" "sp2" }
>> 	{ "nd"  "N" "sp2" }
>> 	{ "ne"  "N" "sp2" }
>> 	{ "nf"  "N" "sp2" }
>> 	{ "nh"  "N" "sp2" }
>> 	{ "ni"  "N" "sp2" }
>> 	{ "nj"  "N" "sp2" }
>> 	{ "nk"  "N" "sp3" }
>> 	{ "nl"  "N" "sp3" }
>> 	{ "nm"  "N" "sp2" }
>> 	{ "nn"  "N" "sp2" }
>> 	{ "no"  "N" "sp2" }
>> 	{ "np"  "N" "sp3" }
>> 	{ "nq"  "N" "sp3" }
>> 	{ "s"   "S" "sp2" }
>> 	{ "s2"   "S" "sp2" }
>> 	{ "s3"   "S" "sp3" }
>> 	{ "s4"   "S" "sp3" }
>> 	{ "s6"   "S" "sp3" }
>> 	{ "sh"   "S" "sp3" }
>> 	{ "sp"   "S" "sp3" }
>> 	{ "sq"   "S" "sp3" }
>> 	{ "ss"   "S" "sp3" }
>> 	{ "sx"   "S" "sp3" }
>> 	{ "sy"   "S" "sp3" }
>> 	{ "p2"   "P" "sp2" }
>> 	{ "p3"   "P" "sp3" }
>> 	{ "p4"   "P" "sp3" }
>> 	{ "p5"   "P" "sp3" }
>> 	{ "pb"   "P" "sp3" }
>> 	{ "pc"   "P" "sp3" }
>> 	{ "pd"   "P" "sp3" }
>> 	{ "pe"   "P" "sp3" }
>> 	{ "pf"   "P" "sp3" }
>> 	{ "px"   "P" "sp3" }
>> 	{ "py"   "P" "sp3" }
>> 	{ "f"   "F" "sp3" }
>> 	{ "cl"  "Cl" "sp3" }
>> 	{ "br"  "Br" "sp3" }
>> 	{ "i"   "I"  "sp3" }
>> }
>> #
>> #	Load the general force field parameter set.
>> #
>> gaff = loadamberparams gaff.dat
Loading parameters: /home/rotation/rliu/software/amber_master_cphmd_cu118/dat/leap/parm/gaff.dat
Reading title:
AMBER General Force Field for organic molecules (Version 1.81, May 2017)
> 
> source leaprc.water.opc
----- Source: /home/rotation/rliu/software/amber_master_cphmd_cu118/dat/leap/cmd/leaprc.water.opc
----- Source of /home/rotation/rliu/software/amber_master_cphmd_cu118/dat/leap/cmd/leaprc.water.opc done
>> #
>> #  Load OPC water model and ions for OPC + Li/Merz ion parameters
>> #  (-1 to +4, 12-6 normal usage set)
>> # 
>> addAtomTypes {
>> 	{ "F-"   "F" "sp3" }
>> 	{ "Cl-"  "Cl" "sp3" }
>> 	{ "Br-"  "Br" "sp3" }
>> 	{ "I-"   "I"  "sp3" }
>> 	{ "Li+"  "Li"  "sp3" }
>> 	{ "Na+"  "Na"  "sp3" }
>> 	{ "K+"  "K"  "sp3" }
>> 	{ "Rb+"  "Rb"  "sp3" }
>> 	{ "Cs+"  "Cs"  "sp3" }
>> 	{ "Mg+"  "Mg"  "sp3" }
>>     { "Tl+"  "Tl"  "sp3" }
>>     { "Cu+"  "Cu"  "sp3" }
>>     { "Ag+"  "Ag"  "sp3" }
>>     { "Be2+" "Be"  "sp3" }
>>     { "Cu2+" "Cu"  "sp3" }
>>     { "Ni2+" "Ni"  "sp3" }
>>     { "Pt2+" "Pt"  "sp3" }
>>     { "Zn2+" "Zn"  "sp3" }
>>     { "Co2+" "Co"  "sp3" }
>>     { "Pd2+" "Pd"  "sp3" }
>>     { "Ag2+" "Ag"  "sp3" }
>>     { "Cr2+" "Cr"  "sp3" }
>>     { "Fe2+" "Fe"  "sp3" }
>>     { "Mg2+" "Mg"  "sp3" }
>>     { "V2+"  "V"   "sp3" }
>>     { "Mn2+" "Mn"  "sp3" }
>>     { "Hg2+" "Hg"  "sp3" }
>>     { "Cd2+" "Cd"  "sp3" }
>>     { "Yb2+" "Yb"  "sp3" }
>>     { "Ca2+" "Ca"  "sp3" }
>>     { "Sn2+" "Sn"  "sp3" }
>>     { "Pb2+" "Pb"  "sp3" }
>>     { "Eu2+" "Eu"  "sp3" }
>>     { "Sr2+" "Sr"  "sp3" }
>>     { "Sm2+" "Sm"  "sp3" }
>>     { "Ba2+" "Ba"  "sp3" }
>>     { "Ra2+" "Ra"  "sp3" }
>>     { "Al3+" "Al"  "sp3" }
>>     { "Fe3+" "Fe"  "sp3" }
>>     { "Cr3+" "Cr"  "sp3" }
>>     { "In3+" "In"  "sp3" }
>>     { "Tl3+" "Tl"  "sp3" }
>>     { "Y3+"  "Y"   "sp3" }
>>     { "La3+" "La"  "sp3" }
>>     { "Ce3+" "Ce"  "sp3" }
>>     { "Pr3+" "Pr"  "sp3" }
>>     { "Nd3+" "Nd"  "sp3" }
>>     { "Sm3+" "Sm"  "sp3" }
>>     { "Eu3+" "Eu"  "sp3" }
>>     { "Gd3+" "Gd"  "sp3" }
>>     { "Tb3+" "Tb"  "sp3" }
>>     { "Dy3+" "Dy"  "sp3" }
>>     { "Er3+" "Er"  "sp3" }
>>     { "Tm3+" "Tm"  "sp3" }
>>     { "Lu3+" "Lu"  "sp3" }
>>     { "Hf4+" "Hf"  "sp3" }
>>     { "Zr4+" "Zr"  "sp3" }
>>     { "Ce4+" "Ce"  "sp3" }
>>     { "U4+"  "U"   "sp3" }
>>     { "Pu4+" "Pu"  "sp3" }
>>     { "Th4+" "Th"  "sp3" }
>>     { "OW"   "O"   "sp3" }
>>     { "HW"   "H"   "sp3" }
>>     { "EP"   ""    "sp3" }
>> }
>> loadOff atomic_ions.lib
Loading library: /home/rotation/rliu/software/amber_master_cphmd_cu118/dat/leap/lib/atomic_ions.lib
Loading: AG
Loading: AL
Loading: Ag
Loading: BA
Loading: BR
Loading: Be
Loading: CA
Loading: CD
Loading: CE
Loading: CL
Loading: CO
Loading: CR
Loading: CS
Loading: CU
Loading: CU1
Loading: Ce
Loading: Cl-
Loading: Cr
Loading: Dy
Loading: EU
Loading: EU3
Loading: Er
Loading: F
Loading: FE
Loading: FE2
Loading: GD3
Loading: H3O+
Loading: HE+
Loading: HG
Loading: HZ+
Loading: Hf
Loading: IN
Loading: IOD
Loading: K
Loading: K+
Loading: LA
Loading: LI
Loading: LU
Loading: MG
Loading: MN
Loading: NA
Loading: NH4
Loading: NI
Loading: Na+
Loading: Nd
Loading: PB
Loading: PD
Loading: PR
Loading: PT
Loading: Pu
Loading: RB
Loading: Ra
Loading: SM
Loading: SR
Loading: Sm
Loading: Sn
Loading: TB
Loading: TL
Loading: Th
Loading: Tl
Loading: Tm
Loading: U4+
Loading: V2+
Loading: Y
Loading: YB2
Loading: ZN
Loading: Zr
>> loadOff solvents.lib
Loading library: /home/rotation/rliu/software/amber_master_cphmd_cu118/dat/leap/lib/solvents.lib
Loading: CHCL3BOX
Loading: DC4
Loading: FB3
Loading: FB3BOX
Loading: FB4
Loading: FB4BOX
Loading: MEOHBOX
Loading: NMABOX
Loading: O3P
Loading: OP3
Loading: OPC
Loading: OPC3BOX
Loading: OPC3POLBOX
Loading: OPCBOX
Loading: PL3
Loading: POL3BOX
Loading: QSPCFWBOX
Loading: SPC
Loading: SPCBOX
Loading: SPCFWBOX
Loading: SPF
Loading: SPG
Loading: T4E
Loading: TIP3PBOX
Loading: TIP3PFBOX
Loading: TIP4PBOX
Loading: TIP4PEWBOX
Loading: TIP5PBOX
Loading: TP3
Loading: TP4
Loading: TP5
Loading: TPF
>> HOH = OPC
>> WAT = OPC
>> loadAmberParams frcmod.opc
Loading parameters: /home/rotation/rliu/software/amber_master_cphmd_cu118/dat/leap/parm/frcmod.opc
Reading force field modification type file (frcmod)
Reading title:
Parameters for OPC water (JPCL, 2014, 5 (21), pp 3863-3871)
(UNKNOWN ATOM TYPE: EP)
>> loadAmberParams frcmod.ionslm_126_opc
Loading parameters: /home/rotation/rliu/software/amber_master_cphmd_cu118/dat/leap/parm/frcmod.ionslm_126_opc
Reading force field modification type file (frcmod)
Reading title:
Li/Merz ion parameters of atomic ions for the OPC water model (12-6 set)
>> 
> 
> set default PBradii mbondi
Using modified Bondi radii
> loadamberparams frcmod.phmd
Loading parameters: ./frcmod.phmd
Reading force field modification type file (frcmod)
Reading title:
!Force field modifications for continuous phmd simulations (Feb 2018)
> loadoff phmd.lib
Loading library: ./phmd.lib
Loading: AS2
Loading: GL2
> model = loadpdb 2lzt_ready.pdb
Loading PDB file: ./2lzt_ready.pdb

Warning: Name change in pdb file residue 1 ;
this residue is split into ACE and LYS.

Warning: Name change in pdb file residue 129 ;
this residue is split into LEU and NHE.

Note: 2 residues had naming warnings.
Thus, there are split residues;
residue sequence numbers will not correspond to those in the pdb.
Matching PDB residue names to LEaP variables.
Starting new chain with OPC
Starting new chain with OPC
Starting new chain with OPC
Starting new chain with OPC
Starting new chain with OPC
Starting new chain with OPC
Starting new chain with OPC
Starting new chain with OPC
Starting new chain with OPC
Starting new chain with OPC
Starting new chain with OPC
Starting new chain with OPC
Starting new chain with OPC
Starting new chain with OPC
Starting new chain with OPC
Starting new chain with OPC
Starting new chain with OPC
Starting new chain with OPC
Starting new chain with OPC
Starting new chain with OPC
Starting new chain with OPC
Starting new chain with OPC
Starting new chain with OPC
Starting new chain with OPC
Starting new chain with OPC
Starting new chain with OPC
Starting new chain with OPC
Starting new chain with OPC
Starting new chain with OPC
Starting new chain with OPC
Starting new chain with OPC
Starting new chain with OPC
Starting new chain with OPC
Starting new chain with OPC
Starting new chain with OPC
Starting new chain with OPC
Starting new chain with OPC
Starting new chain with OPC
Starting new chain with OPC
Starting new chain with OPC
Starting new chain with OPC
Starting new chain with OPC
Starting new chain with OPC
Starting new chain with OPC
Starting new chain with OPC
Starting new chain with OPC
Starting new chain with OPC
Starting new chain with OPC
Starting new chain with OPC
Starting new chain with OPC
Starting new chain with OPC
Starting new chain with OPC
Starting new chain with OPC
Starting new chain with OPC
Starting new chain with OPC
Starting new chain with OPC
Starting new chain with OPC
Starting new chain with OPC
Starting new chain with OPC
Starting new chain with OPC
Starting new chain with OPC
Starting new chain with OPC
Starting new chain with OPC
Starting new chain with OPC
Starting new chain with OPC
Starting new chain with OPC
Starting new chain with OPC
Starting new chain with OPC
Starting new chain with OPC
Starting new chain with OPC
Starting new chain with OPC
Starting new chain with OPC
Starting new chain with OPC
Starting new chain with OPC
Starting new chain with OPC
Starting new chain with OPC
Starting new chain with OPC
Starting new chain with OPC
Starting new chain with OPC
Starting new chain with OPC
Starting new chain with OPC
Starting new chain with OPC
Starting new chain with OPC
Starting new chain with OPC
Starting new chain with OPC
Starting new chain with OPC
Starting new chain with OPC
Starting new chain with OPC
Starting new chain with OPC
Starting new chain with OPC
Starting new chain with OPC
Starting new chain with OPC
Starting new chain with OPC
Starting new chain with OPC
Starting new chain with OPC
Starting new chain with OPC
Starting new chain with OPC
Starting new chain with OPC
Starting new chain with OPC
Starting new chain with OPC
Starting new chain with OPC
Starting new chain with OPC
Starting new chain with OPC
Starting new chain with OPC
Starting new chain with OPC
Starting new chain with OPC
Starting new chain with OPC
Starting new chain with OPC
Starting new chain with OPC
Starting new chain with OPC
Starting new chain with OPC
Starting new chain with OPC
Starting new chain with OPC
Starting new chain with OPC
Starting new chain with OPC
Starting new chain with OPC
Starting new chain with OPC
Starting new chain with OPC
Starting new chain with OPC
Starting new chain with OPC
Starting new chain with OPC
Starting new chain with OPC
Starting new chain with OPC
Starting new chain with OPC
Starting new chain with OPC
Starting new chain with OPC
Starting new chain with OPC
Starting new chain with OPC
Starting new chain with OPC
Starting new chain with OPC
Starting new chain with OPC
Starting new chain with OPC
Starting new chain with OPC
Starting new chain with OPC
Starting new chain with OPC
Starting new chain with OPC
Starting new chain with OPC
Starting new chain with OPC
Starting new chain with OPC
Starting new chain with OPC
Starting new chain with OPC
Starting new chain with OPC
Starting new chain with OPC
Starting new chain with OPC
Starting new chain with OPC
Starting new chain with OPC
Starting new chain with OPC
Starting new chain with OPC
Starting new chain with OPC
Starting new chain with OPC
Starting new chain with OPC
Starting new chain with OPC
Starting new chain with OPC
Starting new chain with OPC
Starting new chain with OPC
Starting new chain with OPC
Starting new chain with OPC
Starting new chain with OPC
Starting new chain with OPC
Starting new chain with OPC
Starting new chain with OPC
Starting new chain with OPC
Starting new chain with OPC
Starting new chain with OPC
Starting new chain with OPC
Starting new chain with OPC
Starting new chain with OPC
Starting new chain with OPC
Starting new chain with OPC
Starting new chain with OPC
Starting new chain with OPC
Starting new chain with OPC
Starting new chain with OPC
Starting new chain with OPC
Starting new chain with OPC
Starting new chain with OPC
Starting new chain with OPC
Starting new chain with OPC
Starting new chain with OPC
Starting new chain with OPC
Starting new chain with OPC
Starting new chain with OPC
Starting new chain with OPC
Starting new chain with OPC
Starting new chain with OPC
Starting new chain with OPC
Starting new chain with OPC
Starting new chain with OPC
Starting new chain with OPC
Starting new chain with OPC
Starting new chain with OPC
Starting new chain with OPC
Starting new chain with OPC
Starting new chain with OPC
Starting new chain with OPC
Starting new chain with OPC
Starting new chain with OPC
Starting new chain with OPC
  total atoms in file: 2582
  Leap added 207 missing atoms according to residue templates:
       207 H / lone pairs
> solvateoct model OPCBOX 15 0.75
Scaling up box by a factor of 1.299764 to meet diagonal cut criterion
  Solute vdw bounding box:              37.665 48.535 58.386
  Total bounding box for atom centers:  97.379 97.379 97.379
      (box expansion for 'iso' is  41.3%)
  Solvent unit box:                     18.865 18.478 19.006
The number of boxes:  x= 6  y= 6  z= 6
  Volume: 476073.422 A^3 (oct)
  Total mass 263741.058 amu,  Density 0.920 g/cc
  Added 13642 residues.
> charge model
Total unperturbed charge:  18.000000
Total perturbed charge:    18.000000
> addions model Cl- 29
Adding 29 counter ions to "model" using 1A grid
Total solute charge:  18.00  Max atom radius:   1.98
Grid extends from solute vdw + 7.33  to  13.32
Box:
   enclosing:  -35.95 -34.71 -23.49   24.71 35.50 35.86
   sized:			      92.05 93.29 104.51
   edge:        128.00
Resolution:      1.00 Angstrom.
Tree depth: 7
Volume =  2.46% of box, grid points 51509
Solvent present: replacing closest with ion
	 when steric overlaps occur
Calculating grid charges
(Replacing solvent molecule)
Placed Cl- in model at (5.64, 13.20, -11.43).
(Replacing solvent molecule)
Placed Cl- in model at (17.33, 5.47, 6.02).
(Replacing solvent molecule)
Placed Cl- in model at (-22.90, 8.57, -6.19).
(Replacing solvent molecule)
Placed Cl- in model at (-12.74, -13.77, 19.63).
(Replacing solvent molecule)
Placed Cl- in model at (-5.33, 24.78, 10.70).
(Replacing solvent molecule)
Placed Cl- in model at (-8.59, 12.48, -13.27).
(Replacing solvent molecule)
Placed Cl- in model at (-15.81, 7.32, 21.91).
(Replacing solvent molecule)
Placed Cl- in model at (-6.74, -16.81, -11.60).
(Replacing solvent molecule)
Placed Cl- in model at (10.20, 5.04, 19.30).
(Replacing solvent molecule)
Placed Cl- in model at (-1.88, 24.32, -7.51).
(Replacing solvent molecule)
Placed Cl- in model at (4.37, -10.72, 15.74).
(Replacing solvent molecule)
Placed Cl- in model at (8.12, 26.65, 5.02).
(Replacing solvent molecule)
Placed Cl- in model at (-23.35, -18.79, 14.31).
(Replacing solvent molecule)
Placed Cl- in model at (-18.39, 16.93, 4.11).
(Replacing solvent molecule)
Placed Cl- in model at (-4.12, -28.09, 1.59).
(Replacing solvent molecule)
Placed Cl- in model at (18.57, 14.32, -3.31).
(Replacing solvent molecule)
Placed Cl- in model at (-9.70, -0.09, -17.40).
(Replacing solvent molecule)
Placed Cl- in model at (-6.30, -3.18, 28.81).
(Replacing solvent molecule)
Placed Cl- in model at (-30.49, -1.63, 7.42).
(Replacing solvent molecule)
Placed Cl- in model at (6.39, 21.12, 20.50).
(Replacing solvent molecule)
Placed Cl- in model at (8.17, -0.33, -13.38).
(Replacing solvent molecule)
Placed Cl- in model at (-24.58, -22.38, -1.30).
(Replacing solvent molecule)
Placed Cl- in model at (9.25, -15.81, 0.15).
(Replacing solvent molecule)
Placed Cl- in model at (-7.15, 17.47, 22.11).
(Replacing solvent molecule)
Placed Cl- in model at (13.90, -3.86, 10.33).
(Replacing solvent molecule)
Placed Cl- in model at (15.30, 0.89, 15.62).
(Replacing solvent molecule)
Placed Cl- in model at (17.65, 6.99, 13.56).
(Replacing solvent molecule)
Placed Cl- in model at (-22.30, -10.43, -14.33).
(Replacing solvent molecule)
Placed Cl- in model at (-11.96, 21.10, -4.02).

Done adding ions.
> addions model Na+ 21
Adding 21 counter ions to "model" using 1A grid
Total solute charge:  -11.00  Max atom radius:   2.36
Grid extends from solute vdw + 4.11  to  10.47
Box:
   enclosing:  -40.96 -38.56 -27.87   29.04 37.12 39.28
   sized:			      87.04 89.44 100.13
   edge:        128.00
Resolution:      1.00 Angstrom.
Tree depth: 7
Volume =  2.96% of box, grid points 62041
Solvent present: replacing closest with ion
	 when steric overlaps occur
Calculating grid charges
(Replacing solvent molecule)
Placed Na+ in model at (17.97, -1.10, 11.01).
(Replacing solvent molecule)
Placed Na+ in model at (15.95, 6.23, 18.93).
(Replacing solvent molecule)
Placed Na+ in model at (-18.55, 19.08, -3.28).
(Replacing solvent molecule)
Placed Na+ in model at (18.33, 9.47, -0.05).
(Replacing solvent molecule)
Placed Na+ in model at (-5.61, 21.47, 18.66).
(Replacing solvent molecule)
Placed Na+ in model at (10.46, -10.32, 12.35).
(Replacing solvent molecule)
Placed Na+ in model at (-19.50, -17.98, 18.34).
(Replacing solvent molecule)
Placed Na+ in model at (-9.65, 24.72, -7.91).
(Replacing solvent molecule)
Placed Na+ in model at (-16.96, -9.17, -20.56).
(Replacing solvent molecule)
Placed Na+ in model at (22.64, 8.08, 9.12).
(Replacing solvent molecule)
Placed Na+ in model at (-10.12, 7.96, -17.56).
(Replacing solvent molecule)
Placed Na+ in model at (-28.64, -22.85, -6.68).
(Replacing solvent molecule)
Placed Na+ in model at (-10.21, 12.13, 23.61).
(Replacing solvent molecule)
Placed Na+ in model at (0.07, -33.35, -0.40).
(Replacing solvent molecule)
Placed Na+ in model at (-4.89, -4.07, 34.53).
(Replacing solvent molecule)
Placed Na+ in model at (5.07, 29.66, 8.98).
(Replacing solvent molecule)
Placed Na+ in model at (-35.22, -1.16, 7.36).
(Replacing solvent molecule)
Placed Na+ in model at (13.61, -16.41, -4.58).
(Replacing solvent molecule)
Placed Na+ in model at (11.61, 2.73, -16.84).
(Replacing solvent molecule)
Placed Na+ in model at (8.56, 24.02, 25.10).
(Replacing solvent molecule)
Placed Na+ in model at (-5.94, -21.34, -15.43).

Done adding ions.
> charge model
Total unperturbed charge:  10.000000
Total perturbed charge:    10.000000
> savepdb model 2lzt_cphmd.pdb
Writing pdb file: 2lzt_cphmd.pdb
   printing CRYST1 record to PDB file with box info
> saveamberparm model 2lzt_cphmd.prmtop 2lzt_cphmd.rst7
Checking Unit.

Warning: The unperturbed charge of the unit (10.000000) is not zero.

Note: Ignoring the warnings from Unit Checking.

Building topology.
Building atom parameters.
Building bond parameters.
Building angle parameters.
Building proper torsion parameters.
Building improper torsion parameters.
 total 442 improper torsions applied
Building H-Bond parameters.
Incorporating Non-Bonded adjustments.
Not Marking per-residue atom chain types.
Marking per-residue atom chain types.
  (Residues lacking connect0/connect1 - 
   these don't have chain types marked:

	res	total affected

	WAT	197
  )
 (no restraints)
> exit()

Error: Error from the parser: 
       syntax error.
       Check for typos, misspellings, etc.
       Try help on the command name and desc on the command arguments.

> quit
	Quit

Exiting LEaP: Errors = 1; Warnings = 3; Notes = 2.
